[0.010s] Invoking command in '/home/robo/ros2_dy_ws/src/build/cpp_pubsub': CMAKE_PREFIX_PATH=/opt/ros/humble /home/robo/.local/bin/cmake /home/robo/ros2_dy_ws/src/cpp_pubsub -DAMENT_CMAKE_SYMLINK_INSTALL=1 -DCMAKE_INSTALL_PREFIX=/home/robo/ros2_dy_ws/src/install/cpp_pubsub
[0.104s] -- The C compiler identification is GNU 11.4.0
[0.177s] -- The CXX compiler identification is GNU 11.4.0
[0.192s] -- Detecting C compiler ABI info
[0.234s] -- Detecting C compiler ABI info - done
[0.247s] -- Check for working C compiler: /usr/bin/cc - skipped
[0.247s] -- Detecting C compile features
[0.248s] -- Detecting C compile features - done
[0.254s] -- Detecting CXX compiler ABI info
[0.299s] -- Detecting CXX compiler ABI info - done
[0.312s] -- Check for working CXX compiler: /usr/bin/c++ - skipped
[0.312s] -- Detecting CXX compile features
[0.312s] -- Detecting CXX compile features - done
[0.313s] -- Found ament_cmake: 1.3.5 (/opt/ros/humble/share/ament_cmake/cmake)
[0.467s] -- Override CMake install command with custom implementation using symlinks instead of copying resources
[0.480s] -- Found rclcpp: 16.0.5 (/opt/ros/humble/share/rclcpp/cmake)
[0.519s] -- Found rosidl_generator_c: 3.1.5 (/opt/ros/humble/share/rosidl_generator_c/cmake)
[0.523s] -- Found rosidl_adapter: 3.1.5 (/opt/ros/humble/share/rosidl_adapter/cmake)
[0.532s] -- Found rosidl_generator_cpp: 3.1.5 (/opt/ros/humble/share/rosidl_generator_cpp/cmake)
[0.545s] -- Using all available rosidl_typesupport_c: rosidl_typesupport_fastrtps_c;rosidl_typesupport_introspection_c
[0.568s] -- Using all available rosidl_typesupport_cpp: rosidl_typesupport_fastrtps_cpp;rosidl_typesupport_introspection_cpp
[0.649s] -- Found rmw_implementation_cmake: 6.1.1 (/opt/ros/humble/share/rmw_implementation_cmake/cmake)
[0.651s] -- Found rmw_fastrtps_cpp: 6.2.3 (/opt/ros/humble/share/rmw_fastrtps_cpp/cmake)
[0.756s] -- Using RMW implementation 'rmw_fastrtps_cpp' as default
[1.025s] -- Configuring done (1.0s)
[1.041s] -- Generating done (0.0s)
[1.043s] -- Build files have been written to: /home/robo/ros2_dy_ws/src/build/cpp_pubsub
[1.057s] Invoked command in '/home/robo/ros2_dy_ws/src/build/cpp_pubsub' returned '0': CMAKE_PREFIX_PATH=/opt/ros/humble /home/robo/.local/bin/cmake /home/robo/ros2_dy_ws/src/cpp_pubsub -DAMENT_CMAKE_SYMLINK_INSTALL=1 -DCMAKE_INSTALL_PREFIX=/home/robo/ros2_dy_ws/src/install/cpp_pubsub
[1.057s] Invoking command in '/home/robo/ros2_dy_ws/src/build/cpp_pubsub': CMAKE_PREFIX_PATH=/opt/ros/humble /home/robo/.local/bin/cmake --build /home/robo/ros2_dy_ws/src/build/cpp_pubsub -- -j12 -l12
[1.109s] [ 25%] [32mBuilding CXX object CMakeFiles/talker.dir/src/publisher_member_function.cpp.o[0m
[1.109s] [ 50%] [32mBuilding CXX object CMakeFiles/listener.dir/src/subscriber_member_function.cpp.o[0m
[3.994s] [ 75%] [32m[1mLinking CXX executable talker[0m
[4.112s] [ 75%] Built target talker
[6.297s] [100%] [32m[1mLinking CXX executable listener[0m
[6.508s] [100%] Built target listener
[6.517s] Invoked command in '/home/robo/ros2_dy_ws/src/build/cpp_pubsub' returned '0': CMAKE_PREFIX_PATH=/opt/ros/humble /home/robo/.local/bin/cmake --build /home/robo/ros2_dy_ws/src/build/cpp_pubsub -- -j12 -l12
[6.547s] Invoking command in '/home/robo/ros2_dy_ws/src/build/cpp_pubsub': CMAKE_PREFIX_PATH=/opt/ros/humble /home/robo/.local/bin/cmake --install /home/robo/ros2_dy_ws/src/build/cpp_pubsub
[6.562s] -- Install configuration: ""
[6.563s] -- Execute custom install script
[6.563s] -- Symlinking: /home/robo/ros2_dy_ws/src/install/cpp_pubsub/lib/cpp_pubsub/talker
[6.565s] -- Symlinking: /home/robo/ros2_dy_ws/src/install/cpp_pubsub/lib/cpp_pubsub/listener
[6.567s] -- Symlinking: /home/robo/ros2_dy_ws/src/install/cpp_pubsub/share/ament_index/resource_index/package_run_dependencies/cpp_pubsub
[6.569s] -- Symlinking: /home/robo/ros2_dy_ws/src/install/cpp_pubsub/share/ament_index/resource_index/parent_prefix_path/cpp_pubsub
[6.570s] -- Symlinking: /home/robo/ros2_dy_ws/src/install/cpp_pubsub/share/cpp_pubsub/environment/ament_prefix_path.sh
[6.572s] -- Symlinking: /home/robo/ros2_dy_ws/src/install/cpp_pubsub/share/cpp_pubsub/environment/ament_prefix_path.dsv
[6.573s] -- Symlinking: /home/robo/ros2_dy_ws/src/install/cpp_pubsub/share/cpp_pubsub/environment/path.sh
[6.575s] -- Symlinking: /home/robo/ros2_dy_ws/src/install/cpp_pubsub/share/cpp_pubsub/environment/path.dsv
[6.576s] -- Symlinking: /home/robo/ros2_dy_ws/src/install/cpp_pubsub/share/cpp_pubsub/local_setup.bash
[6.578s] -- Symlinking: /home/robo/ros2_dy_ws/src/install/cpp_pubsub/share/cpp_pubsub/local_setup.sh
[6.579s] -- Symlinking: /home/robo/ros2_dy_ws/src/install/cpp_pubsub/share/cpp_pubsub/local_setup.zsh
[6.581s] -- Symlinking: /home/robo/ros2_dy_ws/src/install/cpp_pubsub/share/cpp_pubsub/local_setup.dsv
[6.583s] -- Symlinking: /home/robo/ros2_dy_ws/src/install/cpp_pubsub/share/cpp_pubsub/package.dsv
[6.584s] -- Symlinking: /home/robo/ros2_dy_ws/src/install/cpp_pubsub/share/ament_index/resource_index/packages/cpp_pubsub
[6.586s] -- Symlinking: /home/robo/ros2_dy_ws/src/install/cpp_pubsub/share/cpp_pubsub/cmake/cpp_pubsubConfig.cmake
[6.588s] -- Symlinking: /home/robo/ros2_dy_ws/src/install/cpp_pubsub/share/cpp_pubsub/cmake/cpp_pubsubConfig-version.cmake
[6.590s] -- Symlinking: /home/robo/ros2_dy_ws/src/install/cpp_pubsub/share/cpp_pubsub/package.xml
[6.597s] Invoked command in '/home/robo/ros2_dy_ws/src/build/cpp_pubsub' returned '0': CMAKE_PREFIX_PATH=/opt/ros/humble /home/robo/.local/bin/cmake --install /home/robo/ros2_dy_ws/src/build/cpp_pubsub
