[0.008s] Invoking command in '/home/robo/ros2_dy_ws/src/build/cpp_pubsub': CMAKE_PREFIX_PATH=/opt/ros/humble /usr/bin/cmake /home/robo/ros2_dy_ws/src/cpp_pubsub -DCMAKE_INSTALL_PREFIX=/home/robo/ros2_dy_ws/src/install/cpp_pubsub
[0.044s] -- The C compiler identification is GNU 11.4.0
[0.075s] -- The CXX compiler identification is GNU 11.4.0
[0.079s] -- Detecting C compiler ABI info
[0.115s] -- Detecting C compiler ABI info - done
[0.119s] -- Check for working C compiler: /usr/bin/cc - skipped
[0.119s] -- Detecting C compile features
[0.120s] -- Detecting C compile features - done
[0.121s] -- Detecting CXX compiler ABI info
[0.168s] -- Detecting CXX compiler ABI info - done
[0.172s] -- Check for working CXX compiler: /usr/bin/c++ - skipped
[0.172s] -- Detecting CXX compile features
[0.172s] -- Detecting CXX compile features - done
[0.174s] -- Found ament_cmake: 1.3.5 (/opt/ros/humble/share/ament_cmake/cmake)
[0.267s] -- Found Python3: /usr/bin/python3.10 (found version "3.10.12") found components: Interpreter 
[0.312s] -- Found rclcpp: 16.0.5 (/opt/ros/humble/share/rclcpp/cmake)
[0.333s] -- Found rosidl_generator_c: 3.1.5 (/opt/ros/humble/share/rosidl_generator_c/cmake)
[0.335s] -- Found rosidl_adapter: 3.1.5 (/opt/ros/humble/share/rosidl_adapter/cmake)
[0.339s] -- Found rosidl_generator_cpp: 3.1.5 (/opt/ros/humble/share/rosidl_generator_cpp/cmake)
[0.346s] -- Using all available rosidl_typesupport_c: rosidl_typesupport_fastrtps_c;rosidl_typesupport_introspection_c
[0.356s] -- Using all available rosidl_typesupport_cpp: rosidl_typesupport_fastrtps_cpp;rosidl_typesupport_introspection_cpp
[0.393s] -- Found rmw_implementation_cmake: 6.1.1 (/opt/ros/humble/share/rmw_implementation_cmake/cmake)
[0.394s] -- Found rmw_fastrtps_cpp: 6.2.3 (/opt/ros/humble/share/rmw_fastrtps_cpp/cmake)
[0.441s] -- Found OpenSSL: /usr/lib/x86_64-linux-gnu/libcrypto.so (found version "3.0.2")  
[0.456s] -- Found FastRTPS: /opt/ros/humble/include  
[0.480s] -- Using RMW implementation 'rmw_fastrtps_cpp' as default
[0.485s] -- Looking for pthread.h
[0.523s] -- Looking for pthread.h - found
[0.523s] -- Performing Test CMAKE_HAVE_LIBC_PTHREAD
[0.562s] -- Performing Test CMAKE_HAVE_LIBC_PTHREAD - Success
[0.563s] -- Found Threads: TRUE  
[0.690s] -- Configuring done
[0.695s] -- Generating done
[0.696s] -- Build files have been written to: /home/robo/ros2_dy_ws/src/build/cpp_pubsub
[0.702s] Invoked command in '/home/robo/ros2_dy_ws/src/build/cpp_pubsub' returned '0': CMAKE_PREFIX_PATH=/opt/ros/humble /usr/bin/cmake /home/robo/ros2_dy_ws/src/cpp_pubsub -DCMAKE_INSTALL_PREFIX=/home/robo/ros2_dy_ws/src/install/cpp_pubsub
[0.704s] Invoking command in '/home/robo/ros2_dy_ws/src/build/cpp_pubsub': CMAKE_PREFIX_PATH=/opt/ros/humble /usr/bin/cmake --build /home/robo/ros2_dy_ws/src/build/cpp_pubsub -- -j12 -l12
[0.729s] [ 50%] [32mBuilding CXX object CMakeFiles/listener.dir/src/subscriber_member_function.cpp.o[0m
[0.729s] [ 50%] [32mBuilding CXX object CMakeFiles/talker.dir/src/publisher_member_function.cpp.o[0m
[3.274s] [ 75%] [32m[1mLinking CXX executable talker[0m
[3.384s] [ 75%] Built target talker
[5.320s] [100%] [32m[1mLinking CXX executable listener[0m
[5.518s] [100%] Built target listener
[5.524s] Invoked command in '/home/robo/ros2_dy_ws/src/build/cpp_pubsub' returned '0': CMAKE_PREFIX_PATH=/opt/ros/humble /usr/bin/cmake --build /home/robo/ros2_dy_ws/src/build/cpp_pubsub -- -j12 -l12
[5.542s] Invoking command in '/home/robo/ros2_dy_ws/src/build/cpp_pubsub': CMAKE_PREFIX_PATH=/opt/ros/humble /usr/bin/cmake --install /home/robo/ros2_dy_ws/src/build/cpp_pubsub
[5.545s] -- Install configuration: ""
[5.545s] -- Installing: /home/robo/ros2_dy_ws/src/install/cpp_pubsub/lib/cpp_pubsub/talker
[5.546s] -- Set runtime path of "/home/robo/ros2_dy_ws/src/install/cpp_pubsub/lib/cpp_pubsub/talker" to ""
[5.546s] -- Installing: /home/robo/ros2_dy_ws/src/install/cpp_pubsub/lib/cpp_pubsub/listener
[5.549s] -- Set runtime path of "/home/robo/ros2_dy_ws/src/install/cpp_pubsub/lib/cpp_pubsub/listener" to ""
[5.549s] -- Installing: /home/robo/ros2_dy_ws/src/install/cpp_pubsub/share/ament_index/resource_index/package_run_dependencies/cpp_pubsub
[5.549s] -- Installing: /home/robo/ros2_dy_ws/src/install/cpp_pubsub/share/ament_index/resource_index/parent_prefix_path/cpp_pubsub
[5.549s] -- Installing: /home/robo/ros2_dy_ws/src/install/cpp_pubsub/share/cpp_pubsub/environment/ament_prefix_path.sh
[5.549s] -- Installing: /home/robo/ros2_dy_ws/src/install/cpp_pubsub/share/cpp_pubsub/environment/ament_prefix_path.dsv
[5.550s] -- Installing: /home/robo/ros2_dy_ws/src/install/cpp_pubsub/share/cpp_pubsub/environment/path.sh
[5.550s] -- Installing: /home/robo/ros2_dy_ws/src/install/cpp_pubsub/share/cpp_pubsub/environment/path.dsv
[5.550s] -- Installing: /home/robo/ros2_dy_ws/src/install/cpp_pubsub/share/cpp_pubsub/local_setup.bash
[5.550s] -- Installing: /home/robo/ros2_dy_ws/src/install/cpp_pubsub/share/cpp_pubsub/local_setup.sh
[5.550s] -- Installing: /home/robo/ros2_dy_ws/src/install/cpp_pubsub/share/cpp_pubsub/local_setup.zsh
[5.550s] -- Installing: /home/robo/ros2_dy_ws/src/install/cpp_pubsub/share/cpp_pubsub/local_setup.dsv
[5.550s] -- Installing: /home/robo/ros2_dy_ws/src/install/cpp_pubsub/share/cpp_pubsub/package.dsv
[5.550s] -- Installing: /home/robo/ros2_dy_ws/src/install/cpp_pubsub/share/ament_index/resource_index/packages/cpp_pubsub
[5.550s] -- Installing: /home/robo/ros2_dy_ws/src/install/cpp_pubsub/share/cpp_pubsub/cmake/cpp_pubsubConfig.cmake
[5.550s] -- Installing: /home/robo/ros2_dy_ws/src/install/cpp_pubsub/share/cpp_pubsub/cmake/cpp_pubsubConfig-version.cmake
[5.550s] -- Installing: /home/robo/ros2_dy_ws/src/install/cpp_pubsub/share/cpp_pubsub/package.xml
[5.553s] Invoked command in '/home/robo/ros2_dy_ws/src/build/cpp_pubsub' returned '0': CMAKE_PREFIX_PATH=/opt/ros/humble /usr/bin/cmake --install /home/robo/ros2_dy_ws/src/build/cpp_pubsub
