[0.164s] DEBUG:colcon:Command line arguments: ['/usr/bin/colcon', 'build', '--symlink-install']
[0.164s] DEBUG:colcon:Parsed command line arguments: Namespace(log_base=None, log_level=None, verb_name='build', build_base='build', install_base='install', merge_install=False, symlink_install=True, test_result_base=None, continue_on_error=False, executor='parallel', parallel_workers=12, event_handlers=None, ignore_user_meta=False, metas=['./colcon.meta'], base_paths=['.'], packages_ignore=None, packages_ignore_regex=None, paths=None, packages_up_to=None, packages_up_to_regex=None, packages_above=None, packages_above_and_dependencies=None, packages_above_depth=None, packages_select_by_dep=None, packages_skip_by_dep=None, packages_skip_up_to=None, packages_select_build_failed=False, packages_skip_build_finished=False, packages_select_test_failures=False, packages_skip_test_passed=False, packages_select=None, packages_skip=None, packages_select_regex=None, packages_skip_regex=None, packages_start=None, packages_end=None, allow_overriding=[], cmake_args=None, cmake_target=None, cmake_target_skip_unavailable=False, cmake_clean_cache=False, cmake_clean_first=False, cmake_force_configure=False, ament_cmake_args=None, catkin_cmake_args=None, catkin_skip_building_tests=False, verb_parser=<colcon_defaults.argument_parser.defaults.DefaultArgumentsDecorator object at 0x7ff0adfe9a50>, verb_extension=<colcon_core.verb.build.BuildVerb object at 0x7ff0ae856440>, main=<bound method BuildVerb.main of <colcon_core.verb.build.BuildVerb object at 0x7ff0ae856440>>)
[0.194s] Level 1:colcon.colcon_core.package_discovery:discover_packages(colcon_meta) check parameters
[0.194s] Level 1:colcon.colcon_core.package_discovery:discover_packages(recursive) check parameters
[0.194s] Level 1:colcon.colcon_core.package_discovery:discover_packages(ignore) check parameters
[0.194s] Level 1:colcon.colcon_core.package_discovery:discover_packages(path) check parameters
[0.194s] Level 1:colcon.colcon_core.package_discovery:discover_packages(colcon_meta) discover
[0.194s] Level 1:colcon.colcon_core.package_discovery:discover_packages(recursive) discover
[0.194s] INFO:colcon.colcon_core.package_discovery:Crawling recursively for packages in '/home/robo/ros2_dy_ws/src'
[0.194s] Level 1:colcon.colcon_core.package_identification:_identify(.) by extensions ['ignore', 'ignore_ament_install']
[0.194s] Level 1:colcon.colcon_core.package_identification:_identify(.) by extension 'ignore'
[0.194s] Level 1:colcon.colcon_core.package_identification:_identify(.) by extension 'ignore_ament_install'
[0.194s] Level 1:colcon.colcon_core.package_identification:_identify(.) by extensions ['colcon_pkg']
[0.194s] Level 1:colcon.colcon_core.package_identification:_identify(.) by extension 'colcon_pkg'
[0.194s] Level 1:colcon.colcon_core.package_identification:_identify(.) by extensions ['colcon_meta']
[0.194s] Level 1:colcon.colcon_core.package_identification:_identify(.) by extension 'colcon_meta'
[0.194s] Level 1:colcon.colcon_core.package_identification:_identify(.) by extensions ['ros']
[0.194s] Level 1:colcon.colcon_core.package_identification:_identify(.) by extension 'ros'
[0.202s] Level 1:colcon.colcon_core.package_identification:_identify(.) by extensions ['cmake', 'python']
[0.202s] Level 1:colcon.colcon_core.package_identification:_identify(.) by extension 'cmake'
[0.202s] Level 1:colcon.colcon_core.package_identification:_identify(.) by extension 'python'
[0.202s] Level 1:colcon.colcon_core.package_identification:_identify(.) by extensions ['python_setup_py']
[0.202s] Level 1:colcon.colcon_core.package_identification:_identify(.) by extension 'python_setup_py'
[0.202s] Level 1:colcon.colcon_core.package_identification:_identify(DynamixelSDK) by extensions ['ignore', 'ignore_ament_install']
[0.202s] Level 1:colcon.colcon_core.package_identification:_identify(DynamixelSDK) by extension 'ignore'
[0.202s] Level 1:colcon.colcon_core.package_identification:_identify(DynamixelSDK) by extension 'ignore_ament_install'
[0.202s] Level 1:colcon.colcon_core.package_identification:_identify(DynamixelSDK) by extensions ['colcon_pkg']
[0.202s] Level 1:colcon.colcon_core.package_identification:_identify(DynamixelSDK) by extension 'colcon_pkg'
[0.202s] Level 1:colcon.colcon_core.package_identification:_identify(DynamixelSDK) by extensions ['colcon_meta']
[0.202s] Level 1:colcon.colcon_core.package_identification:_identify(DynamixelSDK) by extension 'colcon_meta'
[0.202s] Level 1:colcon.colcon_core.package_identification:_identify(DynamixelSDK) by extensions ['ros']
[0.202s] Level 1:colcon.colcon_core.package_identification:_identify(DynamixelSDK) by extension 'ros'
[0.202s] Level 1:colcon.colcon_core.package_identification:_identify(DynamixelSDK) by extensions ['cmake', 'python']
[0.202s] Level 1:colcon.colcon_core.package_identification:_identify(DynamixelSDK) by extension 'cmake'
[0.202s] Level 1:colcon.colcon_core.package_identification:_identify(DynamixelSDK) by extension 'python'
[0.202s] Level 1:colcon.colcon_core.package_identification:_identify(DynamixelSDK) by extensions ['python_setup_py']
[0.202s] Level 1:colcon.colcon_core.package_identification:_identify(DynamixelSDK) by extension 'python_setup_py'
[0.202s] Level 1:colcon.colcon_core.package_identification:_identify(DynamixelSDK/dynamixel_sdk) by extensions ['ignore', 'ignore_ament_install']
[0.203s] Level 1:colcon.colcon_core.package_identification:_identify(DynamixelSDK/dynamixel_sdk) by extension 'ignore'
[0.203s] Level 1:colcon.colcon_core.package_identification:_identify(DynamixelSDK/dynamixel_sdk) by extension 'ignore_ament_install'
[0.203s] Level 1:colcon.colcon_core.package_identification:_identify(DynamixelSDK/dynamixel_sdk) by extensions ['colcon_pkg']
[0.203s] Level 1:colcon.colcon_core.package_identification:_identify(DynamixelSDK/dynamixel_sdk) by extension 'colcon_pkg'
[0.203s] Level 1:colcon.colcon_core.package_identification:_identify(DynamixelSDK/dynamixel_sdk) by extensions ['colcon_meta']
[0.203s] Level 1:colcon.colcon_core.package_identification:_identify(DynamixelSDK/dynamixel_sdk) by extension 'colcon_meta'
[0.203s] Level 1:colcon.colcon_core.package_identification:_identify(DynamixelSDK/dynamixel_sdk) by extensions ['ros']
[0.203s] Level 1:colcon.colcon_core.package_identification:_identify(DynamixelSDK/dynamixel_sdk) by extension 'ros'
[0.204s] DEBUG:colcon.colcon_core.package_identification:Package 'DynamixelSDK/dynamixel_sdk' with type 'ros.ament_cmake' and name 'dynamixel_sdk'
[0.204s] Level 1:colcon.colcon_core.package_identification:_identify(DynamixelSDK/dynamixel_sdk_custom_interfaces) by extensions ['ignore', 'ignore_ament_install']
[0.205s] Level 1:colcon.colcon_core.package_identification:_identify(DynamixelSDK/dynamixel_sdk_custom_interfaces) by extension 'ignore'
[0.205s] Level 1:colcon.colcon_core.package_identification:_identify(DynamixelSDK/dynamixel_sdk_custom_interfaces) by extension 'ignore_ament_install'
[0.205s] Level 1:colcon.colcon_core.package_identification:_identify(DynamixelSDK/dynamixel_sdk_custom_interfaces) by extensions ['colcon_pkg']
[0.205s] Level 1:colcon.colcon_core.package_identification:_identify(DynamixelSDK/dynamixel_sdk_custom_interfaces) by extension 'colcon_pkg'
[0.205s] Level 1:colcon.colcon_core.package_identification:_identify(DynamixelSDK/dynamixel_sdk_custom_interfaces) by extensions ['colcon_meta']
[0.205s] Level 1:colcon.colcon_core.package_identification:_identify(DynamixelSDK/dynamixel_sdk_custom_interfaces) by extension 'colcon_meta'
[0.205s] Level 1:colcon.colcon_core.package_identification:_identify(DynamixelSDK/dynamixel_sdk_custom_interfaces) by extensions ['ros']
[0.205s] Level 1:colcon.colcon_core.package_identification:_identify(DynamixelSDK/dynamixel_sdk_custom_interfaces) by extension 'ros'
[0.205s] DEBUG:colcon.colcon_core.package_identification:Package 'DynamixelSDK/dynamixel_sdk_custom_interfaces' with type 'ros.ament_cmake' and name 'dynamixel_sdk_custom_interfaces'
[0.205s] Level 1:colcon.colcon_core.package_identification:_identify(DynamixelSDK/dynamixel_sdk_examples) by extensions ['ignore', 'ignore_ament_install']
[0.205s] Level 1:colcon.colcon_core.package_identification:_identify(DynamixelSDK/dynamixel_sdk_examples) by extension 'ignore'
[0.205s] Level 1:colcon.colcon_core.package_identification:_identify(DynamixelSDK/dynamixel_sdk_examples) by extension 'ignore_ament_install'
[0.205s] Level 1:colcon.colcon_core.package_identification:_identify(DynamixelSDK/dynamixel_sdk_examples) by extensions ['colcon_pkg']
[0.205s] Level 1:colcon.colcon_core.package_identification:_identify(DynamixelSDK/dynamixel_sdk_examples) by extension 'colcon_pkg'
[0.205s] Level 1:colcon.colcon_core.package_identification:_identify(DynamixelSDK/dynamixel_sdk_examples) by extensions ['colcon_meta']
[0.205s] Level 1:colcon.colcon_core.package_identification:_identify(DynamixelSDK/dynamixel_sdk_examples) by extension 'colcon_meta'
[0.205s] Level 1:colcon.colcon_core.package_identification:_identify(DynamixelSDK/dynamixel_sdk_examples) by extensions ['ros']
[0.205s] Level 1:colcon.colcon_core.package_identification:_identify(DynamixelSDK/dynamixel_sdk_examples) by extension 'ros'
[0.206s] DEBUG:colcon.colcon_core.package_identification:Package 'DynamixelSDK/dynamixel_sdk_examples' with type 'ros.ament_cmake' and name 'dynamixel_sdk_examples'
[0.206s] Level 1:colcon.colcon_core.package_identification:_identify(build) by extensions ['ignore', 'ignore_ament_install']
[0.206s] Level 1:colcon.colcon_core.package_identification:_identify(build) by extension 'ignore'
[0.206s] Level 1:colcon.colcon_core.package_identification:_identify(build) ignored
[0.206s] Level 1:colcon.colcon_core.package_identification:_identify(cpp_pubsub) by extensions ['ignore', 'ignore_ament_install']
[0.206s] Level 1:colcon.colcon_core.package_identification:_identify(cpp_pubsub) by extension 'ignore'
[0.206s] Level 1:colcon.colcon_core.package_identification:_identify(cpp_pubsub) by extension 'ignore_ament_install'
[0.206s] Level 1:colcon.colcon_core.package_identification:_identify(cpp_pubsub) by extensions ['colcon_pkg']
[0.206s] Level 1:colcon.colcon_core.package_identification:_identify(cpp_pubsub) by extension 'colcon_pkg'
[0.206s] Level 1:colcon.colcon_core.package_identification:_identify(cpp_pubsub) by extensions ['colcon_meta']
[0.206s] Level 1:colcon.colcon_core.package_identification:_identify(cpp_pubsub) by extension 'colcon_meta'
[0.206s] Level 1:colcon.colcon_core.package_identification:_identify(cpp_pubsub) by extensions ['ros']
[0.206s] Level 1:colcon.colcon_core.package_identification:_identify(cpp_pubsub) by extension 'ros'
[0.206s] DEBUG:colcon.colcon_core.package_identification:Package 'cpp_pubsub' with type 'ros.ament_cmake' and name 'cpp_pubsub'
[0.206s] Level 1:colcon.colcon_core.package_identification:_identify(install) by extensions ['ignore', 'ignore_ament_install']
[0.207s] Level 1:colcon.colcon_core.package_identification:_identify(install) by extension 'ignore'
[0.207s] Level 1:colcon.colcon_core.package_identification:_identify(install) ignored
[0.207s] Level 1:colcon.colcon_core.package_identification:_identify(log) by extensions ['ignore', 'ignore_ament_install']
[0.207s] Level 1:colcon.colcon_core.package_identification:_identify(log) by extension 'ignore'
[0.207s] Level 1:colcon.colcon_core.package_identification:_identify(log) ignored
[0.207s] Level 1:colcon.colcon_core.package_discovery:discover_packages(recursive) using defaults
[0.207s] Level 1:colcon.colcon_core.package_discovery:discover_packages(ignore) discover
[0.207s] Level 1:colcon.colcon_core.package_discovery:discover_packages(ignore) using defaults
[0.207s] Level 1:colcon.colcon_core.package_discovery:discover_packages(path) discover
[0.207s] Level 1:colcon.colcon_core.package_discovery:discover_packages(path) using defaults
[0.226s] Level 1:colcon.colcon_core.package_discovery:discover_packages(prefix_path) check parameters
[0.226s] Level 1:colcon.colcon_core.package_discovery:discover_packages(prefix_path) discover
[0.228s] DEBUG:colcon.colcon_installed_package_information.package_discovery:Found 270 installed packages in /opt/ros/humble
[0.229s] Level 1:colcon.colcon_core.package_discovery:discover_packages(prefix_path) using defaults
[0.258s] Level 5:colcon.colcon_core.verb:set package 'cpp_pubsub' build argument 'cmake_args' from command line to 'None'
[0.259s] Level 5:colcon.colcon_core.verb:set package 'cpp_pubsub' build argument 'cmake_target' from command line to 'None'
[0.259s] Level 5:colcon.colcon_core.verb:set package 'cpp_pubsub' build argument 'cmake_target_skip_unavailable' from command line to 'False'
[0.259s] Level 5:colcon.colcon_core.verb:set package 'cpp_pubsub' build argument 'cmake_clean_cache' from command line to 'False'
[0.259s] Level 5:colcon.colcon_core.verb:set package 'cpp_pubsub' build argument 'cmake_clean_first' from command line to 'False'
[0.259s] Level 5:colcon.colcon_core.verb:set package 'cpp_pubsub' build argument 'cmake_force_configure' from command line to 'False'
[0.259s] Level 5:colcon.colcon_core.verb:set package 'cpp_pubsub' build argument 'ament_cmake_args' from command line to 'None'
[0.259s] Level 5:colcon.colcon_core.verb:set package 'cpp_pubsub' build argument 'catkin_cmake_args' from command line to 'None'
[0.259s] Level 5:colcon.colcon_core.verb:set package 'cpp_pubsub' build argument 'catkin_skip_building_tests' from command line to 'False'
[0.259s] DEBUG:colcon.colcon_core.verb:Building package 'cpp_pubsub' with the following arguments: {'ament_cmake_args': None, 'build_base': '/home/robo/ros2_dy_ws/src/build/cpp_pubsub', 'catkin_cmake_args': None, 'catkin_skip_building_tests': False, 'cmake_args': None, 'cmake_clean_cache': False, 'cmake_clean_first': False, 'cmake_force_configure': False, 'cmake_target': None, 'cmake_target_skip_unavailable': False, 'install_base': '/home/robo/ros2_dy_ws/src/install/cpp_pubsub', 'merge_install': False, 'path': '/home/robo/ros2_dy_ws/src/cpp_pubsub', 'symlink_install': True, 'test_result_base': None}
[0.259s] Level 5:colcon.colcon_core.verb:set package 'dynamixel_sdk' build argument 'cmake_args' from command line to 'None'
[0.259s] Level 5:colcon.colcon_core.verb:set package 'dynamixel_sdk' build argument 'cmake_target' from command line to 'None'
[0.259s] Level 5:colcon.colcon_core.verb:set package 'dynamixel_sdk' build argument 'cmake_target_skip_unavailable' from command line to 'False'
[0.259s] Level 5:colcon.colcon_core.verb:set package 'dynamixel_sdk' build argument 'cmake_clean_cache' from command line to 'False'
[0.259s] Level 5:colcon.colcon_core.verb:set package 'dynamixel_sdk' build argument 'cmake_clean_first' from command line to 'False'
[0.259s] Level 5:colcon.colcon_core.verb:set package 'dynamixel_sdk' build argument 'cmake_force_configure' from command line to 'False'
[0.259s] Level 5:colcon.colcon_core.verb:set package 'dynamixel_sdk' build argument 'ament_cmake_args' from command line to 'None'
[0.259s] Level 5:colcon.colcon_core.verb:set package 'dynamixel_sdk' build argument 'catkin_cmake_args' from command line to 'None'
[0.259s] Level 5:colcon.colcon_core.verb:set package 'dynamixel_sdk' build argument 'catkin_skip_building_tests' from command line to 'False'
[0.259s] DEBUG:colcon.colcon_core.verb:Building package 'dynamixel_sdk' with the following arguments: {'ament_cmake_args': None, 'build_base': '/home/robo/ros2_dy_ws/src/build/dynamixel_sdk', 'catkin_cmake_args': None, 'catkin_skip_building_tests': False, 'cmake_args': None, 'cmake_clean_cache': False, 'cmake_clean_first': False, 'cmake_force_configure': False, 'cmake_target': None, 'cmake_target_skip_unavailable': False, 'install_base': '/home/robo/ros2_dy_ws/src/install/dynamixel_sdk', 'merge_install': False, 'path': '/home/robo/ros2_dy_ws/src/DynamixelSDK/dynamixel_sdk', 'symlink_install': True, 'test_result_base': None}
[0.260s] Level 5:colcon.colcon_core.verb:set package 'dynamixel_sdk_custom_interfaces' build argument 'cmake_args' from command line to 'None'
[0.260s] Level 5:colcon.colcon_core.verb:set package 'dynamixel_sdk_custom_interfaces' build argument 'cmake_target' from command line to 'None'
[0.260s] Level 5:colcon.colcon_core.verb:set package 'dynamixel_sdk_custom_interfaces' build argument 'cmake_target_skip_unavailable' from command line to 'False'
[0.260s] Level 5:colcon.colcon_core.verb:set package 'dynamixel_sdk_custom_interfaces' build argument 'cmake_clean_cache' from command line to 'False'
[0.260s] Level 5:colcon.colcon_core.verb:set package 'dynamixel_sdk_custom_interfaces' build argument 'cmake_clean_first' from command line to 'False'
[0.260s] Level 5:colcon.colcon_core.verb:set package 'dynamixel_sdk_custom_interfaces' build argument 'cmake_force_configure' from command line to 'False'
[0.260s] Level 5:colcon.colcon_core.verb:set package 'dynamixel_sdk_custom_interfaces' build argument 'ament_cmake_args' from command line to 'None'
[0.260s] Level 5:colcon.colcon_core.verb:set package 'dynamixel_sdk_custom_interfaces' build argument 'catkin_cmake_args' from command line to 'None'
[0.260s] Level 5:colcon.colcon_core.verb:set package 'dynamixel_sdk_custom_interfaces' build argument 'catkin_skip_building_tests' from command line to 'False'
[0.260s] DEBUG:colcon.colcon_core.verb:Building package 'dynamixel_sdk_custom_interfaces' with the following arguments: {'ament_cmake_args': None, 'build_base': '/home/robo/ros2_dy_ws/src/build/dynamixel_sdk_custom_interfaces', 'catkin_cmake_args': None, 'catkin_skip_building_tests': False, 'cmake_args': None, 'cmake_clean_cache': False, 'cmake_clean_first': False, 'cmake_force_configure': False, 'cmake_target': None, 'cmake_target_skip_unavailable': False, 'install_base': '/home/robo/ros2_dy_ws/src/install/dynamixel_sdk_custom_interfaces', 'merge_install': False, 'path': '/home/robo/ros2_dy_ws/src/DynamixelSDK/dynamixel_sdk_custom_interfaces', 'symlink_install': True, 'test_result_base': None}
[0.260s] Level 5:colcon.colcon_core.verb:set package 'dynamixel_sdk_examples' build argument 'cmake_args' from command line to 'None'
[0.260s] Level 5:colcon.colcon_core.verb:set package 'dynamixel_sdk_examples' build argument 'cmake_target' from command line to 'None'
[0.260s] Level 5:colcon.colcon_core.verb:set package 'dynamixel_sdk_examples' build argument 'cmake_target_skip_unavailable' from command line to 'False'
[0.260s] Level 5:colcon.colcon_core.verb:set package 'dynamixel_sdk_examples' build argument 'cmake_clean_cache' from command line to 'False'
[0.261s] Level 5:colcon.colcon_core.verb:set package 'dynamixel_sdk_examples' build argument 'cmake_clean_first' from command line to 'False'
[0.261s] Level 5:colcon.colcon_core.verb:set package 'dynamixel_sdk_examples' build argument 'cmake_force_configure' from command line to 'False'
[0.261s] Level 5:colcon.colcon_core.verb:set package 'dynamixel_sdk_examples' build argument 'ament_cmake_args' from command line to 'None'
[0.261s] Level 5:colcon.colcon_core.verb:set package 'dynamixel_sdk_examples' build argument 'catkin_cmake_args' from command line to 'None'
[0.261s] Level 5:colcon.colcon_core.verb:set package 'dynamixel_sdk_examples' build argument 'catkin_skip_building_tests' from command line to 'False'
[0.261s] DEBUG:colcon.colcon_core.verb:Building package 'dynamixel_sdk_examples' with the following arguments: {'ament_cmake_args': None, 'build_base': '/home/robo/ros2_dy_ws/src/build/dynamixel_sdk_examples', 'catkin_cmake_args': None, 'catkin_skip_building_tests': False, 'cmake_args': None, 'cmake_clean_cache': False, 'cmake_clean_first': False, 'cmake_force_configure': False, 'cmake_target': None, 'cmake_target_skip_unavailable': False, 'install_base': '/home/robo/ros2_dy_ws/src/install/dynamixel_sdk_examples', 'merge_install': False, 'path': '/home/robo/ros2_dy_ws/src/DynamixelSDK/dynamixel_sdk_examples', 'symlink_install': True, 'test_result_base': None}
[0.261s] INFO:colcon.colcon_core.executor:Executing jobs using 'parallel' executor
[0.263s] DEBUG:colcon.colcon_parallel_executor.executor.parallel:run_until_complete
[0.263s] INFO:colcon.colcon_ros.task.ament_cmake.build:Building ROS package in '/home/robo/ros2_dy_ws/src/DynamixelSDK/dynamixel_sdk' with build type 'ament_cmake'
[0.263s] INFO:colcon.colcon_cmake.task.cmake.build:Building CMake package in '/home/robo/ros2_dy_ws/src/DynamixelSDK/dynamixel_sdk'
[0.267s] INFO:colcon.colcon_core.plugin_system:Skipping extension 'colcon_core.shell.bat': Not used on non-Windows systems
[0.267s] INFO:colcon.colcon_core.shell:Skip shell extension 'powershell' for command environment: Not usable outside of PowerShell
[0.267s] DEBUG:colcon.colcon_core.shell:Skip shell extension 'dsv' for command environment
[0.269s] INFO:colcon.colcon_ros.task.ament_cmake.build:Building ROS package in '/home/robo/ros2_dy_ws/src/DynamixelSDK/dynamixel_sdk_custom_interfaces' with build type 'ament_cmake'
[0.269s] INFO:colcon.colcon_cmake.task.cmake.build:Building CMake package in '/home/robo/ros2_dy_ws/src/DynamixelSDK/dynamixel_sdk_custom_interfaces'
[0.270s] INFO:colcon.colcon_core.shell:Skip shell extension 'powershell' for command environment: Not usable outside of PowerShell
[0.270s] DEBUG:colcon.colcon_core.shell:Skip shell extension 'dsv' for command environment
[0.272s] INFO:colcon.colcon_ros.task.ament_cmake.build:Building ROS package in '/home/robo/ros2_dy_ws/src/cpp_pubsub' with build type 'ament_cmake'
[0.272s] INFO:colcon.colcon_cmake.task.cmake.build:Building CMake package in '/home/robo/ros2_dy_ws/src/cpp_pubsub'
[0.272s] INFO:colcon.colcon_core.shell:Skip shell extension 'powershell' for command environment: Not usable outside of PowerShell
[0.272s] DEBUG:colcon.colcon_core.shell:Skip shell extension 'dsv' for command environment
[0.277s] DEBUG:colcon.colcon_core.event_handler.log_command:Invoking command in '/home/robo/ros2_dy_ws/src/build/dynamixel_sdk': CMAKE_PREFIX_PATH=/opt/ros/humble /home/robo/.local/bin/cmake --build /home/robo/ros2_dy_ws/src/build/dynamixel_sdk -- -j12 -l12
[0.282s] DEBUG:colcon.colcon_core.event_handler.log_command:Invoking command in '/home/robo/ros2_dy_ws/src/build/dynamixel_sdk_custom_interfaces': CMAKE_PREFIX_PATH=/opt/ros/humble /home/robo/.local/bin/cmake --build /home/robo/ros2_dy_ws/src/build/dynamixel_sdk_custom_interfaces -- -j12 -l12
[0.287s] DEBUG:colcon.colcon_core.event_handler.log_command:Invoking command in '/home/robo/ros2_dy_ws/src/build/cpp_pubsub': CMAKE_PREFIX_PATH=/opt/ros/humble /home/robo/.local/bin/cmake --build /home/robo/ros2_dy_ws/src/build/cpp_pubsub -- -j12 -l12
[0.356s] DEBUG:colcon.colcon_core.event_handler.log_command:Invoked command in '/home/robo/ros2_dy_ws/src/build/dynamixel_sdk' returned '0': CMAKE_PREFIX_PATH=/opt/ros/humble /home/robo/.local/bin/cmake --build /home/robo/ros2_dy_ws/src/build/dynamixel_sdk -- -j12 -l12
[0.364s] DEBUG:colcon.colcon_core.event_handler.log_command:Invoked command in '/home/robo/ros2_dy_ws/src/build/cpp_pubsub' returned '0': CMAKE_PREFIX_PATH=/opt/ros/humble /home/robo/.local/bin/cmake --build /home/robo/ros2_dy_ws/src/build/cpp_pubsub -- -j12 -l12
[0.433s] DEBUG:colcon.colcon_core.event_handler.log_command:Invoking command in '/home/robo/ros2_dy_ws/src/build/cpp_pubsub': CMAKE_PREFIX_PATH=/opt/ros/humble /home/robo/.local/bin/cmake --install /home/robo/ros2_dy_ws/src/build/cpp_pubsub
[0.436s] DEBUG:colcon.colcon_core.event_handler.log_command:Invoking command in '/home/robo/ros2_dy_ws/src/build/dynamixel_sdk': CMAKE_PREFIX_PATH=/opt/ros/humble /home/robo/.local/bin/cmake --install /home/robo/ros2_dy_ws/src/build/dynamixel_sdk
[0.468s] Level 1:colcon.colcon_core.environment:create_environment_scripts_only(cpp_pubsub)
[0.469s] DEBUG:colcon.colcon_core.event_handler.log_command:Invoked command in '/home/robo/ros2_dy_ws/src/build/cpp_pubsub' returned '0': CMAKE_PREFIX_PATH=/opt/ros/humble /home/robo/.local/bin/cmake --install /home/robo/ros2_dy_ws/src/build/cpp_pubsub
[0.475s] Level 1:colcon.colcon_core.environment:checking '/home/robo/ros2_dy_ws/src/install/cpp_pubsub' for CMake module files
[0.476s] Level 1:colcon.colcon_core.environment:checking '/home/robo/ros2_dy_ws/src/install/cpp_pubsub' for CMake config files
[0.476s] Level 1:colcon.colcon_core.shell:create_environment_hook('cpp_pubsub', 'cmake_prefix_path')
[0.477s] INFO:colcon.colcon_core.shell:Creating environment hook '/home/robo/ros2_dy_ws/src/install/cpp_pubsub/share/cpp_pubsub/hook/cmake_prefix_path.ps1'
[0.478s] INFO:colcon.colcon_core.shell:Creating environment descriptor '/home/robo/ros2_dy_ws/src/install/cpp_pubsub/share/cpp_pubsub/hook/cmake_prefix_path.dsv'
[0.478s] INFO:colcon.colcon_core.shell:Creating environment hook '/home/robo/ros2_dy_ws/src/install/cpp_pubsub/share/cpp_pubsub/hook/cmake_prefix_path.sh'
[0.479s] Level 1:colcon.colcon_core.environment:checking '/home/robo/ros2_dy_ws/src/install/cpp_pubsub/lib'
[0.479s] Level 1:colcon.colcon_core.environment:checking '/home/robo/ros2_dy_ws/src/install/cpp_pubsub/bin'
[0.479s] Level 1:colcon.colcon_core.environment:checking '/home/robo/ros2_dy_ws/src/install/cpp_pubsub/lib/pkgconfig/cpp_pubsub.pc'
[0.480s] Level 1:colcon.colcon_core.environment:checking '/home/robo/ros2_dy_ws/src/install/cpp_pubsub/lib/python3.10/site-packages'
[0.480s] Level 1:colcon.colcon_core.environment:checking '/home/robo/ros2_dy_ws/src/install/cpp_pubsub/bin'
[0.480s] INFO:colcon.colcon_core.shell:Creating package script '/home/robo/ros2_dy_ws/src/install/cpp_pubsub/share/cpp_pubsub/package.ps1'
[0.481s] INFO:colcon.colcon_core.shell:Creating package descriptor '/home/robo/ros2_dy_ws/src/install/cpp_pubsub/share/cpp_pubsub/package.dsv'
[0.482s] INFO:colcon.colcon_core.shell:Creating package script '/home/robo/ros2_dy_ws/src/install/cpp_pubsub/share/cpp_pubsub/package.sh'
[0.483s] INFO:colcon.colcon_core.shell:Creating package script '/home/robo/ros2_dy_ws/src/install/cpp_pubsub/share/cpp_pubsub/package.bash'
[0.484s] INFO:colcon.colcon_core.shell:Creating package script '/home/robo/ros2_dy_ws/src/install/cpp_pubsub/share/cpp_pubsub/package.zsh'
[0.484s] Level 1:colcon.colcon_core.environment:create_file_with_runtime_dependencies(/home/robo/ros2_dy_ws/src/install/cpp_pubsub/share/colcon-core/packages/cpp_pubsub)
[0.486s] Level 1:colcon.colcon_core.environment:create_environment_scripts_only(dynamixel_sdk)
[0.487s] Level 1:colcon.colcon_core.environment:checking '/home/robo/ros2_dy_ws/src/install/dynamixel_sdk' for CMake module files
[0.487s] DEBUG:colcon.colcon_core.event_handler.log_command:Invoked command in '/home/robo/ros2_dy_ws/src/build/dynamixel_sdk' returned '0': CMAKE_PREFIX_PATH=/opt/ros/humble /home/robo/.local/bin/cmake --install /home/robo/ros2_dy_ws/src/build/dynamixel_sdk
[0.487s] Level 1:colcon.colcon_core.environment:checking '/home/robo/ros2_dy_ws/src/install/dynamixel_sdk' for CMake config files
[0.488s] Level 1:colcon.colcon_core.shell:create_environment_hook('dynamixel_sdk', 'cmake_prefix_path')
[0.488s] INFO:colcon.colcon_core.shell:Creating environment hook '/home/robo/ros2_dy_ws/src/install/dynamixel_sdk/share/dynamixel_sdk/hook/cmake_prefix_path.ps1'
[0.489s] INFO:colcon.colcon_core.shell:Creating environment descriptor '/home/robo/ros2_dy_ws/src/install/dynamixel_sdk/share/dynamixel_sdk/hook/cmake_prefix_path.dsv'
[0.489s] INFO:colcon.colcon_core.shell:Creating environment hook '/home/robo/ros2_dy_ws/src/install/dynamixel_sdk/share/dynamixel_sdk/hook/cmake_prefix_path.sh'
[0.489s] Level 1:colcon.colcon_core.environment:checking '/home/robo/ros2_dy_ws/src/install/dynamixel_sdk/lib'
[0.489s] Level 1:colcon.colcon_core.shell:create_environment_hook('dynamixel_sdk', 'ld_library_path_lib')
[0.490s] INFO:colcon.colcon_core.shell:Creating environment hook '/home/robo/ros2_dy_ws/src/install/dynamixel_sdk/share/dynamixel_sdk/hook/ld_library_path_lib.ps1'
[0.491s] INFO:colcon.colcon_core.shell:Creating environment descriptor '/home/robo/ros2_dy_ws/src/install/dynamixel_sdk/share/dynamixel_sdk/hook/ld_library_path_lib.dsv'
[0.491s] INFO:colcon.colcon_core.shell:Creating environment hook '/home/robo/ros2_dy_ws/src/install/dynamixel_sdk/share/dynamixel_sdk/hook/ld_library_path_lib.sh'
[0.491s] Level 1:colcon.colcon_core.environment:checking '/home/robo/ros2_dy_ws/src/install/dynamixel_sdk/bin'
[0.491s] Level 1:colcon.colcon_core.environment:checking '/home/robo/ros2_dy_ws/src/install/dynamixel_sdk/lib/pkgconfig/dynamixel_sdk.pc'
[0.491s] Level 1:colcon.colcon_core.environment:checking '/home/robo/ros2_dy_ws/src/install/dynamixel_sdk/lib/python3.10/site-packages'
[0.491s] Level 1:colcon.colcon_core.environment:checking '/home/robo/ros2_dy_ws/src/install/dynamixel_sdk/bin'
[0.492s] INFO:colcon.colcon_core.shell:Creating package script '/home/robo/ros2_dy_ws/src/install/dynamixel_sdk/share/dynamixel_sdk/package.ps1'
[0.493s] INFO:colcon.colcon_core.shell:Creating package descriptor '/home/robo/ros2_dy_ws/src/install/dynamixel_sdk/share/dynamixel_sdk/package.dsv'
[0.493s] INFO:colcon.colcon_core.shell:Creating package script '/home/robo/ros2_dy_ws/src/install/dynamixel_sdk/share/dynamixel_sdk/package.sh'
[0.493s] INFO:colcon.colcon_core.shell:Creating package script '/home/robo/ros2_dy_ws/src/install/dynamixel_sdk/share/dynamixel_sdk/package.bash'
[0.493s] INFO:colcon.colcon_core.shell:Creating package script '/home/robo/ros2_dy_ws/src/install/dynamixel_sdk/share/dynamixel_sdk/package.zsh'
[0.493s] Level 1:colcon.colcon_core.environment:create_file_with_runtime_dependencies(/home/robo/ros2_dy_ws/src/install/dynamixel_sdk/share/colcon-core/packages/dynamixel_sdk)
[0.513s] DEBUG:colcon.colcon_core.event_handler.log_command:Invoked command in '/home/robo/ros2_dy_ws/src/build/dynamixel_sdk_custom_interfaces' returned '0': CMAKE_PREFIX_PATH=/opt/ros/humble /home/robo/.local/bin/cmake --build /home/robo/ros2_dy_ws/src/build/dynamixel_sdk_custom_interfaces -- -j12 -l12
[0.527s] Level 1:colcon.colcon_core.environment:create_environment_scripts_only(cpp_pubsub)
[0.529s] Level 1:colcon.colcon_core.environment:checking '/home/robo/ros2_dy_ws/src/install/cpp_pubsub' for CMake module files
[0.529s] Level 1:colcon.colcon_core.environment:checking '/home/robo/ros2_dy_ws/src/install/cpp_pubsub' for CMake config files
[0.530s] Level 1:colcon.colcon_core.shell:create_environment_hook('cpp_pubsub', 'cmake_prefix_path')
[0.531s] INFO:colcon.colcon_core.shell:Creating environment hook '/home/robo/ros2_dy_ws/src/install/cpp_pubsub/share/cpp_pubsub/hook/cmake_prefix_path.ps1'
[0.531s] INFO:colcon.colcon_core.shell:Creating environment descriptor '/home/robo/ros2_dy_ws/src/install/cpp_pubsub/share/cpp_pubsub/hook/cmake_prefix_path.dsv'
[0.532s] INFO:colcon.colcon_core.shell:Creating environment hook '/home/robo/ros2_dy_ws/src/install/cpp_pubsub/share/cpp_pubsub/hook/cmake_prefix_path.sh'
[0.532s] Level 1:colcon.colcon_core.environment:checking '/home/robo/ros2_dy_ws/src/install/cpp_pubsub/lib'
[0.532s] Level 1:colcon.colcon_core.environment:checking '/home/robo/ros2_dy_ws/src/install/cpp_pubsub/bin'
[0.532s] Level 1:colcon.colcon_core.environment:checking '/home/robo/ros2_dy_ws/src/install/cpp_pubsub/lib/pkgconfig/cpp_pubsub.pc'
[0.533s] Level 1:colcon.colcon_core.environment:checking '/home/robo/ros2_dy_ws/src/install/cpp_pubsub/lib/python3.10/site-packages'
[0.533s] Level 1:colcon.colcon_core.environment:checking '/home/robo/ros2_dy_ws/src/install/cpp_pubsub/bin'
[0.534s] INFO:colcon.colcon_core.shell:Creating package script '/home/robo/ros2_dy_ws/src/install/cpp_pubsub/share/cpp_pubsub/package.ps1'
[0.534s] INFO:colcon.colcon_core.shell:Creating package descriptor '/home/robo/ros2_dy_ws/src/install/cpp_pubsub/share/cpp_pubsub/package.dsv'
[0.535s] INFO:colcon.colcon_core.shell:Creating package script '/home/robo/ros2_dy_ws/src/install/cpp_pubsub/share/cpp_pubsub/package.sh'
[0.535s] INFO:colcon.colcon_core.shell:Creating package script '/home/robo/ros2_dy_ws/src/install/cpp_pubsub/share/cpp_pubsub/package.bash'
[0.535s] INFO:colcon.colcon_core.shell:Creating package script '/home/robo/ros2_dy_ws/src/install/cpp_pubsub/share/cpp_pubsub/package.zsh'
[0.535s] Level 1:colcon.colcon_core.environment:create_file_with_runtime_dependencies(/home/robo/ros2_dy_ws/src/install/cpp_pubsub/share/colcon-core/packages/cpp_pubsub)
[0.537s] Level 1:colcon.colcon_core.environment:create_environment_scripts_only(dynamixel_sdk)
[0.539s] Level 1:colcon.colcon_core.environment:checking '/home/robo/ros2_dy_ws/src/install/dynamixel_sdk' for CMake module files
[0.539s] Level 1:colcon.colcon_core.environment:checking '/home/robo/ros2_dy_ws/src/install/dynamixel_sdk' for CMake config files
[0.540s] Level 1:colcon.colcon_core.shell:create_environment_hook('dynamixel_sdk', 'cmake_prefix_path')
[0.541s] INFO:colcon.colcon_core.shell:Creating environment hook '/home/robo/ros2_dy_ws/src/install/dynamixel_sdk/share/dynamixel_sdk/hook/cmake_prefix_path.ps1'
[0.541s] INFO:colcon.colcon_core.shell:Creating environment descriptor '/home/robo/ros2_dy_ws/src/install/dynamixel_sdk/share/dynamixel_sdk/hook/cmake_prefix_path.dsv'
[0.541s] INFO:colcon.colcon_core.shell:Creating environment hook '/home/robo/ros2_dy_ws/src/install/dynamixel_sdk/share/dynamixel_sdk/hook/cmake_prefix_path.sh'
[0.542s] Level 1:colcon.colcon_core.environment:checking '/home/robo/ros2_dy_ws/src/install/dynamixel_sdk/lib'
[0.542s] Level 1:colcon.colcon_core.shell:create_environment_hook('dynamixel_sdk', 'ld_library_path_lib')
[0.543s] INFO:colcon.colcon_core.shell:Creating environment hook '/home/robo/ros2_dy_ws/src/install/dynamixel_sdk/share/dynamixel_sdk/hook/ld_library_path_lib.ps1'
[0.543s] INFO:colcon.colcon_core.shell:Creating environment descriptor '/home/robo/ros2_dy_ws/src/install/dynamixel_sdk/share/dynamixel_sdk/hook/ld_library_path_lib.dsv'
[0.544s] INFO:colcon.colcon_core.shell:Creating environment hook '/home/robo/ros2_dy_ws/src/install/dynamixel_sdk/share/dynamixel_sdk/hook/ld_library_path_lib.sh'
[0.544s] Level 1:colcon.colcon_core.environment:checking '/home/robo/ros2_dy_ws/src/install/dynamixel_sdk/bin'
[0.544s] Level 1:colcon.colcon_core.environment:checking '/home/robo/ros2_dy_ws/src/install/dynamixel_sdk/lib/pkgconfig/dynamixel_sdk.pc'
[0.544s] Level 1:colcon.colcon_core.environment:checking '/home/robo/ros2_dy_ws/src/install/dynamixel_sdk/lib/python3.10/site-packages'
[0.544s] Level 1:colcon.colcon_core.environment:checking '/home/robo/ros2_dy_ws/src/install/dynamixel_sdk/bin'
[0.546s] INFO:colcon.colcon_core.shell:Creating package script '/home/robo/ros2_dy_ws/src/install/dynamixel_sdk/share/dynamixel_sdk/package.ps1'
[0.546s] INFO:colcon.colcon_core.shell:Creating package descriptor '/home/robo/ros2_dy_ws/src/install/dynamixel_sdk/share/dynamixel_sdk/package.dsv'
[0.547s] INFO:colcon.colcon_core.shell:Creating package script '/home/robo/ros2_dy_ws/src/install/dynamixel_sdk/share/dynamixel_sdk/package.sh'
[0.547s] INFO:colcon.colcon_core.shell:Creating package script '/home/robo/ros2_dy_ws/src/install/dynamixel_sdk/share/dynamixel_sdk/package.bash'
[0.547s] INFO:colcon.colcon_core.shell:Creating package script '/home/robo/ros2_dy_ws/src/install/dynamixel_sdk/share/dynamixel_sdk/package.zsh'
[0.548s] Level 1:colcon.colcon_core.environment:create_file_with_runtime_dependencies(/home/robo/ros2_dy_ws/src/install/dynamixel_sdk/share/colcon-core/packages/dynamixel_sdk)
[0.572s] DEBUG:colcon.colcon_core.event_handler.log_command:Invoking command in '/home/robo/ros2_dy_ws/src/build/dynamixel_sdk_custom_interfaces': CMAKE_PREFIX_PATH=/opt/ros/humble /home/robo/.local/bin/cmake --install /home/robo/ros2_dy_ws/src/build/dynamixel_sdk_custom_interfaces
[0.638s] Level 1:colcon.colcon_core.environment:create_environment_scripts_only(dynamixel_sdk_custom_interfaces)
[0.640s] Level 1:colcon.colcon_core.environment:checking '/home/robo/ros2_dy_ws/src/install/dynamixel_sdk_custom_interfaces' for CMake module files
[0.640s] DEBUG:colcon.colcon_core.event_handler.log_command:Invoked command in '/home/robo/ros2_dy_ws/src/build/dynamixel_sdk_custom_interfaces' returned '0': CMAKE_PREFIX_PATH=/opt/ros/humble /home/robo/.local/bin/cmake --install /home/robo/ros2_dy_ws/src/build/dynamixel_sdk_custom_interfaces
[0.641s] Level 1:colcon.colcon_core.environment:checking '/home/robo/ros2_dy_ws/src/install/dynamixel_sdk_custom_interfaces' for CMake config files
[0.641s] Level 1:colcon.colcon_core.shell:create_environment_hook('dynamixel_sdk_custom_interfaces', 'cmake_prefix_path')
[0.643s] INFO:colcon.colcon_core.shell:Creating environment hook '/home/robo/ros2_dy_ws/src/install/dynamixel_sdk_custom_interfaces/share/dynamixel_sdk_custom_interfaces/hook/cmake_prefix_path.ps1'
[0.643s] INFO:colcon.colcon_core.shell:Creating environment descriptor '/home/robo/ros2_dy_ws/src/install/dynamixel_sdk_custom_interfaces/share/dynamixel_sdk_custom_interfaces/hook/cmake_prefix_path.dsv'
[0.643s] INFO:colcon.colcon_core.shell:Creating environment hook '/home/robo/ros2_dy_ws/src/install/dynamixel_sdk_custom_interfaces/share/dynamixel_sdk_custom_interfaces/hook/cmake_prefix_path.sh'
[0.644s] Level 1:colcon.colcon_core.environment:checking '/home/robo/ros2_dy_ws/src/install/dynamixel_sdk_custom_interfaces/lib'
[0.644s] Level 1:colcon.colcon_core.shell:create_environment_hook('dynamixel_sdk_custom_interfaces', 'ld_library_path_lib')
[0.645s] INFO:colcon.colcon_core.shell:Creating environment hook '/home/robo/ros2_dy_ws/src/install/dynamixel_sdk_custom_interfaces/share/dynamixel_sdk_custom_interfaces/hook/ld_library_path_lib.ps1'
[0.645s] INFO:colcon.colcon_core.shell:Creating environment descriptor '/home/robo/ros2_dy_ws/src/install/dynamixel_sdk_custom_interfaces/share/dynamixel_sdk_custom_interfaces/hook/ld_library_path_lib.dsv'
[0.646s] INFO:colcon.colcon_core.shell:Creating environment hook '/home/robo/ros2_dy_ws/src/install/dynamixel_sdk_custom_interfaces/share/dynamixel_sdk_custom_interfaces/hook/ld_library_path_lib.sh'
[0.646s] Level 1:colcon.colcon_core.environment:checking '/home/robo/ros2_dy_ws/src/install/dynamixel_sdk_custom_interfaces/bin'
[0.646s] Level 1:colcon.colcon_core.environment:checking '/home/robo/ros2_dy_ws/src/install/dynamixel_sdk_custom_interfaces/lib/pkgconfig/dynamixel_sdk_custom_interfaces.pc'
[0.646s] Level 1:colcon.colcon_core.environment:checking '/home/robo/ros2_dy_ws/src/install/dynamixel_sdk_custom_interfaces/lib/python3.10/site-packages'
[0.646s] Level 1:colcon.colcon_core.environment:checking '/home/robo/ros2_dy_ws/src/install/dynamixel_sdk_custom_interfaces/bin'
[0.648s] INFO:colcon.colcon_core.shell:Creating package script '/home/robo/ros2_dy_ws/src/install/dynamixel_sdk_custom_interfaces/share/dynamixel_sdk_custom_interfaces/package.ps1'
[0.648s] INFO:colcon.colcon_core.shell:Creating package descriptor '/home/robo/ros2_dy_ws/src/install/dynamixel_sdk_custom_interfaces/share/dynamixel_sdk_custom_interfaces/package.dsv'
[0.648s] INFO:colcon.colcon_core.shell:Creating package script '/home/robo/ros2_dy_ws/src/install/dynamixel_sdk_custom_interfaces/share/dynamixel_sdk_custom_interfaces/package.sh'
[0.649s] INFO:colcon.colcon_core.shell:Creating package script '/home/robo/ros2_dy_ws/src/install/dynamixel_sdk_custom_interfaces/share/dynamixel_sdk_custom_interfaces/package.bash'
[0.649s] INFO:colcon.colcon_core.shell:Creating package script '/home/robo/ros2_dy_ws/src/install/dynamixel_sdk_custom_interfaces/share/dynamixel_sdk_custom_interfaces/package.zsh'
[0.649s] Level 1:colcon.colcon_core.environment:create_file_with_runtime_dependencies(/home/robo/ros2_dy_ws/src/install/dynamixel_sdk_custom_interfaces/share/colcon-core/packages/dynamixel_sdk_custom_interfaces)
[0.700s] Level 1:colcon.colcon_core.environment:create_environment_scripts_only(dynamixel_sdk_custom_interfaces)
[0.702s] Level 1:colcon.colcon_core.environment:checking '/home/robo/ros2_dy_ws/src/install/dynamixel_sdk_custom_interfaces' for CMake module files
[0.703s] Level 1:colcon.colcon_core.environment:checking '/home/robo/ros2_dy_ws/src/install/dynamixel_sdk_custom_interfaces' for CMake config files
[0.703s] Level 1:colcon.colcon_core.shell:create_environment_hook('dynamixel_sdk_custom_interfaces', 'cmake_prefix_path')
[0.704s] INFO:colcon.colcon_core.shell:Creating environment hook '/home/robo/ros2_dy_ws/src/install/dynamixel_sdk_custom_interfaces/share/dynamixel_sdk_custom_interfaces/hook/cmake_prefix_path.ps1'
[0.704s] INFO:colcon.colcon_core.shell:Creating environment descriptor '/home/robo/ros2_dy_ws/src/install/dynamixel_sdk_custom_interfaces/share/dynamixel_sdk_custom_interfaces/hook/cmake_prefix_path.dsv'
[0.705s] INFO:colcon.colcon_core.shell:Creating environment hook '/home/robo/ros2_dy_ws/src/install/dynamixel_sdk_custom_interfaces/share/dynamixel_sdk_custom_interfaces/hook/cmake_prefix_path.sh'
[0.705s] Level 1:colcon.colcon_core.environment:checking '/home/robo/ros2_dy_ws/src/install/dynamixel_sdk_custom_interfaces/lib'
[0.705s] Level 1:colcon.colcon_core.shell:create_environment_hook('dynamixel_sdk_custom_interfaces', 'ld_library_path_lib')
[0.706s] INFO:colcon.colcon_core.shell:Creating environment hook '/home/robo/ros2_dy_ws/src/install/dynamixel_sdk_custom_interfaces/share/dynamixel_sdk_custom_interfaces/hook/ld_library_path_lib.ps1'
[0.707s] INFO:colcon.colcon_core.shell:Creating environment descriptor '/home/robo/ros2_dy_ws/src/install/dynamixel_sdk_custom_interfaces/share/dynamixel_sdk_custom_interfaces/hook/ld_library_path_lib.dsv'
[0.707s] INFO:colcon.colcon_core.shell:Creating environment hook '/home/robo/ros2_dy_ws/src/install/dynamixel_sdk_custom_interfaces/share/dynamixel_sdk_custom_interfaces/hook/ld_library_path_lib.sh'
[0.707s] Level 1:colcon.colcon_core.environment:checking '/home/robo/ros2_dy_ws/src/install/dynamixel_sdk_custom_interfaces/bin'
[0.707s] Level 1:colcon.colcon_core.environment:checking '/home/robo/ros2_dy_ws/src/install/dynamixel_sdk_custom_interfaces/lib/pkgconfig/dynamixel_sdk_custom_interfaces.pc'
[0.707s] Level 1:colcon.colcon_core.environment:checking '/home/robo/ros2_dy_ws/src/install/dynamixel_sdk_custom_interfaces/lib/python3.10/site-packages'
[0.707s] Level 1:colcon.colcon_core.environment:checking '/home/robo/ros2_dy_ws/src/install/dynamixel_sdk_custom_interfaces/bin'
[0.708s] INFO:colcon.colcon_core.shell:Creating package script '/home/robo/ros2_dy_ws/src/install/dynamixel_sdk_custom_interfaces/share/dynamixel_sdk_custom_interfaces/package.ps1'
[0.708s] INFO:colcon.colcon_core.shell:Creating package descriptor '/home/robo/ros2_dy_ws/src/install/dynamixel_sdk_custom_interfaces/share/dynamixel_sdk_custom_interfaces/package.dsv'
[0.709s] INFO:colcon.colcon_core.shell:Creating package script '/home/robo/ros2_dy_ws/src/install/dynamixel_sdk_custom_interfaces/share/dynamixel_sdk_custom_interfaces/package.sh'
[0.709s] INFO:colcon.colcon_core.shell:Creating package script '/home/robo/ros2_dy_ws/src/install/dynamixel_sdk_custom_interfaces/share/dynamixel_sdk_custom_interfaces/package.bash'
[0.709s] INFO:colcon.colcon_core.shell:Creating package script '/home/robo/ros2_dy_ws/src/install/dynamixel_sdk_custom_interfaces/share/dynamixel_sdk_custom_interfaces/package.zsh'
[0.709s] Level 1:colcon.colcon_core.environment:create_file_with_runtime_dependencies(/home/robo/ros2_dy_ws/src/install/dynamixel_sdk_custom_interfaces/share/colcon-core/packages/dynamixel_sdk_custom_interfaces)
[0.709s] INFO:colcon.colcon_ros.task.ament_cmake.build:Building ROS package in '/home/robo/ros2_dy_ws/src/DynamixelSDK/dynamixel_sdk_examples' with build type 'ament_cmake'
[0.710s] INFO:colcon.colcon_cmake.task.cmake.build:Building CMake package in '/home/robo/ros2_dy_ws/src/DynamixelSDK/dynamixel_sdk_examples'
[0.710s] INFO:colcon.colcon_core.shell:Skip shell extension 'powershell' for command environment: Not usable outside of PowerShell
[0.710s] DEBUG:colcon.colcon_core.shell:Skip shell extension 'dsv' for command environment
[0.720s] DEBUG:colcon.colcon_core.event_handler.log_command:Invoking command in '/home/robo/ros2_dy_ws/src/build/dynamixel_sdk_examples': AMENT_PREFIX_PATH=/home/robo/ros2_dy_ws/src/install/dynamixel_sdk_custom_interfaces:/home/robo/ros2_dy_ws/src/install/dynamixel_sdk:${AMENT_PREFIX_PATH} CMAKE_PREFIX_PATH=/home/robo/ros2_dy_ws/src/install/dynamixel_sdk_custom_interfaces:/home/robo/ros2_dy_ws/src/install/dynamixel_sdk:/opt/ros/humble LD_LIBRARY_PATH=/home/robo/ros2_dy_ws/src/install/dynamixel_sdk_custom_interfaces/lib:/home/robo/ros2_dy_ws/src/install/dynamixel_sdk/lib:${LD_LIBRARY_PATH} PYTHONPATH=/home/robo/ros2_dy_ws/src/install/dynamixel_sdk_custom_interfaces/local/lib/python3.10/dist-packages:${PYTHONPATH} /home/robo/.local/bin/cmake --build /home/robo/ros2_dy_ws/src/build/dynamixel_sdk_examples -- -j12 -l12
[0.762s] DEBUG:colcon.colcon_core.event_handler.log_command:Invoked command in '/home/robo/ros2_dy_ws/src/build/dynamixel_sdk_examples' returned '0': AMENT_PREFIX_PATH=/home/robo/ros2_dy_ws/src/install/dynamixel_sdk_custom_interfaces:/home/robo/ros2_dy_ws/src/install/dynamixel_sdk:${AMENT_PREFIX_PATH} CMAKE_PREFIX_PATH=/home/robo/ros2_dy_ws/src/install/dynamixel_sdk_custom_interfaces:/home/robo/ros2_dy_ws/src/install/dynamixel_sdk:/opt/ros/humble LD_LIBRARY_PATH=/home/robo/ros2_dy_ws/src/install/dynamixel_sdk_custom_interfaces/lib:/home/robo/ros2_dy_ws/src/install/dynamixel_sdk/lib:${LD_LIBRARY_PATH} PYTHONPATH=/home/robo/ros2_dy_ws/src/install/dynamixel_sdk_custom_interfaces/local/lib/python3.10/dist-packages:${PYTHONPATH} /home/robo/.local/bin/cmake --build /home/robo/ros2_dy_ws/src/build/dynamixel_sdk_examples -- -j12 -l12
[0.789s] DEBUG:colcon.colcon_core.event_handler.log_command:Invoking command in '/home/robo/ros2_dy_ws/src/build/dynamixel_sdk_examples': AMENT_PREFIX_PATH=/home/robo/ros2_dy_ws/src/install/dynamixel_sdk_custom_interfaces:/home/robo/ros2_dy_ws/src/install/dynamixel_sdk:${AMENT_PREFIX_PATH} CMAKE_PREFIX_PATH=/home/robo/ros2_dy_ws/src/install/dynamixel_sdk_custom_interfaces:/home/robo/ros2_dy_ws/src/install/dynamixel_sdk:/opt/ros/humble LD_LIBRARY_PATH=/home/robo/ros2_dy_ws/src/install/dynamixel_sdk_custom_interfaces/lib:/home/robo/ros2_dy_ws/src/install/dynamixel_sdk/lib:${LD_LIBRARY_PATH} PYTHONPATH=/home/robo/ros2_dy_ws/src/install/dynamixel_sdk_custom_interfaces/local/lib/python3.10/dist-packages:${PYTHONPATH} /home/robo/.local/bin/cmake --install /home/robo/ros2_dy_ws/src/build/dynamixel_sdk_examples
[0.815s] Level 1:colcon.colcon_core.environment:create_environment_scripts_only(dynamixel_sdk_examples)
[0.815s] DEBUG:colcon.colcon_core.event_handler.log_command:Invoked command in '/home/robo/ros2_dy_ws/src/build/dynamixel_sdk_examples' returned '0': AMENT_PREFIX_PATH=/home/robo/ros2_dy_ws/src/install/dynamixel_sdk_custom_interfaces:/home/robo/ros2_dy_ws/src/install/dynamixel_sdk:${AMENT_PREFIX_PATH} CMAKE_PREFIX_PATH=/home/robo/ros2_dy_ws/src/install/dynamixel_sdk_custom_interfaces:/home/robo/ros2_dy_ws/src/install/dynamixel_sdk:/opt/ros/humble LD_LIBRARY_PATH=/home/robo/ros2_dy_ws/src/install/dynamixel_sdk_custom_interfaces/lib:/home/robo/ros2_dy_ws/src/install/dynamixel_sdk/lib:${LD_LIBRARY_PATH} PYTHONPATH=/home/robo/ros2_dy_ws/src/install/dynamixel_sdk_custom_interfaces/local/lib/python3.10/dist-packages:${PYTHONPATH} /home/robo/.local/bin/cmake --install /home/robo/ros2_dy_ws/src/build/dynamixel_sdk_examples
[0.818s] Level 1:colcon.colcon_core.environment:checking '/home/robo/ros2_dy_ws/src/install/dynamixel_sdk_examples' for CMake module files
[0.818s] Level 1:colcon.colcon_core.environment:checking '/home/robo/ros2_dy_ws/src/install/dynamixel_sdk_examples' for CMake config files
[0.819s] Level 1:colcon.colcon_core.shell:create_environment_hook('dynamixel_sdk_examples', 'cmake_prefix_path')
[0.820s] INFO:colcon.colcon_core.shell:Creating environment hook '/home/robo/ros2_dy_ws/src/install/dynamixel_sdk_examples/share/dynamixel_sdk_examples/hook/cmake_prefix_path.ps1'
[0.820s] INFO:colcon.colcon_core.shell:Creating environment descriptor '/home/robo/ros2_dy_ws/src/install/dynamixel_sdk_examples/share/dynamixel_sdk_examples/hook/cmake_prefix_path.dsv'
[0.821s] INFO:colcon.colcon_core.shell:Creating environment hook '/home/robo/ros2_dy_ws/src/install/dynamixel_sdk_examples/share/dynamixel_sdk_examples/hook/cmake_prefix_path.sh'
[0.821s] Level 1:colcon.colcon_core.environment:checking '/home/robo/ros2_dy_ws/src/install/dynamixel_sdk_examples/lib'
[0.821s] Level 1:colcon.colcon_core.environment:checking '/home/robo/ros2_dy_ws/src/install/dynamixel_sdk_examples/bin'
[0.821s] Level 1:colcon.colcon_core.environment:checking '/home/robo/ros2_dy_ws/src/install/dynamixel_sdk_examples/lib/pkgconfig/dynamixel_sdk_examples.pc'
[0.821s] Level 1:colcon.colcon_core.environment:checking '/home/robo/ros2_dy_ws/src/install/dynamixel_sdk_examples/lib/python3.10/site-packages'
[0.822s] Level 1:colcon.colcon_core.environment:checking '/home/robo/ros2_dy_ws/src/install/dynamixel_sdk_examples/bin'
[0.823s] INFO:colcon.colcon_core.shell:Creating package script '/home/robo/ros2_dy_ws/src/install/dynamixel_sdk_examples/share/dynamixel_sdk_examples/package.ps1'
[0.823s] INFO:colcon.colcon_core.shell:Creating package descriptor '/home/robo/ros2_dy_ws/src/install/dynamixel_sdk_examples/share/dynamixel_sdk_examples/package.dsv'
[0.824s] INFO:colcon.colcon_core.shell:Creating package script '/home/robo/ros2_dy_ws/src/install/dynamixel_sdk_examples/share/dynamixel_sdk_examples/package.sh'
[0.824s] INFO:colcon.colcon_core.shell:Creating package script '/home/robo/ros2_dy_ws/src/install/dynamixel_sdk_examples/share/dynamixel_sdk_examples/package.bash'
[0.824s] INFO:colcon.colcon_core.shell:Creating package script '/home/robo/ros2_dy_ws/src/install/dynamixel_sdk_examples/share/dynamixel_sdk_examples/package.zsh'
[0.825s] Level 1:colcon.colcon_core.environment:create_file_with_runtime_dependencies(/home/robo/ros2_dy_ws/src/install/dynamixel_sdk_examples/share/colcon-core/packages/dynamixel_sdk_examples)
[0.853s] Level 1:colcon.colcon_core.environment:create_environment_scripts_only(dynamixel_sdk_examples)
[0.854s] Level 1:colcon.colcon_core.environment:checking '/home/robo/ros2_dy_ws/src/install/dynamixel_sdk_examples' for CMake module files
[0.855s] Level 1:colcon.colcon_core.environment:checking '/home/robo/ros2_dy_ws/src/install/dynamixel_sdk_examples' for CMake config files
[0.855s] Level 1:colcon.colcon_core.shell:create_environment_hook('dynamixel_sdk_examples', 'cmake_prefix_path')
[0.855s] INFO:colcon.colcon_core.shell:Creating environment hook '/home/robo/ros2_dy_ws/src/install/dynamixel_sdk_examples/share/dynamixel_sdk_examples/hook/cmake_prefix_path.ps1'
[0.856s] INFO:colcon.colcon_core.shell:Creating environment descriptor '/home/robo/ros2_dy_ws/src/install/dynamixel_sdk_examples/share/dynamixel_sdk_examples/hook/cmake_prefix_path.dsv'
[0.856s] INFO:colcon.colcon_core.shell:Creating environment hook '/home/robo/ros2_dy_ws/src/install/dynamixel_sdk_examples/share/dynamixel_sdk_examples/hook/cmake_prefix_path.sh'
[0.856s] Level 1:colcon.colcon_core.environment:checking '/home/robo/ros2_dy_ws/src/install/dynamixel_sdk_examples/lib'
[0.856s] Level 1:colcon.colcon_core.environment:checking '/home/robo/ros2_dy_ws/src/install/dynamixel_sdk_examples/bin'
[0.856s] Level 1:colcon.colcon_core.environment:checking '/home/robo/ros2_dy_ws/src/install/dynamixel_sdk_examples/lib/pkgconfig/dynamixel_sdk_examples.pc'
[0.857s] Level 1:colcon.colcon_core.environment:checking '/home/robo/ros2_dy_ws/src/install/dynamixel_sdk_examples/lib/python3.10/site-packages'
[0.857s] Level 1:colcon.colcon_core.environment:checking '/home/robo/ros2_dy_ws/src/install/dynamixel_sdk_examples/bin'
[0.857s] INFO:colcon.colcon_core.shell:Creating package script '/home/robo/ros2_dy_ws/src/install/dynamixel_sdk_examples/share/dynamixel_sdk_examples/package.ps1'
[0.858s] INFO:colcon.colcon_core.shell:Creating package descriptor '/home/robo/ros2_dy_ws/src/install/dynamixel_sdk_examples/share/dynamixel_sdk_examples/package.dsv'
[0.858s] INFO:colcon.colcon_core.shell:Creating package script '/home/robo/ros2_dy_ws/src/install/dynamixel_sdk_examples/share/dynamixel_sdk_examples/package.sh'
[0.858s] INFO:colcon.colcon_core.shell:Creating package script '/home/robo/ros2_dy_ws/src/install/dynamixel_sdk_examples/share/dynamixel_sdk_examples/package.bash'
[0.858s] INFO:colcon.colcon_core.shell:Creating package script '/home/robo/ros2_dy_ws/src/install/dynamixel_sdk_examples/share/dynamixel_sdk_examples/package.zsh'
[0.858s] Level 1:colcon.colcon_core.environment:create_file_with_runtime_dependencies(/home/robo/ros2_dy_ws/src/install/dynamixel_sdk_examples/share/colcon-core/packages/dynamixel_sdk_examples)
[0.859s] DEBUG:colcon.colcon_parallel_executor.executor.parallel:closing loop
[0.859s] DEBUG:colcon.colcon_parallel_executor.executor.parallel:loop closed
[0.859s] DEBUG:colcon.colcon_parallel_executor.executor.parallel:run_until_complete finished with '0'
[0.859s] DEBUG:colcon.colcon_core.event_reactor:joining thread
[0.864s] INFO:colcon.colcon_core.plugin_system:Skipping extension 'colcon_notification.desktop_notification.terminal_notifier': Not used on non-Darwin systems
[0.864s] INFO:colcon.colcon_core.plugin_system:Skipping extension 'colcon_notification.desktop_notification.win32': Not used on non-Windows systems
[0.865s] INFO:colcon.colcon_notification.desktop_notification:Sending desktop notification using 'notify2'
[0.880s] DEBUG:colcon.colcon_core.event_reactor:joined thread
[0.882s] INFO:colcon.colcon_core.shell:Creating prefix script '/home/robo/ros2_dy_ws/src/install/local_setup.ps1'
[0.883s] INFO:colcon.colcon_core.shell:Creating prefix util module '/home/robo/ros2_dy_ws/src/install/_local_setup_util_ps1.py'
[0.884s] INFO:colcon.colcon_core.shell:Creating prefix chain script '/home/robo/ros2_dy_ws/src/install/setup.ps1'
[0.885s] INFO:colcon.colcon_core.shell:Creating prefix script '/home/robo/ros2_dy_ws/src/install/local_setup.sh'
[0.886s] INFO:colcon.colcon_core.shell:Creating prefix util module '/home/robo/ros2_dy_ws/src/install/_local_setup_util_sh.py'
[0.886s] INFO:colcon.colcon_core.shell:Creating prefix chain script '/home/robo/ros2_dy_ws/src/install/setup.sh'
[0.887s] INFO:colcon.colcon_core.shell:Creating prefix script '/home/robo/ros2_dy_ws/src/install/local_setup.bash'
[0.888s] INFO:colcon.colcon_core.shell:Creating prefix chain script '/home/robo/ros2_dy_ws/src/install/setup.bash'
[0.889s] INFO:colcon.colcon_core.shell:Creating prefix script '/home/robo/ros2_dy_ws/src/install/local_setup.zsh'
[0.890s] INFO:colcon.colcon_core.shell:Creating prefix chain script '/home/robo/ros2_dy_ws/src/install/setup.zsh'
