[ 16%] [32mBuilding CXX object CMakeFiles/pub.dir/src/dynamixel_controller_pub.cpp.o[0m
[ 33%] [32mBuilding CXX object CMakeFiles/sub.dir/src/dynamixel_controller_sub.cpp.o[0m
[ 66%] Built target read_write_node
[ 83%] [32m[1mLinking CXX executable pub[0m
[ 83%] Built target pub
[100%] [32m[1mLinking CXX executable sub[0m
[100%] Built target sub
-- Install configuration: ""
-- Execute custom install script
-- Up-to-date symlink: /home/robo/ros2_dy_ws/install/dynamixel_sdk_examples/lib/dynamixel_sdk_examples/read_write_node
-- Symlinking: /home/robo/ros2_dy_ws/install/dynamixel_sdk_examples/lib/dynamixel_sdk_examples/pub
-- Symlinking: /home/robo/ros2_dy_ws/install/dynamixel_sdk_examples/lib/dynamixel_sdk_examples/sub
-- Up-to-date symlink: /home/robo/ros2_dy_ws/install/dynamixel_sdk_examples/share/ament_index/resource_index/package_run_dependencies/dynamixel_sdk_examples
-- Up-to-date symlink: /home/robo/ros2_dy_ws/install/dynamixel_sdk_examples/share/ament_index/resource_index/parent_prefix_path/dynamixel_sdk_examples
-- Up-to-date symlink: /home/robo/ros2_dy_ws/install/dynamixel_sdk_examples/share/dynamixel_sdk_examples/environment/ament_prefix_path.sh
-- Up-to-date symlink: /home/robo/ros2_dy_ws/install/dynamixel_sdk_examples/share/dynamixel_sdk_examples/environment/ament_prefix_path.dsv
-- Up-to-date symlink: /home/robo/ros2_dy_ws/install/dynamixel_sdk_examples/share/dynamixel_sdk_examples/environment/path.sh
-- Up-to-date symlink: /home/robo/ros2_dy_ws/install/dynamixel_sdk_examples/share/dynamixel_sdk_examples/environment/path.dsv
-- Up-to-date symlink: /home/robo/ros2_dy_ws/install/dynamixel_sdk_examples/share/dynamixel_sdk_examples/local_setup.bash
-- Up-to-date symlink: /home/robo/ros2_dy_ws/install/dynamixel_sdk_examples/share/dynamixel_sdk_examples/local_setup.sh
-- Up-to-date symlink: /home/robo/ros2_dy_ws/install/dynamixel_sdk_examples/share/dynamixel_sdk_examples/local_setup.zsh
-- Up-to-date symlink: /home/robo/ros2_dy_ws/install/dynamixel_sdk_examples/share/dynamixel_sdk_examples/local_setup.dsv
-- Symlinking: /home/robo/ros2_dy_ws/install/dynamixel_sdk_examples/share/dynamixel_sdk_examples/package.dsv
-- Up-to-date symlink: /home/robo/ros2_dy_ws/install/dynamixel_sdk_examples/share/ament_index/resource_index/packages/dynamixel_sdk_examples
-- Up-to-date symlink: /home/robo/ros2_dy_ws/install/dynamixel_sdk_examples/share/dynamixel_sdk_examples/cmake/dynamixel_sdk_examplesConfig.cmake
-- Up-to-date symlink: /home/robo/ros2_dy_ws/install/dynamixel_sdk_examples/share/dynamixel_sdk_examples/cmake/dynamixel_sdk_examplesConfig-version.cmake
-- Up-to-date symlink: /home/robo/ros2_dy_ws/install/dynamixel_sdk_examples/share/dynamixel_sdk_examples/package.xml
