[0.008s] Invoking command in '/home/robo/ros2_dy_ws/build/dynamixel_sdk_examples': CMAKE_PREFIX_PATH=/home/robo/ros2_dy_ws/install/dynamixel_sdk_custom_interfaces:/home/robo/ros2_dy_ws/install/dynamixel_sdk:/home/robo/ros2_dy_ws/install/dynamixel_sdk_examples:/home/robo/ros2_dy_ws/install/cpp_pubsub:/home/robo/ros2_ws/install/turtlesim:/home/robo/ros2_ws/install/positionmotor_massi_pkg:/opt/ros/humble /home/robo/.local/bin/cmake --build /home/robo/ros2_dy_ws/build/dynamixel_sdk_examples -- -j12 -l12
[0.037s] [ 16%] [32mBuilding CXX object CMakeFiles/pub.dir/src/dynamixel_controller_pub.cpp.o[0m
[0.039s] [ 33%] [32mBuilding CXX object CMakeFiles/sub.dir/src/dynamixel_controller_sub.cpp.o[0m
[0.040s] [ 66%] Built target read_write_node
[2.553s] [ 83%] [32m[1mLinking CXX executable pub[0m
[2.657s] [ 83%] Built target pub
[4.605s] [100%] [32m[1mLinking CXX executable sub[0m
[4.799s] [100%] Built target sub
[4.807s] Invoked command in '/home/robo/ros2_dy_ws/build/dynamixel_sdk_examples' returned '0': CMAKE_PREFIX_PATH=/home/robo/ros2_dy_ws/install/dynamixel_sdk_custom_interfaces:/home/robo/ros2_dy_ws/install/dynamixel_sdk:/home/robo/ros2_dy_ws/install/dynamixel_sdk_examples:/home/robo/ros2_dy_ws/install/cpp_pubsub:/home/robo/ros2_ws/install/turtlesim:/home/robo/ros2_ws/install/positionmotor_massi_pkg:/opt/ros/humble /home/robo/.local/bin/cmake --build /home/robo/ros2_dy_ws/build/dynamixel_sdk_examples -- -j12 -l12
[4.838s] Invoking command in '/home/robo/ros2_dy_ws/build/dynamixel_sdk_examples': CMAKE_PREFIX_PATH=/home/robo/ros2_dy_ws/install/dynamixel_sdk_custom_interfaces:/home/robo/ros2_dy_ws/install/dynamixel_sdk:/home/robo/ros2_dy_ws/install/dynamixel_sdk_examples:/home/robo/ros2_dy_ws/install/cpp_pubsub:/home/robo/ros2_ws/install/turtlesim:/home/robo/ros2_ws/install/positionmotor_massi_pkg:/opt/ros/humble /home/robo/.local/bin/cmake --install /home/robo/ros2_dy_ws/build/dynamixel_sdk_examples
[4.853s] -- Install configuration: ""
[4.854s] -- Execute custom install script
[4.854s] -- Up-to-date symlink: /home/robo/ros2_dy_ws/install/dynamixel_sdk_examples/lib/dynamixel_sdk_examples/read_write_node
[4.854s] -- Symlinking: /home/robo/ros2_dy_ws/install/dynamixel_sdk_examples/lib/dynamixel_sdk_examples/pub
[4.856s] -- Symlinking: /home/robo/ros2_dy_ws/install/dynamixel_sdk_examples/lib/dynamixel_sdk_examples/sub
[4.858s] -- Up-to-date symlink: /home/robo/ros2_dy_ws/install/dynamixel_sdk_examples/share/ament_index/resource_index/package_run_dependencies/dynamixel_sdk_examples
[4.858s] -- Up-to-date symlink: /home/robo/ros2_dy_ws/install/dynamixel_sdk_examples/share/ament_index/resource_index/parent_prefix_path/dynamixel_sdk_examples
[4.858s] -- Up-to-date symlink: /home/robo/ros2_dy_ws/install/dynamixel_sdk_examples/share/dynamixel_sdk_examples/environment/ament_prefix_path.sh
[4.858s] -- Up-to-date symlink: /home/robo/ros2_dy_ws/install/dynamixel_sdk_examples/share/dynamixel_sdk_examples/environment/ament_prefix_path.dsv
[4.858s] -- Up-to-date symlink: /home/robo/ros2_dy_ws/install/dynamixel_sdk_examples/share/dynamixel_sdk_examples/environment/path.sh
[4.858s] -- Up-to-date symlink: /home/robo/ros2_dy_ws/install/dynamixel_sdk_examples/share/dynamixel_sdk_examples/environment/path.dsv
[4.858s] -- Up-to-date symlink: /home/robo/ros2_dy_ws/install/dynamixel_sdk_examples/share/dynamixel_sdk_examples/local_setup.bash
[4.858s] -- Up-to-date symlink: /home/robo/ros2_dy_ws/install/dynamixel_sdk_examples/share/dynamixel_sdk_examples/local_setup.sh
[4.858s] -- Up-to-date symlink: /home/robo/ros2_dy_ws/install/dynamixel_sdk_examples/share/dynamixel_sdk_examples/local_setup.zsh
[4.858s] -- Up-to-date symlink: /home/robo/ros2_dy_ws/install/dynamixel_sdk_examples/share/dynamixel_sdk_examples/local_setup.dsv
[4.858s] -- Symlinking: /home/robo/ros2_dy_ws/install/dynamixel_sdk_examples/share/dynamixel_sdk_examples/package.dsv
[4.860s] -- Up-to-date symlink: /home/robo/ros2_dy_ws/install/dynamixel_sdk_examples/share/ament_index/resource_index/packages/dynamixel_sdk_examples
[4.860s] -- Up-to-date symlink: /home/robo/ros2_dy_ws/install/dynamixel_sdk_examples/share/dynamixel_sdk_examples/cmake/dynamixel_sdk_examplesConfig.cmake
[4.860s] -- Up-to-date symlink: /home/robo/ros2_dy_ws/install/dynamixel_sdk_examples/share/dynamixel_sdk_examples/cmake/dynamixel_sdk_examplesConfig-version.cmake
[4.860s] -- Up-to-date symlink: /home/robo/ros2_dy_ws/install/dynamixel_sdk_examples/share/dynamixel_sdk_examples/package.xml
[4.866s] Invoked command in '/home/robo/ros2_dy_ws/build/dynamixel_sdk_examples' returned '0': CMAKE_PREFIX_PATH=/home/robo/ros2_dy_ws/install/dynamixel_sdk_custom_interfaces:/home/robo/ros2_dy_ws/install/dynamixel_sdk:/home/robo/ros2_dy_ws/install/dynamixel_sdk_examples:/home/robo/ros2_dy_ws/install/cpp_pubsub:/home/robo/ros2_ws/install/turtlesim:/home/robo/ros2_ws/install/positionmotor_massi_pkg:/opt/ros/humble /home/robo/.local/bin/cmake --install /home/robo/ros2_dy_ws/build/dynamixel_sdk_examples
