[0.007s] Invoking command in '/home/robo/ros2_dy_ws/src/cpp_pubsub/build/cpp_pubsub': CMAKE_PREFIX_PATH=/opt/ros/humble /usr/bin/cmake /home/robo/ros2_dy_ws/src/cpp_pubsub -DAMENT_CMAKE_SYMLINK_INSTALL=1 -DCMAKE_INSTALL_PREFIX=/home/robo/ros2_dy_ws/src/cpp_pubsub/install/cpp_pubsub
[0.036s] -- The C compiler identification is GNU 11.4.0
[0.067s] -- The CXX compiler identification is GNU 11.4.0
[0.071s] -- Detecting C compiler ABI info
[0.107s] -- Detecting C compiler ABI info - done
[0.111s] -- Check for working C compiler: /usr/bin/cc - skipped
[0.111s] -- Detecting C compile features
[0.111s] -- Detecting C compile features - done
[0.113s] -- Detecting CXX compiler ABI info
[0.156s] -- Detecting CXX compiler ABI info - done
[0.161s] -- Check for working CXX compiler: /usr/bin/c++ - skipped
[0.161s] -- Detecting CXX compile features
[0.161s] -- Detecting CXX compile features - done
[0.162s] -- Found ament_cmake: 1.3.5 (/opt/ros/humble/share/ament_cmake/cmake)
[0.257s] -- Found Python3: /usr/bin/python3.10 (found version "3.10.12") found components: Interpreter 
[0.291s] -- Override CMake install command with custom implementation using symlinks instead of copying resources
[0.308s] -- Found rclcpp: 16.0.5 (/opt/ros/humble/share/rclcpp/cmake)
[0.331s] -- Found rosidl_generator_c: 3.1.5 (/opt/ros/humble/share/rosidl_generator_c/cmake)
[0.333s] -- Found rosidl_adapter: 3.1.5 (/opt/ros/humble/share/rosidl_adapter/cmake)
[0.337s] -- Found rosidl_generator_cpp: 3.1.5 (/opt/ros/humble/share/rosidl_generator_cpp/cmake)
[0.344s] -- Using all available rosidl_typesupport_c: rosidl_typesupport_fastrtps_c;rosidl_typesupport_introspection_c
[0.354s] -- Using all available rosidl_typesupport_cpp: rosidl_typesupport_fastrtps_cpp;rosidl_typesupport_introspection_cpp
[0.391s] -- Found rmw_implementation_cmake: 6.1.1 (/opt/ros/humble/share/rmw_implementation_cmake/cmake)
[0.392s] -- Found rmw_fastrtps_cpp: 6.2.3 (/opt/ros/humble/share/rmw_fastrtps_cpp/cmake)
[0.442s] -- Found OpenSSL: /usr/lib/x86_64-linux-gnu/libcrypto.so (found version "3.0.2")  
[0.459s] -- Found FastRTPS: /opt/ros/humble/include  
[0.483s] -- Using RMW implementation 'rmw_fastrtps_cpp' as default
[0.488s] -- Looking for pthread.h
[0.527s] -- Looking for pthread.h - found
[0.527s] -- Performing Test CMAKE_HAVE_LIBC_PTHREAD
[0.568s] -- Performing Test CMAKE_HAVE_LIBC_PTHREAD - Success
[0.569s] -- Found Threads: TRUE  
[0.697s] -- Configuring done
[0.703s] -- Generating done
[0.703s] -- Build files have been written to: /home/robo/ros2_dy_ws/src/cpp_pubsub/build/cpp_pubsub
[0.709s] Invoked command in '/home/robo/ros2_dy_ws/src/cpp_pubsub/build/cpp_pubsub' returned '0': CMAKE_PREFIX_PATH=/opt/ros/humble /usr/bin/cmake /home/robo/ros2_dy_ws/src/cpp_pubsub -DAMENT_CMAKE_SYMLINK_INSTALL=1 -DCMAKE_INSTALL_PREFIX=/home/robo/ros2_dy_ws/src/cpp_pubsub/install/cpp_pubsub
[0.711s] Invoking command in '/home/robo/ros2_dy_ws/src/cpp_pubsub/build/cpp_pubsub': CMAKE_PREFIX_PATH=/opt/ros/humble /usr/bin/cmake --build /home/robo/ros2_dy_ws/src/cpp_pubsub/build/cpp_pubsub -- -j12 -l12
[0.736s] [ 50%] [32mBuilding CXX object CMakeFiles/talker.dir/src/publisher_member_function.cpp.o[0m
[0.736s] [ 50%] [32mBuilding CXX object CMakeFiles/listener.dir/src/subscriber_member_function.cpp.o[0m
[3.291s] [ 75%] [32m[1mLinking CXX executable talker[0m
[3.403s] [ 75%] Built target talker
[5.389s] [100%] [32m[1mLinking CXX executable listener[0m
[5.591s] [100%] Built target listener
[5.597s] Invoked command in '/home/robo/ros2_dy_ws/src/cpp_pubsub/build/cpp_pubsub' returned '0': CMAKE_PREFIX_PATH=/opt/ros/humble /usr/bin/cmake --build /home/robo/ros2_dy_ws/src/cpp_pubsub/build/cpp_pubsub -- -j12 -l12
[5.616s] Invoking command in '/home/robo/ros2_dy_ws/src/cpp_pubsub/build/cpp_pubsub': CMAKE_PREFIX_PATH=/opt/ros/humble /usr/bin/cmake --install /home/robo/ros2_dy_ws/src/cpp_pubsub/build/cpp_pubsub
[5.620s] -- Install configuration: ""
[5.620s] -- Execute custom install script
[5.620s] -- Symlinking: /home/robo/ros2_dy_ws/src/cpp_pubsub/install/cpp_pubsub/lib/cpp_pubsub/talker
[5.625s] -- Symlinking: /home/robo/ros2_dy_ws/src/cpp_pubsub/install/cpp_pubsub/lib/cpp_pubsub/listener
[5.629s] -- Symlinking: /home/robo/ros2_dy_ws/src/cpp_pubsub/install/cpp_pubsub/share/ament_index/resource_index/package_run_dependencies/cpp_pubsub
[5.633s] -- Symlinking: /home/robo/ros2_dy_ws/src/cpp_pubsub/install/cpp_pubsub/share/ament_index/resource_index/parent_prefix_path/cpp_pubsub
[5.637s] -- Symlinking: /home/robo/ros2_dy_ws/src/cpp_pubsub/install/cpp_pubsub/share/cpp_pubsub/environment/ament_prefix_path.sh
[5.641s] -- Symlinking: /home/robo/ros2_dy_ws/src/cpp_pubsub/install/cpp_pubsub/share/cpp_pubsub/environment/ament_prefix_path.dsv
[5.645s] -- Symlinking: /home/robo/ros2_dy_ws/src/cpp_pubsub/install/cpp_pubsub/share/cpp_pubsub/environment/path.sh
[5.649s] -- Symlinking: /home/robo/ros2_dy_ws/src/cpp_pubsub/install/cpp_pubsub/share/cpp_pubsub/environment/path.dsv
[5.654s] -- Symlinking: /home/robo/ros2_dy_ws/src/cpp_pubsub/install/cpp_pubsub/share/cpp_pubsub/local_setup.bash
[5.658s] -- Symlinking: /home/robo/ros2_dy_ws/src/cpp_pubsub/install/cpp_pubsub/share/cpp_pubsub/local_setup.sh
[5.663s] -- Symlinking: /home/robo/ros2_dy_ws/src/cpp_pubsub/install/cpp_pubsub/share/cpp_pubsub/local_setup.zsh
[5.667s] -- Symlinking: /home/robo/ros2_dy_ws/src/cpp_pubsub/install/cpp_pubsub/share/cpp_pubsub/local_setup.dsv
[5.671s] -- Symlinking: /home/robo/ros2_dy_ws/src/cpp_pubsub/install/cpp_pubsub/share/cpp_pubsub/package.dsv
[5.675s] -- Symlinking: /home/robo/ros2_dy_ws/src/cpp_pubsub/install/cpp_pubsub/share/ament_index/resource_index/packages/cpp_pubsub
[5.679s] -- Symlinking: /home/robo/ros2_dy_ws/src/cpp_pubsub/install/cpp_pubsub/share/cpp_pubsub/cmake/cpp_pubsubConfig.cmake
[5.684s] -- Symlinking: /home/robo/ros2_dy_ws/src/cpp_pubsub/install/cpp_pubsub/share/cpp_pubsub/cmake/cpp_pubsubConfig-version.cmake
[5.688s] -- Symlinking: /home/robo/ros2_dy_ws/src/cpp_pubsub/install/cpp_pubsub/share/cpp_pubsub/package.xml
[5.693s] Invoked command in '/home/robo/ros2_dy_ws/src/cpp_pubsub/build/cpp_pubsub' returned '0': CMAKE_PREFIX_PATH=/opt/ros/humble /usr/bin/cmake --install /home/robo/ros2_dy_ws/src/cpp_pubsub/build/cpp_pubsub
