[0.008s] Invoking command in '/home/robo/ros2_dy_ws/build/dynamixel_sdk_examples': CMAKE_PREFIX_PATH=/home/robo/ros2_dy_ws/install/dynamixel_sdk_custom_interfaces:/home/robo/ros2_dy_ws/install/dynamixel_sdk:/home/robo/ros2_dy_ws/install/dynamixel_sdk_examples:/home/robo/ros2_dy_ws/install/cpp_pubsub:/home/robo/ros2_ws/install/turtlesim:/home/robo/ros2_ws/install/positionmotor_massi_pkg:/opt/ros/humble /home/robo/.local/bin/cmake --build /home/robo/ros2_dy_ws/build/dynamixel_sdk_examples -- -j12 -l12
[0.032s] -- Found ament_cmake: 1.3.5 (/opt/ros/humble/share/ament_cmake/cmake)
[0.152s] -- Override CMake install command with custom implementation using symlinks instead of copying resources
[0.157s] -- Found dynamixel_sdk: 3.7.60 (/home/robo/ros2_dy_ws/install/dynamixel_sdk/share/dynamixel_sdk/cmake)
[0.157s] -- Found dynamixel_sdk_custom_interfaces: 3.7.60 (/home/robo/ros2_dy_ws/install/dynamixel_sdk_custom_interfaces/share/dynamixel_sdk_custom_interfaces/cmake)
[0.175s] -- Found rosidl_generator_c: 3.1.5 (/opt/ros/humble/share/rosidl_generator_c/cmake)
[0.177s] -- Found rosidl_adapter: 3.1.5 (/opt/ros/humble/share/rosidl_adapter/cmake)
[0.181s] -- Found rosidl_generator_cpp: 3.1.5 (/opt/ros/humble/share/rosidl_generator_cpp/cmake)
[0.190s] -- Using all available rosidl_typesupport_c: rosidl_typesupport_fastrtps_c;rosidl_typesupport_introspection_c
[0.201s] -- Using all available rosidl_typesupport_cpp: rosidl_typesupport_fastrtps_cpp;rosidl_typesupport_introspection_cpp
[0.239s] -- Found rclcpp: 16.0.5 (/opt/ros/humble/share/rclcpp/cmake)
[0.274s] -- Found rmw_implementation_cmake: 6.1.1 (/opt/ros/humble/share/rmw_implementation_cmake/cmake)
[0.275s] -- Found rmw_fastrtps_cpp: 6.2.3 (/opt/ros/humble/share/rmw_fastrtps_cpp/cmake)
[0.351s] -- Using RMW implementation 'rmw_fastrtps_cpp' as default
[0.464s] [31mCMake Error at /opt/ros/humble/share/ament_cmake_core/cmake/symlink_install/ament_cmake_symlink_install_targets.cmake:67 (message):
[0.464s]   ament_cmake_symlink_install_targets() 'pub' is not a target
[0.464s] Call Stack (most recent call first):
[0.464s]   /opt/ros/humble/share/ament_cmake_core/cmake/symlink_install/install.cmake:37 (ament_cmake_symlink_install_targets)
[0.464s]   CMakeLists.txt:45 (install)
[0.464s] 
[0.464s] [0m
[0.464s] -- Configuring incomplete, errors occurred!
[0.468s] gmake: *** [Makefile:390: cmake_check_build_system] Error 1
[0.472s] Invoked command in '/home/robo/ros2_dy_ws/build/dynamixel_sdk_examples' returned '2': CMAKE_PREFIX_PATH=/home/robo/ros2_dy_ws/install/dynamixel_sdk_custom_interfaces:/home/robo/ros2_dy_ws/install/dynamixel_sdk:/home/robo/ros2_dy_ws/install/dynamixel_sdk_examples:/home/robo/ros2_dy_ws/install/cpp_pubsub:/home/robo/ros2_ws/install/turtlesim:/home/robo/ros2_ws/install/positionmotor_massi_pkg:/opt/ros/humble /home/robo/.local/bin/cmake --build /home/robo/ros2_dy_ws/build/dynamixel_sdk_examples -- -j12 -l12
