[0.007s] Invoking command in '/home/robo/ros2_dy_ws/build/dynamixel_sdk_examples': CMAKE_PREFIX_PATH=/home/robo/ros2_dy_ws/install/dynamixel_sdk_custom_interfaces:/home/robo/ros2_dy_ws/install/dynamixel_sdk:/home/robo/ros2_dy_ws/install/dynamixel_sdk_examples:/home/robo/ros2_dy_ws/install/cpp_pubsub:/home/robo/ros2_ws/install/turtlesim:/home/robo/ros2_ws/install/positionmotor_massi_pkg:/opt/ros/humble /home/robo/.local/bin/cmake /home/robo/ros2_dy_ws/src/DynamixelSDK/dynamixel_sdk_examples -DAMENT_CMAKE_SYMLINK_INSTALL=1 -DCMAKE_INSTALL_PREFIX=/home/robo/ros2_dy_ws/install/dynamixel_sdk_examples
[0.055s] -- The C compiler identification is GNU 11.4.0
[0.092s] -- The CXX compiler identification is GNU 11.4.0
[0.106s] -- Detecting C compiler ABI info
[0.144s] -- Detecting C compiler ABI info - done
[0.152s] -- Check for working C compiler: /usr/bin/cc - skipped
[0.152s] -- Detecting C compile features
[0.152s] -- Detecting C compile features - done
[0.159s] -- Detecting CXX compiler ABI info
[0.204s] -- Detecting CXX compiler ABI info - done
[0.214s] -- Check for working CXX compiler: /usr/bin/c++ - skipped
[0.214s] -- Detecting CXX compile features
[0.215s] -- Detecting CXX compile features - done
[0.216s] -- Found ament_cmake: 1.3.5 (/opt/ros/humble/share/ament_cmake/cmake)
[0.442s] -- Found Python3: /usr/bin/python3.10 (found version "3.10.12") found components: Interpreter 
[0.481s] -- Override CMake install command with custom implementation using symlinks instead of copying resources
[0.496s] -- Found dynamixel_sdk: 3.7.60 (/home/robo/ros2_dy_ws/install/dynamixel_sdk/share/dynamixel_sdk/cmake)
[0.497s] -- Found dynamixel_sdk_custom_interfaces: 3.7.60 (/home/robo/ros2_dy_ws/install/dynamixel_sdk_custom_interfaces/share/dynamixel_sdk_custom_interfaces/cmake)
[0.523s] -- Found rosidl_generator_c: 3.1.5 (/opt/ros/humble/share/rosidl_generator_c/cmake)
[0.526s] -- Found rosidl_adapter: 3.1.5 (/opt/ros/humble/share/rosidl_adapter/cmake)
[0.532s] -- Found rosidl_generator_cpp: 3.1.5 (/opt/ros/humble/share/rosidl_generator_cpp/cmake)
[0.543s] -- Using all available rosidl_typesupport_c: rosidl_typesupport_fastrtps_c;rosidl_typesupport_introspection_c
[0.558s] -- Using all available rosidl_typesupport_cpp: rosidl_typesupport_fastrtps_cpp;rosidl_typesupport_introspection_cpp
[0.603s] -- Found rclcpp: 16.0.5 (/opt/ros/humble/share/rclcpp/cmake)
[0.648s] -- Found rmw_implementation_cmake: 6.1.1 (/opt/ros/humble/share/rmw_implementation_cmake/cmake)
[0.650s] -- Found rmw_fastrtps_cpp: 6.2.3 (/opt/ros/humble/share/rmw_fastrtps_cpp/cmake)
[0.713s] -- Found OpenSSL: /usr/lib/x86_64-linux-gnu/libcrypto.so (found version "3.0.2")  
[0.734s] -- Found FastRTPS: /opt/ros/humble/include  
[0.765s] -- Using RMW implementation 'rmw_fastrtps_cpp' as default
[0.772s] -- Performing Test CMAKE_HAVE_LIBC_PTHREAD
[0.810s] -- Performing Test CMAKE_HAVE_LIBC_PTHREAD - Success
[0.811s] -- Found Threads: TRUE  
[0.938s] -- Found ament_lint_auto: 0.12.7 (/opt/ros/humble/share/ament_lint_auto/cmake)
[0.990s] -- Added test 'copyright' to check source files copyright and LICENSE
[0.991s] -- Added test 'cppcheck' to perform static code analysis on C / C++ code
[0.991s] -- Configured cppcheck include dirs: /home/robo/ros2_dy_ws/src/DynamixelSDK/dynamixel_sdk_examples/include
[0.991s] -- Configured cppcheck exclude dirs and/or files: 
[0.992s] -- Added test 'cpplint' to check C / C++ code against the Google style
[0.992s] -- Configured cpplint exclude dirs and/or files: 
[0.992s] -- Added test 'lint_cmake' to check CMake code style
[0.993s] -- Added test 'uncrustify' to check C / C++ code style
[0.993s] -- Configured uncrustify additional arguments: 
[0.993s] -- Added test 'xmllint' to check XML markup files
[0.994s] -- Configuring done (1.0s)
[1.000s] -- Generating done (0.0s)
[1.001s] -- Build files have been written to: /home/robo/ros2_dy_ws/build/dynamixel_sdk_examples
[1.011s] Invoked command in '/home/robo/ros2_dy_ws/build/dynamixel_sdk_examples' returned '0': CMAKE_PREFIX_PATH=/home/robo/ros2_dy_ws/install/dynamixel_sdk_custom_interfaces:/home/robo/ros2_dy_ws/install/dynamixel_sdk:/home/robo/ros2_dy_ws/install/dynamixel_sdk_examples:/home/robo/ros2_dy_ws/install/cpp_pubsub:/home/robo/ros2_ws/install/turtlesim:/home/robo/ros2_ws/install/positionmotor_massi_pkg:/opt/ros/humble /home/robo/.local/bin/cmake /home/robo/ros2_dy_ws/src/DynamixelSDK/dynamixel_sdk_examples -DAMENT_CMAKE_SYMLINK_INSTALL=1 -DCMAKE_INSTALL_PREFIX=/home/robo/ros2_dy_ws/install/dynamixel_sdk_examples
[1.011s] Invoking command in '/home/robo/ros2_dy_ws/build/dynamixel_sdk_examples': CMAKE_PREFIX_PATH=/home/robo/ros2_dy_ws/install/dynamixel_sdk_custom_interfaces:/home/robo/ros2_dy_ws/install/dynamixel_sdk:/home/robo/ros2_dy_ws/install/dynamixel_sdk_examples:/home/robo/ros2_dy_ws/install/cpp_pubsub:/home/robo/ros2_ws/install/turtlesim:/home/robo/ros2_ws/install/positionmotor_massi_pkg:/opt/ros/humble /home/robo/.local/bin/cmake --build /home/robo/ros2_dy_ws/build/dynamixel_sdk_examples -- -j12 -l12
[1.039s] [ 50%] [32mBuilding CXX object CMakeFiles/read_write_node.dir/src/read_write_node.cpp.o[0m
[5.852s] [100%] [32m[1mLinking CXX executable read_write_node[0m
[6.064s] [100%] Built target read_write_node
[6.071s] Invoked command in '/home/robo/ros2_dy_ws/build/dynamixel_sdk_examples' returned '0': CMAKE_PREFIX_PATH=/home/robo/ros2_dy_ws/install/dynamixel_sdk_custom_interfaces:/home/robo/ros2_dy_ws/install/dynamixel_sdk:/home/robo/ros2_dy_ws/install/dynamixel_sdk_examples:/home/robo/ros2_dy_ws/install/cpp_pubsub:/home/robo/ros2_ws/install/turtlesim:/home/robo/ros2_ws/install/positionmotor_massi_pkg:/opt/ros/humble /home/robo/.local/bin/cmake --build /home/robo/ros2_dy_ws/build/dynamixel_sdk_examples -- -j12 -l12
[6.098s] Invoking command in '/home/robo/ros2_dy_ws/build/dynamixel_sdk_examples': CMAKE_PREFIX_PATH=/home/robo/ros2_dy_ws/install/dynamixel_sdk_custom_interfaces:/home/robo/ros2_dy_ws/install/dynamixel_sdk:/home/robo/ros2_dy_ws/install/dynamixel_sdk_examples:/home/robo/ros2_dy_ws/install/cpp_pubsub:/home/robo/ros2_ws/install/turtlesim:/home/robo/ros2_ws/install/positionmotor_massi_pkg:/opt/ros/humble /home/robo/.local/bin/cmake --install /home/robo/ros2_dy_ws/build/dynamixel_sdk_examples
[6.113s] -- Install configuration: ""
[6.113s] -- Execute custom install script
[6.113s] -- Symlinking: /home/robo/ros2_dy_ws/install/dynamixel_sdk_examples/lib/dynamixel_sdk_examples/read_write_node
[6.116s] -- Symlinking: /home/robo/ros2_dy_ws/install/dynamixel_sdk_examples/share/ament_index/resource_index/package_run_dependencies/dynamixel_sdk_examples
[6.117s] -- Symlinking: /home/robo/ros2_dy_ws/install/dynamixel_sdk_examples/share/ament_index/resource_index/parent_prefix_path/dynamixel_sdk_examples
[6.119s] -- Symlinking: /home/robo/ros2_dy_ws/install/dynamixel_sdk_examples/share/dynamixel_sdk_examples/environment/ament_prefix_path.sh
[6.121s] -- Symlinking: /home/robo/ros2_dy_ws/install/dynamixel_sdk_examples/share/dynamixel_sdk_examples/environment/ament_prefix_path.dsv
[6.122s] -- Symlinking: /home/robo/ros2_dy_ws/install/dynamixel_sdk_examples/share/dynamixel_sdk_examples/environment/path.sh
[6.124s] -- Symlinking: /home/robo/ros2_dy_ws/install/dynamixel_sdk_examples/share/dynamixel_sdk_examples/environment/path.dsv
[6.126s] -- Symlinking: /home/robo/ros2_dy_ws/install/dynamixel_sdk_examples/share/dynamixel_sdk_examples/local_setup.bash
[6.127s] -- Symlinking: /home/robo/ros2_dy_ws/install/dynamixel_sdk_examples/share/dynamixel_sdk_examples/local_setup.sh
[6.129s] -- Symlinking: /home/robo/ros2_dy_ws/install/dynamixel_sdk_examples/share/dynamixel_sdk_examples/local_setup.zsh
[6.130s] -- Symlinking: /home/robo/ros2_dy_ws/install/dynamixel_sdk_examples/share/dynamixel_sdk_examples/local_setup.dsv
[6.132s] -- Symlinking: /home/robo/ros2_dy_ws/install/dynamixel_sdk_examples/share/dynamixel_sdk_examples/package.dsv
[6.134s] -- Symlinking: /home/robo/ros2_dy_ws/install/dynamixel_sdk_examples/share/ament_index/resource_index/packages/dynamixel_sdk_examples
[6.136s] -- Symlinking: /home/robo/ros2_dy_ws/install/dynamixel_sdk_examples/share/dynamixel_sdk_examples/cmake/dynamixel_sdk_examplesConfig.cmake
[6.138s] -- Symlinking: /home/robo/ros2_dy_ws/install/dynamixel_sdk_examples/share/dynamixel_sdk_examples/cmake/dynamixel_sdk_examplesConfig-version.cmake
[6.140s] -- Symlinking: /home/robo/ros2_dy_ws/install/dynamixel_sdk_examples/share/dynamixel_sdk_examples/package.xml
[6.145s] Invoked command in '/home/robo/ros2_dy_ws/build/dynamixel_sdk_examples' returned '0': CMAKE_PREFIX_PATH=/home/robo/ros2_dy_ws/install/dynamixel_sdk_custom_interfaces:/home/robo/ros2_dy_ws/install/dynamixel_sdk:/home/robo/ros2_dy_ws/install/dynamixel_sdk_examples:/home/robo/ros2_dy_ws/install/cpp_pubsub:/home/robo/ros2_ws/install/turtlesim:/home/robo/ros2_ws/install/positionmotor_massi_pkg:/opt/ros/humble /home/robo/.local/bin/cmake --install /home/robo/ros2_dy_ws/build/dynamixel_sdk_examples
