[0.008s] Invoking command in '/home/robo/ros2_dy_ws/build/dynamixel_sdk_examples': CMAKE_PREFIX_PATH=/home/robo/ros2_dy_ws/install/dynamixel_sdk_custom_interfaces:/home/robo/ros2_dy_ws/install/dynamixel_sdk:/home/robo/ros2_dy_ws/install/dynamixel_sdk_examples:/home/robo/ros2_dy_ws/install/cpp_pubsub:/home/robo/ros2_ws/install/turtlesim:/home/robo/ros2_ws/install/positionmotor_massi_pkg:/opt/ros/humble /home/robo/.local/bin/cmake --build /home/robo/ros2_dy_ws/build/dynamixel_sdk_examples -- -j12 -l12
[0.031s] -- Found ament_cmake: 1.3.5 (/opt/ros/humble/share/ament_cmake/cmake)
[0.156s] -- Override CMake install command with custom implementation using symlinks instead of copying resources
[0.160s] -- Found dynamixel_sdk: 3.7.60 (/home/robo/ros2_dy_ws/install/dynamixel_sdk/share/dynamixel_sdk/cmake)
[0.161s] -- Found dynamixel_sdk_custom_interfaces: 3.7.60 (/home/robo/ros2_dy_ws/install/dynamixel_sdk_custom_interfaces/share/dynamixel_sdk_custom_interfaces/cmake)
[0.178s] -- Found rosidl_generator_c: 3.1.5 (/opt/ros/humble/share/rosidl_generator_c/cmake)
[0.180s] -- Found rosidl_adapter: 3.1.5 (/opt/ros/humble/share/rosidl_adapter/cmake)
[0.184s] -- Found rosidl_generator_cpp: 3.1.5 (/opt/ros/humble/share/rosidl_generator_cpp/cmake)
[0.193s] -- Using all available rosidl_typesupport_c: rosidl_typesupport_fastrtps_c;rosidl_typesupport_introspection_c
[0.204s] -- Using all available rosidl_typesupport_cpp: rosidl_typesupport_fastrtps_cpp;rosidl_typesupport_introspection_cpp
[0.242s] -- Found rclcpp: 16.0.5 (/opt/ros/humble/share/rclcpp/cmake)
[0.276s] -- Found rmw_implementation_cmake: 6.1.1 (/opt/ros/humble/share/rmw_implementation_cmake/cmake)
[0.277s] -- Found rmw_fastrtps_cpp: 6.2.3 (/opt/ros/humble/share/rmw_fastrtps_cpp/cmake)
[0.352s] -- Using RMW implementation 'rmw_fastrtps_cpp' as default
[0.464s] -- Found ament_lint_auto: 0.12.7 (/opt/ros/humble/share/ament_lint_auto/cmake)
[0.505s] -- Added test 'copyright' to check source files copyright and LICENSE
[0.505s] -- Added test 'cppcheck' to perform static code analysis on C / C++ code
[0.505s] -- Configured cppcheck include dirs: /home/robo/ros2_dy_ws/src/DynamixelSDK/dynamixel_sdk_examples/include
[0.505s] -- Configured cppcheck exclude dirs and/or files: 
[0.506s] -- Added test 'cpplint' to check C / C++ code against the Google style
[0.506s] -- Configured cpplint exclude dirs and/or files: 
[0.506s] -- Added test 'lint_cmake' to check CMake code style
[0.507s] -- Added test 'uncrustify' to check C / C++ code style
[0.507s] -- Configured uncrustify additional arguments: 
[0.507s] -- Added test 'xmllint' to check XML markup files
[0.507s] -- Configuring done (0.5s)
[0.518s] -- Generating done (0.0s)
[0.519s] -- Build files have been written to: /home/robo/ros2_dy_ws/build/dynamixel_sdk_examples
[0.533s] [ 12%] [32mBuilding CXX object CMakeFiles/controller.dir/src/dynamixel_controller.cpp.o[0m
[0.537s] [ 37%] Built target read_write_node
[0.538s] [ 62%] Built target pub
[0.538s] [ 87%] Built target sub
[0.633s] [01m[K/home/robo/ros2_dy_ws/src/DynamixelSDK/dynamixel_sdk_examples/src/dynamixel_controller.cpp:10:10:[m[K [01;31m[Kfatal error: [m[K/home/robo/ros2_dy_ws/src/DynamixelSDK/dynamixel_sdk/include/dynamixel_sdk: No such file or directory
[0.633s]    10 | #include [01;31m[K"/home/robo/ros2_dy_ws/src/DynamixelSDK/dynamixel_sdk/include/dynamixel_sdk"[m[K
[0.633s]       |          [01;31m[K^~~~~~~~~~~~~~~~~~~~~~~~~~~~~~~~~~~~~~~~~~~~~~~~~~~~~~~~~~~~~~~~~~~~~~~~~~~~[m[K
[0.634s] compilation terminated.
[0.635s] gmake[2]: *** [CMakeFiles/controller.dir/build.make:76: CMakeFiles/controller.dir/src/dynamixel_controller.cpp.o] Error 1
[0.635s] gmake[1]: *** [CMakeFiles/Makefile2:221: CMakeFiles/controller.dir/all] Error 2
[0.636s] gmake: *** [Makefile:146: all] Error 2
[0.640s] Invoked command in '/home/robo/ros2_dy_ws/build/dynamixel_sdk_examples' returned '2': CMAKE_PREFIX_PATH=/home/robo/ros2_dy_ws/install/dynamixel_sdk_custom_interfaces:/home/robo/ros2_dy_ws/install/dynamixel_sdk:/home/robo/ros2_dy_ws/install/dynamixel_sdk_examples:/home/robo/ros2_dy_ws/install/cpp_pubsub:/home/robo/ros2_ws/install/turtlesim:/home/robo/ros2_ws/install/positionmotor_massi_pkg:/opt/ros/humble /home/robo/.local/bin/cmake --build /home/robo/ros2_dy_ws/build/dynamixel_sdk_examples -- -j12 -l12
