[0.196s] DEBUG:colcon:Command line arguments: ['/usr/bin/colcon', 'build', '--symlink-install']
[0.196s] DEBUG:colcon:Parsed command line arguments: Namespace(log_base=None, log_level=None, verb_name='build', build_base='build', install_base='install', merge_install=False, symlink_install=True, test_result_base=None, continue_on_error=False, executor='parallel', parallel_workers=12, event_handlers=None, ignore_user_meta=False, metas=['./colcon.meta'], base_paths=['.'], packages_ignore=None, packages_ignore_regex=None, paths=None, packages_up_to=None, packages_up_to_regex=None, packages_above=None, packages_above_and_dependencies=None, packages_above_depth=None, packages_select_by_dep=None, packages_skip_by_dep=None, packages_skip_up_to=None, packages_select_build_failed=False, packages_skip_build_finished=False, packages_select_test_failures=False, packages_skip_test_passed=False, packages_select=None, packages_skip=None, packages_select_regex=None, packages_skip_regex=None, packages_start=None, packages_end=None, allow_overriding=[], cmake_args=None, cmake_target=None, cmake_target_skip_unavailable=False, cmake_clean_cache=False, cmake_clean_first=False, cmake_force_configure=False, ament_cmake_args=None, catkin_cmake_args=None, catkin_skip_building_tests=False, verb_parser=<colcon_defaults.argument_parser.defaults.DefaultArgumentsDecorator object at 0x7f23cfcd9de0>, verb_extension=<colcon_core.verb.build.BuildVerb object at 0x7f23d04e8b80>, main=<bound method BuildVerb.main of <colcon_core.verb.build.BuildVerb object at 0x7f23d04e8b80>>)
[0.224s] Level 1:colcon.colcon_core.package_discovery:discover_packages(colcon_meta) check parameters
[0.224s] Level 1:colcon.colcon_core.package_discovery:discover_packages(recursive) check parameters
[0.224s] Level 1:colcon.colcon_core.package_discovery:discover_packages(ignore) check parameters
[0.224s] Level 1:colcon.colcon_core.package_discovery:discover_packages(path) check parameters
[0.224s] Level 1:colcon.colcon_core.package_discovery:discover_packages(colcon_meta) discover
[0.224s] Level 1:colcon.colcon_core.package_discovery:discover_packages(recursive) discover
[0.224s] INFO:colcon.colcon_core.package_discovery:Crawling recursively for packages in '/home/robo/ros2_dy_ws/src'
[0.224s] Level 1:colcon.colcon_core.package_identification:_identify(.) by extensions ['ignore', 'ignore_ament_install']
[0.224s] Level 1:colcon.colcon_core.package_identification:_identify(.) by extension 'ignore'
[0.224s] Level 1:colcon.colcon_core.package_identification:_identify(.) by extension 'ignore_ament_install'
[0.224s] Level 1:colcon.colcon_core.package_identification:_identify(.) by extensions ['colcon_pkg']
[0.224s] Level 1:colcon.colcon_core.package_identification:_identify(.) by extension 'colcon_pkg'
[0.224s] Level 1:colcon.colcon_core.package_identification:_identify(.) by extensions ['colcon_meta']
[0.224s] Level 1:colcon.colcon_core.package_identification:_identify(.) by extension 'colcon_meta'
[0.224s] Level 1:colcon.colcon_core.package_identification:_identify(.) by extensions ['ros']
[0.224s] Level 1:colcon.colcon_core.package_identification:_identify(.) by extension 'ros'
[0.232s] Level 1:colcon.colcon_core.package_identification:_identify(.) by extensions ['cmake', 'python']
[0.232s] Level 1:colcon.colcon_core.package_identification:_identify(.) by extension 'cmake'
[0.232s] Level 1:colcon.colcon_core.package_identification:_identify(.) by extension 'python'
[0.232s] Level 1:colcon.colcon_core.package_identification:_identify(.) by extensions ['python_setup_py']
[0.232s] Level 1:colcon.colcon_core.package_identification:_identify(.) by extension 'python_setup_py'
[0.232s] Level 1:colcon.colcon_core.package_identification:_identify(DynamixelSDK) by extensions ['ignore', 'ignore_ament_install']
[0.232s] Level 1:colcon.colcon_core.package_identification:_identify(DynamixelSDK) by extension 'ignore'
[0.232s] Level 1:colcon.colcon_core.package_identification:_identify(DynamixelSDK) by extension 'ignore_ament_install'
[0.232s] Level 1:colcon.colcon_core.package_identification:_identify(DynamixelSDK) by extensions ['colcon_pkg']
[0.232s] Level 1:colcon.colcon_core.package_identification:_identify(DynamixelSDK) by extension 'colcon_pkg'
[0.232s] Level 1:colcon.colcon_core.package_identification:_identify(DynamixelSDK) by extensions ['colcon_meta']
[0.232s] Level 1:colcon.colcon_core.package_identification:_identify(DynamixelSDK) by extension 'colcon_meta'
[0.232s] Level 1:colcon.colcon_core.package_identification:_identify(DynamixelSDK) by extensions ['ros']
[0.232s] Level 1:colcon.colcon_core.package_identification:_identify(DynamixelSDK) by extension 'ros'
[0.232s] Level 1:colcon.colcon_core.package_identification:_identify(DynamixelSDK) by extensions ['cmake', 'python']
[0.232s] Level 1:colcon.colcon_core.package_identification:_identify(DynamixelSDK) by extension 'cmake'
[0.232s] Level 1:colcon.colcon_core.package_identification:_identify(DynamixelSDK) by extension 'python'
[0.232s] Level 1:colcon.colcon_core.package_identification:_identify(DynamixelSDK) by extensions ['python_setup_py']
[0.232s] Level 1:colcon.colcon_core.package_identification:_identify(DynamixelSDK) by extension 'python_setup_py'
[0.232s] Level 1:colcon.colcon_core.package_identification:_identify(DynamixelSDK/dynamixel_sdk) by extensions ['ignore', 'ignore_ament_install']
[0.232s] Level 1:colcon.colcon_core.package_identification:_identify(DynamixelSDK/dynamixel_sdk) by extension 'ignore'
[0.232s] Level 1:colcon.colcon_core.package_identification:_identify(DynamixelSDK/dynamixel_sdk) by extension 'ignore_ament_install'
[0.232s] Level 1:colcon.colcon_core.package_identification:_identify(DynamixelSDK/dynamixel_sdk) by extensions ['colcon_pkg']
[0.232s] Level 1:colcon.colcon_core.package_identification:_identify(DynamixelSDK/dynamixel_sdk) by extension 'colcon_pkg'
[0.232s] Level 1:colcon.colcon_core.package_identification:_identify(DynamixelSDK/dynamixel_sdk) by extensions ['colcon_meta']
[0.232s] Level 1:colcon.colcon_core.package_identification:_identify(DynamixelSDK/dynamixel_sdk) by extension 'colcon_meta'
[0.232s] Level 1:colcon.colcon_core.package_identification:_identify(DynamixelSDK/dynamixel_sdk) by extensions ['ros']
[0.232s] Level 1:colcon.colcon_core.package_identification:_identify(DynamixelSDK/dynamixel_sdk) by extension 'ros'
[0.234s] DEBUG:colcon.colcon_core.package_identification:Package 'DynamixelSDK/dynamixel_sdk' with type 'ros.ament_cmake' and name 'dynamixel_sdk'
[0.234s] Level 1:colcon.colcon_core.package_identification:_identify(DynamixelSDK/dynamixel_sdk_custom_interfaces) by extensions ['ignore', 'ignore_ament_install']
[0.234s] Level 1:colcon.colcon_core.package_identification:_identify(DynamixelSDK/dynamixel_sdk_custom_interfaces) by extension 'ignore'
[0.234s] Level 1:colcon.colcon_core.package_identification:_identify(DynamixelSDK/dynamixel_sdk_custom_interfaces) by extension 'ignore_ament_install'
[0.234s] Level 1:colcon.colcon_core.package_identification:_identify(DynamixelSDK/dynamixel_sdk_custom_interfaces) by extensions ['colcon_pkg']
[0.234s] Level 1:colcon.colcon_core.package_identification:_identify(DynamixelSDK/dynamixel_sdk_custom_interfaces) by extension 'colcon_pkg'
[0.234s] Level 1:colcon.colcon_core.package_identification:_identify(DynamixelSDK/dynamixel_sdk_custom_interfaces) by extensions ['colcon_meta']
[0.234s] Level 1:colcon.colcon_core.package_identification:_identify(DynamixelSDK/dynamixel_sdk_custom_interfaces) by extension 'colcon_meta'
[0.234s] Level 1:colcon.colcon_core.package_identification:_identify(DynamixelSDK/dynamixel_sdk_custom_interfaces) by extensions ['ros']
[0.234s] Level 1:colcon.colcon_core.package_identification:_identify(DynamixelSDK/dynamixel_sdk_custom_interfaces) by extension 'ros'
[0.235s] DEBUG:colcon.colcon_core.package_identification:Package 'DynamixelSDK/dynamixel_sdk_custom_interfaces' with type 'ros.ament_cmake' and name 'dynamixel_sdk_custom_interfaces'
[0.235s] Level 1:colcon.colcon_core.package_identification:_identify(DynamixelSDK/dynamixel_sdk_examples) by extensions ['ignore', 'ignore_ament_install']
[0.235s] Level 1:colcon.colcon_core.package_identification:_identify(DynamixelSDK/dynamixel_sdk_examples) by extension 'ignore'
[0.235s] Level 1:colcon.colcon_core.package_identification:_identify(DynamixelSDK/dynamixel_sdk_examples) by extension 'ignore_ament_install'
[0.235s] Level 1:colcon.colcon_core.package_identification:_identify(DynamixelSDK/dynamixel_sdk_examples) by extensions ['colcon_pkg']
[0.235s] Level 1:colcon.colcon_core.package_identification:_identify(DynamixelSDK/dynamixel_sdk_examples) by extension 'colcon_pkg'
[0.235s] Level 1:colcon.colcon_core.package_identification:_identify(DynamixelSDK/dynamixel_sdk_examples) by extensions ['colcon_meta']
[0.235s] Level 1:colcon.colcon_core.package_identification:_identify(DynamixelSDK/dynamixel_sdk_examples) by extension 'colcon_meta'
[0.235s] Level 1:colcon.colcon_core.package_identification:_identify(DynamixelSDK/dynamixel_sdk_examples) by extensions ['ros']
[0.235s] Level 1:colcon.colcon_core.package_identification:_identify(DynamixelSDK/dynamixel_sdk_examples) by extension 'ros'
[0.235s] DEBUG:colcon.colcon_core.package_identification:Package 'DynamixelSDK/dynamixel_sdk_examples' with type 'ros.ament_cmake' and name 'dynamixel_sdk_examples'
[0.235s] Level 1:colcon.colcon_core.package_identification:_identify(build) by extensions ['ignore', 'ignore_ament_install']
[0.235s] Level 1:colcon.colcon_core.package_identification:_identify(build) by extension 'ignore'
[0.235s] Level 1:colcon.colcon_core.package_identification:_identify(build) ignored
[0.236s] Level 1:colcon.colcon_core.package_identification:_identify(cpp_pubsub) by extensions ['ignore', 'ignore_ament_install']
[0.236s] Level 1:colcon.colcon_core.package_identification:_identify(cpp_pubsub) by extension 'ignore'
[0.236s] Level 1:colcon.colcon_core.package_identification:_identify(cpp_pubsub) by extension 'ignore_ament_install'
[0.236s] Level 1:colcon.colcon_core.package_identification:_identify(cpp_pubsub) by extensions ['colcon_pkg']
[0.236s] Level 1:colcon.colcon_core.package_identification:_identify(cpp_pubsub) by extension 'colcon_pkg'
[0.236s] Level 1:colcon.colcon_core.package_identification:_identify(cpp_pubsub) by extensions ['colcon_meta']
[0.236s] Level 1:colcon.colcon_core.package_identification:_identify(cpp_pubsub) by extension 'colcon_meta'
[0.236s] Level 1:colcon.colcon_core.package_identification:_identify(cpp_pubsub) by extensions ['ros']
[0.236s] Level 1:colcon.colcon_core.package_identification:_identify(cpp_pubsub) by extension 'ros'
[0.236s] DEBUG:colcon.colcon_core.package_identification:Package 'cpp_pubsub' with type 'ros.ament_cmake' and name 'cpp_pubsub'
[0.236s] Level 1:colcon.colcon_core.package_identification:_identify(install) by extensions ['ignore', 'ignore_ament_install']
[0.236s] Level 1:colcon.colcon_core.package_identification:_identify(install) by extension 'ignore'
[0.236s] Level 1:colcon.colcon_core.package_identification:_identify(install) ignored
[0.236s] Level 1:colcon.colcon_core.package_identification:_identify(log) by extensions ['ignore', 'ignore_ament_install']
[0.236s] Level 1:colcon.colcon_core.package_identification:_identify(log) by extension 'ignore'
[0.236s] Level 1:colcon.colcon_core.package_identification:_identify(log) ignored
[0.236s] Level 1:colcon.colcon_core.package_discovery:discover_packages(recursive) using defaults
[0.236s] Level 1:colcon.colcon_core.package_discovery:discover_packages(ignore) discover
[0.236s] Level 1:colcon.colcon_core.package_discovery:discover_packages(ignore) using defaults
[0.236s] Level 1:colcon.colcon_core.package_discovery:discover_packages(path) discover
[0.236s] Level 1:colcon.colcon_core.package_discovery:discover_packages(path) using defaults
[0.255s] Level 1:colcon.colcon_core.package_discovery:discover_packages(prefix_path) check parameters
[0.255s] Level 1:colcon.colcon_core.package_discovery:discover_packages(prefix_path) discover
[0.257s] DEBUG:colcon.colcon_installed_package_information.package_discovery:Found 270 installed packages in /opt/ros/humble
[0.258s] Level 1:colcon.colcon_core.package_discovery:discover_packages(prefix_path) using defaults
[0.287s] Level 5:colcon.colcon_core.verb:set package 'cpp_pubsub' build argument 'cmake_args' from command line to 'None'
[0.287s] Level 5:colcon.colcon_core.verb:set package 'cpp_pubsub' build argument 'cmake_target' from command line to 'None'
[0.287s] Level 5:colcon.colcon_core.verb:set package 'cpp_pubsub' build argument 'cmake_target_skip_unavailable' from command line to 'False'
[0.287s] Level 5:colcon.colcon_core.verb:set package 'cpp_pubsub' build argument 'cmake_clean_cache' from command line to 'False'
[0.287s] Level 5:colcon.colcon_core.verb:set package 'cpp_pubsub' build argument 'cmake_clean_first' from command line to 'False'
[0.287s] Level 5:colcon.colcon_core.verb:set package 'cpp_pubsub' build argument 'cmake_force_configure' from command line to 'False'
[0.287s] Level 5:colcon.colcon_core.verb:set package 'cpp_pubsub' build argument 'ament_cmake_args' from command line to 'None'
[0.287s] Level 5:colcon.colcon_core.verb:set package 'cpp_pubsub' build argument 'catkin_cmake_args' from command line to 'None'
[0.287s] Level 5:colcon.colcon_core.verb:set package 'cpp_pubsub' build argument 'catkin_skip_building_tests' from command line to 'False'
[0.287s] DEBUG:colcon.colcon_core.verb:Building package 'cpp_pubsub' with the following arguments: {'ament_cmake_args': None, 'build_base': '/home/robo/ros2_dy_ws/src/build/cpp_pubsub', 'catkin_cmake_args': None, 'catkin_skip_building_tests': False, 'cmake_args': None, 'cmake_clean_cache': False, 'cmake_clean_first': False, 'cmake_force_configure': False, 'cmake_target': None, 'cmake_target_skip_unavailable': False, 'install_base': '/home/robo/ros2_dy_ws/src/install/cpp_pubsub', 'merge_install': False, 'path': '/home/robo/ros2_dy_ws/src/cpp_pubsub', 'symlink_install': True, 'test_result_base': None}
[0.288s] Level 5:colcon.colcon_core.verb:set package 'dynamixel_sdk' build argument 'cmake_args' from command line to 'None'
[0.288s] Level 5:colcon.colcon_core.verb:set package 'dynamixel_sdk' build argument 'cmake_target' from command line to 'None'
[0.288s] Level 5:colcon.colcon_core.verb:set package 'dynamixel_sdk' build argument 'cmake_target_skip_unavailable' from command line to 'False'
[0.288s] Level 5:colcon.colcon_core.verb:set package 'dynamixel_sdk' build argument 'cmake_clean_cache' from command line to 'False'
[0.288s] Level 5:colcon.colcon_core.verb:set package 'dynamixel_sdk' build argument 'cmake_clean_first' from command line to 'False'
[0.288s] Level 5:colcon.colcon_core.verb:set package 'dynamixel_sdk' build argument 'cmake_force_configure' from command line to 'False'
[0.288s] Level 5:colcon.colcon_core.verb:set package 'dynamixel_sdk' build argument 'ament_cmake_args' from command line to 'None'
[0.288s] Level 5:colcon.colcon_core.verb:set package 'dynamixel_sdk' build argument 'catkin_cmake_args' from command line to 'None'
[0.288s] Level 5:colcon.colcon_core.verb:set package 'dynamixel_sdk' build argument 'catkin_skip_building_tests' from command line to 'False'
[0.288s] DEBUG:colcon.colcon_core.verb:Building package 'dynamixel_sdk' with the following arguments: {'ament_cmake_args': None, 'build_base': '/home/robo/ros2_dy_ws/src/build/dynamixel_sdk', 'catkin_cmake_args': None, 'catkin_skip_building_tests': False, 'cmake_args': None, 'cmake_clean_cache': False, 'cmake_clean_first': False, 'cmake_force_configure': False, 'cmake_target': None, 'cmake_target_skip_unavailable': False, 'install_base': '/home/robo/ros2_dy_ws/src/install/dynamixel_sdk', 'merge_install': False, 'path': '/home/robo/ros2_dy_ws/src/DynamixelSDK/dynamixel_sdk', 'symlink_install': True, 'test_result_base': None}
[0.288s] Level 5:colcon.colcon_core.verb:set package 'dynamixel_sdk_custom_interfaces' build argument 'cmake_args' from command line to 'None'
[0.289s] Level 5:colcon.colcon_core.verb:set package 'dynamixel_sdk_custom_interfaces' build argument 'cmake_target' from command line to 'None'
[0.289s] Level 5:colcon.colcon_core.verb:set package 'dynamixel_sdk_custom_interfaces' build argument 'cmake_target_skip_unavailable' from command line to 'False'
[0.289s] Level 5:colcon.colcon_core.verb:set package 'dynamixel_sdk_custom_interfaces' build argument 'cmake_clean_cache' from command line to 'False'
[0.289s] Level 5:colcon.colcon_core.verb:set package 'dynamixel_sdk_custom_interfaces' build argument 'cmake_clean_first' from command line to 'False'
[0.289s] Level 5:colcon.colcon_core.verb:set package 'dynamixel_sdk_custom_interfaces' build argument 'cmake_force_configure' from command line to 'False'
[0.289s] Level 5:colcon.colcon_core.verb:set package 'dynamixel_sdk_custom_interfaces' build argument 'ament_cmake_args' from command line to 'None'
[0.289s] Level 5:colcon.colcon_core.verb:set package 'dynamixel_sdk_custom_interfaces' build argument 'catkin_cmake_args' from command line to 'None'
[0.289s] Level 5:colcon.colcon_core.verb:set package 'dynamixel_sdk_custom_interfaces' build argument 'catkin_skip_building_tests' from command line to 'False'
[0.289s] DEBUG:colcon.colcon_core.verb:Building package 'dynamixel_sdk_custom_interfaces' with the following arguments: {'ament_cmake_args': None, 'build_base': '/home/robo/ros2_dy_ws/src/build/dynamixel_sdk_custom_interfaces', 'catkin_cmake_args': None, 'catkin_skip_building_tests': False, 'cmake_args': None, 'cmake_clean_cache': False, 'cmake_clean_first': False, 'cmake_force_configure': False, 'cmake_target': None, 'cmake_target_skip_unavailable': False, 'install_base': '/home/robo/ros2_dy_ws/src/install/dynamixel_sdk_custom_interfaces', 'merge_install': False, 'path': '/home/robo/ros2_dy_ws/src/DynamixelSDK/dynamixel_sdk_custom_interfaces', 'symlink_install': True, 'test_result_base': None}
[0.289s] Level 5:colcon.colcon_core.verb:set package 'dynamixel_sdk_examples' build argument 'cmake_args' from command line to 'None'
[0.289s] Level 5:colcon.colcon_core.verb:set package 'dynamixel_sdk_examples' build argument 'cmake_target' from command line to 'None'
[0.289s] Level 5:colcon.colcon_core.verb:set package 'dynamixel_sdk_examples' build argument 'cmake_target_skip_unavailable' from command line to 'False'
[0.289s] Level 5:colcon.colcon_core.verb:set package 'dynamixel_sdk_examples' build argument 'cmake_clean_cache' from command line to 'False'
[0.289s] Level 5:colcon.colcon_core.verb:set package 'dynamixel_sdk_examples' build argument 'cmake_clean_first' from command line to 'False'
[0.289s] Level 5:colcon.colcon_core.verb:set package 'dynamixel_sdk_examples' build argument 'cmake_force_configure' from command line to 'False'
[0.289s] Level 5:colcon.colcon_core.verb:set package 'dynamixel_sdk_examples' build argument 'ament_cmake_args' from command line to 'None'
[0.289s] Level 5:colcon.colcon_core.verb:set package 'dynamixel_sdk_examples' build argument 'catkin_cmake_args' from command line to 'None'
[0.289s] Level 5:colcon.colcon_core.verb:set package 'dynamixel_sdk_examples' build argument 'catkin_skip_building_tests' from command line to 'False'
[0.289s] DEBUG:colcon.colcon_core.verb:Building package 'dynamixel_sdk_examples' with the following arguments: {'ament_cmake_args': None, 'build_base': '/home/robo/ros2_dy_ws/src/build/dynamixel_sdk_examples', 'catkin_cmake_args': None, 'catkin_skip_building_tests': False, 'cmake_args': None, 'cmake_clean_cache': False, 'cmake_clean_first': False, 'cmake_force_configure': False, 'cmake_target': None, 'cmake_target_skip_unavailable': False, 'install_base': '/home/robo/ros2_dy_ws/src/install/dynamixel_sdk_examples', 'merge_install': False, 'path': '/home/robo/ros2_dy_ws/src/DynamixelSDK/dynamixel_sdk_examples', 'symlink_install': True, 'test_result_base': None}
[0.289s] INFO:colcon.colcon_core.executor:Executing jobs using 'parallel' executor
[0.291s] DEBUG:colcon.colcon_parallel_executor.executor.parallel:run_until_complete
[0.292s] INFO:colcon.colcon_ros.task.ament_cmake.build:Building ROS package in '/home/robo/ros2_dy_ws/src/DynamixelSDK/dynamixel_sdk' with build type 'ament_cmake'
[0.292s] INFO:colcon.colcon_cmake.task.cmake.build:Building CMake package in '/home/robo/ros2_dy_ws/src/DynamixelSDK/dynamixel_sdk'
[0.295s] INFO:colcon.colcon_core.plugin_system:Skipping extension 'colcon_core.shell.bat': Not used on non-Windows systems
[0.295s] INFO:colcon.colcon_core.shell:Skip shell extension 'powershell' for command environment: Not usable outside of PowerShell
[0.295s] DEBUG:colcon.colcon_core.shell:Skip shell extension 'dsv' for command environment
[0.297s] INFO:colcon.colcon_ros.task.ament_cmake.build:Building ROS package in '/home/robo/ros2_dy_ws/src/DynamixelSDK/dynamixel_sdk_custom_interfaces' with build type 'ament_cmake'
[0.297s] INFO:colcon.colcon_cmake.task.cmake.build:Building CMake package in '/home/robo/ros2_dy_ws/src/DynamixelSDK/dynamixel_sdk_custom_interfaces'
[0.298s] INFO:colcon.colcon_core.shell:Skip shell extension 'powershell' for command environment: Not usable outside of PowerShell
[0.298s] DEBUG:colcon.colcon_core.shell:Skip shell extension 'dsv' for command environment
[0.300s] INFO:colcon.colcon_ros.task.ament_cmake.build:Building ROS package in '/home/robo/ros2_dy_ws/src/cpp_pubsub' with build type 'ament_cmake'
[0.300s] INFO:colcon.colcon_cmake.task.cmake.build:Building CMake package in '/home/robo/ros2_dy_ws/src/cpp_pubsub'
[0.301s] INFO:colcon.colcon_core.shell:Skip shell extension 'powershell' for command environment: Not usable outside of PowerShell
[0.301s] DEBUG:colcon.colcon_core.shell:Skip shell extension 'dsv' for command environment
[0.304s] DEBUG:colcon.colcon_core.event_handler.log_command:Invoking command in '/home/robo/ros2_dy_ws/src/build/dynamixel_sdk': CMAKE_PREFIX_PATH=/opt/ros/humble /home/robo/.local/bin/cmake /home/robo/ros2_dy_ws/src/DynamixelSDK/dynamixel_sdk -DAMENT_CMAKE_SYMLINK_INSTALL=1 -DCMAKE_INSTALL_PREFIX=/home/robo/ros2_dy_ws/src/install/dynamixel_sdk
[0.307s] DEBUG:colcon.colcon_core.event_handler.log_command:Invoking command in '/home/robo/ros2_dy_ws/src/build/dynamixel_sdk_custom_interfaces': CMAKE_PREFIX_PATH=/opt/ros/humble /home/robo/.local/bin/cmake /home/robo/ros2_dy_ws/src/DynamixelSDK/dynamixel_sdk_custom_interfaces -DAMENT_CMAKE_SYMLINK_INSTALL=1 -DCMAKE_INSTALL_PREFIX=/home/robo/ros2_dy_ws/src/install/dynamixel_sdk_custom_interfaces
[0.311s] DEBUG:colcon.colcon_core.event_handler.log_command:Invoking command in '/home/robo/ros2_dy_ws/src/build/cpp_pubsub': CMAKE_PREFIX_PATH=/opt/ros/humble /home/robo/.local/bin/cmake /home/robo/ros2_dy_ws/src/cpp_pubsub -DAMENT_CMAKE_SYMLINK_INSTALL=1 -DCMAKE_INSTALL_PREFIX=/home/robo/ros2_dy_ws/src/install/cpp_pubsub
[0.968s] DEBUG:colcon.colcon_core.event_handler.log_command:Invoked command in '/home/robo/ros2_dy_ws/src/build/dynamixel_sdk' returned '0': CMAKE_PREFIX_PATH=/opt/ros/humble /home/robo/.local/bin/cmake /home/robo/ros2_dy_ws/src/DynamixelSDK/dynamixel_sdk -DAMENT_CMAKE_SYMLINK_INSTALL=1 -DCMAKE_INSTALL_PREFIX=/home/robo/ros2_dy_ws/src/install/dynamixel_sdk
[0.970s] DEBUG:colcon.colcon_core.event_handler.log_command:Invoking command in '/home/robo/ros2_dy_ws/src/build/dynamixel_sdk': CMAKE_PREFIX_PATH=/opt/ros/humble /home/robo/.local/bin/cmake --build /home/robo/ros2_dy_ws/src/build/dynamixel_sdk -- -j12 -l12
[1.358s] DEBUG:colcon.colcon_core.event_handler.log_command:Invoked command in '/home/robo/ros2_dy_ws/src/build/cpp_pubsub' returned '0': CMAKE_PREFIX_PATH=/opt/ros/humble /home/robo/.local/bin/cmake /home/robo/ros2_dy_ws/src/cpp_pubsub -DAMENT_CMAKE_SYMLINK_INSTALL=1 -DCMAKE_INSTALL_PREFIX=/home/robo/ros2_dy_ws/src/install/cpp_pubsub
[1.359s] DEBUG:colcon.colcon_core.event_handler.log_command:Invoking command in '/home/robo/ros2_dy_ws/src/build/cpp_pubsub': CMAKE_PREFIX_PATH=/opt/ros/humble /home/robo/.local/bin/cmake --build /home/robo/ros2_dy_ws/src/build/cpp_pubsub -- -j12 -l12
[1.463s] DEBUG:colcon.colcon_core.event_handler.log_command:Invoked command in '/home/robo/ros2_dy_ws/src/build/dynamixel_sdk' returned '0': CMAKE_PREFIX_PATH=/opt/ros/humble /home/robo/.local/bin/cmake --build /home/robo/ros2_dy_ws/src/build/dynamixel_sdk -- -j12 -l12
[1.516s] DEBUG:colcon.colcon_core.event_handler.log_command:Invoking command in '/home/robo/ros2_dy_ws/src/build/dynamixel_sdk': CMAKE_PREFIX_PATH=/opt/ros/humble /home/robo/.local/bin/cmake --install /home/robo/ros2_dy_ws/src/build/dynamixel_sdk
[1.595s] Level 1:colcon.colcon_core.environment:create_environment_scripts_only(dynamixel_sdk)
[1.596s] DEBUG:colcon.colcon_core.event_handler.log_command:Invoked command in '/home/robo/ros2_dy_ws/src/build/dynamixel_sdk' returned '0': CMAKE_PREFIX_PATH=/opt/ros/humble /home/robo/.local/bin/cmake --install /home/robo/ros2_dy_ws/src/build/dynamixel_sdk
[1.600s] Level 1:colcon.colcon_core.environment:checking '/home/robo/ros2_dy_ws/src/install/dynamixel_sdk' for CMake module files
[1.600s] Level 1:colcon.colcon_core.environment:checking '/home/robo/ros2_dy_ws/src/install/dynamixel_sdk' for CMake config files
[1.601s] Level 1:colcon.colcon_core.shell:create_environment_hook('dynamixel_sdk', 'cmake_prefix_path')
[1.601s] INFO:colcon.colcon_core.shell:Creating environment hook '/home/robo/ros2_dy_ws/src/install/dynamixel_sdk/share/dynamixel_sdk/hook/cmake_prefix_path.ps1'
[1.602s] INFO:colcon.colcon_core.shell:Creating environment descriptor '/home/robo/ros2_dy_ws/src/install/dynamixel_sdk/share/dynamixel_sdk/hook/cmake_prefix_path.dsv'
[1.603s] INFO:colcon.colcon_core.shell:Creating environment hook '/home/robo/ros2_dy_ws/src/install/dynamixel_sdk/share/dynamixel_sdk/hook/cmake_prefix_path.sh'
[1.603s] Level 1:colcon.colcon_core.environment:checking '/home/robo/ros2_dy_ws/src/install/dynamixel_sdk/lib'
[1.604s] Level 1:colcon.colcon_core.shell:create_environment_hook('dynamixel_sdk', 'ld_library_path_lib')
[1.605s] INFO:colcon.colcon_core.shell:Creating environment hook '/home/robo/ros2_dy_ws/src/install/dynamixel_sdk/share/dynamixel_sdk/hook/ld_library_path_lib.ps1'
[1.605s] INFO:colcon.colcon_core.shell:Creating environment descriptor '/home/robo/ros2_dy_ws/src/install/dynamixel_sdk/share/dynamixel_sdk/hook/ld_library_path_lib.dsv'
[1.606s] INFO:colcon.colcon_core.shell:Creating environment hook '/home/robo/ros2_dy_ws/src/install/dynamixel_sdk/share/dynamixel_sdk/hook/ld_library_path_lib.sh'
[1.606s] Level 1:colcon.colcon_core.environment:checking '/home/robo/ros2_dy_ws/src/install/dynamixel_sdk/bin'
[1.606s] Level 1:colcon.colcon_core.environment:checking '/home/robo/ros2_dy_ws/src/install/dynamixel_sdk/lib/pkgconfig/dynamixel_sdk.pc'
[1.606s] Level 1:colcon.colcon_core.environment:checking '/home/robo/ros2_dy_ws/src/install/dynamixel_sdk/lib/python3.10/site-packages'
[1.606s] Level 1:colcon.colcon_core.environment:checking '/home/robo/ros2_dy_ws/src/install/dynamixel_sdk/bin'
[1.608s] INFO:colcon.colcon_core.shell:Creating package script '/home/robo/ros2_dy_ws/src/install/dynamixel_sdk/share/dynamixel_sdk/package.ps1'
[1.609s] INFO:colcon.colcon_core.shell:Creating package descriptor '/home/robo/ros2_dy_ws/src/install/dynamixel_sdk/share/dynamixel_sdk/package.dsv'
[1.609s] INFO:colcon.colcon_core.shell:Creating package script '/home/robo/ros2_dy_ws/src/install/dynamixel_sdk/share/dynamixel_sdk/package.sh'
[1.610s] INFO:colcon.colcon_core.shell:Creating package script '/home/robo/ros2_dy_ws/src/install/dynamixel_sdk/share/dynamixel_sdk/package.bash'
[1.611s] INFO:colcon.colcon_core.shell:Creating package script '/home/robo/ros2_dy_ws/src/install/dynamixel_sdk/share/dynamixel_sdk/package.zsh'
[1.611s] Level 1:colcon.colcon_core.environment:create_file_with_runtime_dependencies(/home/robo/ros2_dy_ws/src/install/dynamixel_sdk/share/colcon-core/packages/dynamixel_sdk)
[1.650s] Level 1:colcon.colcon_core.environment:create_environment_scripts_only(dynamixel_sdk)
[1.652s] Level 1:colcon.colcon_core.environment:checking '/home/robo/ros2_dy_ws/src/install/dynamixel_sdk' for CMake module files
[1.653s] Level 1:colcon.colcon_core.environment:checking '/home/robo/ros2_dy_ws/src/install/dynamixel_sdk' for CMake config files
[1.653s] Level 1:colcon.colcon_core.shell:create_environment_hook('dynamixel_sdk', 'cmake_prefix_path')
[1.655s] INFO:colcon.colcon_core.shell:Creating environment hook '/home/robo/ros2_dy_ws/src/install/dynamixel_sdk/share/dynamixel_sdk/hook/cmake_prefix_path.ps1'
[1.655s] INFO:colcon.colcon_core.shell:Creating environment descriptor '/home/robo/ros2_dy_ws/src/install/dynamixel_sdk/share/dynamixel_sdk/hook/cmake_prefix_path.dsv'
[1.655s] INFO:colcon.colcon_core.shell:Creating environment hook '/home/robo/ros2_dy_ws/src/install/dynamixel_sdk/share/dynamixel_sdk/hook/cmake_prefix_path.sh'
[1.656s] Level 1:colcon.colcon_core.environment:checking '/home/robo/ros2_dy_ws/src/install/dynamixel_sdk/lib'
[1.656s] Level 1:colcon.colcon_core.shell:create_environment_hook('dynamixel_sdk', 'ld_library_path_lib')
[1.657s] INFO:colcon.colcon_core.shell:Creating environment hook '/home/robo/ros2_dy_ws/src/install/dynamixel_sdk/share/dynamixel_sdk/hook/ld_library_path_lib.ps1'
[1.658s] INFO:colcon.colcon_core.shell:Creating environment descriptor '/home/robo/ros2_dy_ws/src/install/dynamixel_sdk/share/dynamixel_sdk/hook/ld_library_path_lib.dsv'
[1.658s] INFO:colcon.colcon_core.shell:Creating environment hook '/home/robo/ros2_dy_ws/src/install/dynamixel_sdk/share/dynamixel_sdk/hook/ld_library_path_lib.sh'
[1.658s] Level 1:colcon.colcon_core.environment:checking '/home/robo/ros2_dy_ws/src/install/dynamixel_sdk/bin'
[1.658s] Level 1:colcon.colcon_core.environment:checking '/home/robo/ros2_dy_ws/src/install/dynamixel_sdk/lib/pkgconfig/dynamixel_sdk.pc'
[1.659s] Level 1:colcon.colcon_core.environment:checking '/home/robo/ros2_dy_ws/src/install/dynamixel_sdk/lib/python3.10/site-packages'
[1.659s] Level 1:colcon.colcon_core.environment:checking '/home/robo/ros2_dy_ws/src/install/dynamixel_sdk/bin'
[1.660s] INFO:colcon.colcon_core.shell:Creating package script '/home/robo/ros2_dy_ws/src/install/dynamixel_sdk/share/dynamixel_sdk/package.ps1'
[1.661s] INFO:colcon.colcon_core.shell:Creating package descriptor '/home/robo/ros2_dy_ws/src/install/dynamixel_sdk/share/dynamixel_sdk/package.dsv'
[1.661s] INFO:colcon.colcon_core.shell:Creating package script '/home/robo/ros2_dy_ws/src/install/dynamixel_sdk/share/dynamixel_sdk/package.sh'
[1.662s] INFO:colcon.colcon_core.shell:Creating package script '/home/robo/ros2_dy_ws/src/install/dynamixel_sdk/share/dynamixel_sdk/package.bash'
[1.662s] INFO:colcon.colcon_core.shell:Creating package script '/home/robo/ros2_dy_ws/src/install/dynamixel_sdk/share/dynamixel_sdk/package.zsh'
[1.662s] Level 1:colcon.colcon_core.environment:create_file_with_runtime_dependencies(/home/robo/ros2_dy_ws/src/install/dynamixel_sdk/share/colcon-core/packages/dynamixel_sdk)
[2.256s] DEBUG:colcon.colcon_core.event_handler.log_command:Invoked command in '/home/robo/ros2_dy_ws/src/build/dynamixel_sdk_custom_interfaces' returned '0': CMAKE_PREFIX_PATH=/opt/ros/humble /home/robo/.local/bin/cmake /home/robo/ros2_dy_ws/src/DynamixelSDK/dynamixel_sdk_custom_interfaces -DAMENT_CMAKE_SYMLINK_INSTALL=1 -DCMAKE_INSTALL_PREFIX=/home/robo/ros2_dy_ws/src/install/dynamixel_sdk_custom_interfaces
[2.258s] DEBUG:colcon.colcon_core.event_handler.log_command:Invoking command in '/home/robo/ros2_dy_ws/src/build/dynamixel_sdk_custom_interfaces': CMAKE_PREFIX_PATH=/opt/ros/humble /home/robo/.local/bin/cmake --build /home/robo/ros2_dy_ws/src/build/dynamixel_sdk_custom_interfaces -- -j12 -l12
[4.094s] DEBUG:colcon.colcon_core.event_handler.log_command:Invoked command in '/home/robo/ros2_dy_ws/src/build/dynamixel_sdk_custom_interfaces' returned '0': CMAKE_PREFIX_PATH=/opt/ros/humble /home/robo/.local/bin/cmake --build /home/robo/ros2_dy_ws/src/build/dynamixel_sdk_custom_interfaces -- -j12 -l12
[4.171s] DEBUG:colcon.colcon_core.event_handler.log_command:Invoking command in '/home/robo/ros2_dy_ws/src/build/dynamixel_sdk_custom_interfaces': CMAKE_PREFIX_PATH=/opt/ros/humble /home/robo/.local/bin/cmake --install /home/robo/ros2_dy_ws/src/build/dynamixel_sdk_custom_interfaces
[4.399s] Level 1:colcon.colcon_core.environment:create_environment_scripts_only(dynamixel_sdk_custom_interfaces)
[4.401s] Level 1:colcon.colcon_core.environment:checking '/home/robo/ros2_dy_ws/src/install/dynamixel_sdk_custom_interfaces' for CMake module files
[4.402s] DEBUG:colcon.colcon_core.event_handler.log_command:Invoked command in '/home/robo/ros2_dy_ws/src/build/dynamixel_sdk_custom_interfaces' returned '0': CMAKE_PREFIX_PATH=/opt/ros/humble /home/robo/.local/bin/cmake --install /home/robo/ros2_dy_ws/src/build/dynamixel_sdk_custom_interfaces
[4.403s] Level 1:colcon.colcon_core.environment:checking '/home/robo/ros2_dy_ws/src/install/dynamixel_sdk_custom_interfaces' for CMake config files
[4.403s] Level 1:colcon.colcon_core.shell:create_environment_hook('dynamixel_sdk_custom_interfaces', 'cmake_prefix_path')
[4.404s] INFO:colcon.colcon_core.shell:Creating environment hook '/home/robo/ros2_dy_ws/src/install/dynamixel_sdk_custom_interfaces/share/dynamixel_sdk_custom_interfaces/hook/cmake_prefix_path.ps1'
[4.405s] INFO:colcon.colcon_core.shell:Creating environment descriptor '/home/robo/ros2_dy_ws/src/install/dynamixel_sdk_custom_interfaces/share/dynamixel_sdk_custom_interfaces/hook/cmake_prefix_path.dsv'
[4.405s] INFO:colcon.colcon_core.shell:Creating environment hook '/home/robo/ros2_dy_ws/src/install/dynamixel_sdk_custom_interfaces/share/dynamixel_sdk_custom_interfaces/hook/cmake_prefix_path.sh'
[4.405s] Level 1:colcon.colcon_core.environment:checking '/home/robo/ros2_dy_ws/src/install/dynamixel_sdk_custom_interfaces/lib'
[4.406s] Level 1:colcon.colcon_core.shell:create_environment_hook('dynamixel_sdk_custom_interfaces', 'ld_library_path_lib')
[4.407s] INFO:colcon.colcon_core.shell:Creating environment hook '/home/robo/ros2_dy_ws/src/install/dynamixel_sdk_custom_interfaces/share/dynamixel_sdk_custom_interfaces/hook/ld_library_path_lib.ps1'
[4.407s] INFO:colcon.colcon_core.shell:Creating environment descriptor '/home/robo/ros2_dy_ws/src/install/dynamixel_sdk_custom_interfaces/share/dynamixel_sdk_custom_interfaces/hook/ld_library_path_lib.dsv'
[4.407s] INFO:colcon.colcon_core.shell:Creating environment hook '/home/robo/ros2_dy_ws/src/install/dynamixel_sdk_custom_interfaces/share/dynamixel_sdk_custom_interfaces/hook/ld_library_path_lib.sh'
[4.408s] Level 1:colcon.colcon_core.environment:checking '/home/robo/ros2_dy_ws/src/install/dynamixel_sdk_custom_interfaces/bin'
[4.408s] Level 1:colcon.colcon_core.environment:checking '/home/robo/ros2_dy_ws/src/install/dynamixel_sdk_custom_interfaces/lib/pkgconfig/dynamixel_sdk_custom_interfaces.pc'
[4.408s] Level 1:colcon.colcon_core.environment:checking '/home/robo/ros2_dy_ws/src/install/dynamixel_sdk_custom_interfaces/lib/python3.10/site-packages'
[4.408s] Level 1:colcon.colcon_core.environment:checking '/home/robo/ros2_dy_ws/src/install/dynamixel_sdk_custom_interfaces/bin'
[4.409s] INFO:colcon.colcon_core.shell:Creating package script '/home/robo/ros2_dy_ws/src/install/dynamixel_sdk_custom_interfaces/share/dynamixel_sdk_custom_interfaces/package.ps1'
[4.410s] INFO:colcon.colcon_core.shell:Creating package descriptor '/home/robo/ros2_dy_ws/src/install/dynamixel_sdk_custom_interfaces/share/dynamixel_sdk_custom_interfaces/package.dsv'
[4.410s] INFO:colcon.colcon_core.shell:Creating package script '/home/robo/ros2_dy_ws/src/install/dynamixel_sdk_custom_interfaces/share/dynamixel_sdk_custom_interfaces/package.sh'
[4.411s] INFO:colcon.colcon_core.shell:Creating package script '/home/robo/ros2_dy_ws/src/install/dynamixel_sdk_custom_interfaces/share/dynamixel_sdk_custom_interfaces/package.bash'
[4.411s] INFO:colcon.colcon_core.shell:Creating package script '/home/robo/ros2_dy_ws/src/install/dynamixel_sdk_custom_interfaces/share/dynamixel_sdk_custom_interfaces/package.zsh'
[4.411s] Level 1:colcon.colcon_core.environment:create_file_with_runtime_dependencies(/home/robo/ros2_dy_ws/src/install/dynamixel_sdk_custom_interfaces/share/colcon-core/packages/dynamixel_sdk_custom_interfaces)
[4.469s] Level 1:colcon.colcon_core.environment:create_environment_scripts_only(dynamixel_sdk_custom_interfaces)
[4.471s] Level 1:colcon.colcon_core.environment:checking '/home/robo/ros2_dy_ws/src/install/dynamixel_sdk_custom_interfaces' for CMake module files
[4.471s] Level 1:colcon.colcon_core.environment:checking '/home/robo/ros2_dy_ws/src/install/dynamixel_sdk_custom_interfaces' for CMake config files
[4.472s] Level 1:colcon.colcon_core.shell:create_environment_hook('dynamixel_sdk_custom_interfaces', 'cmake_prefix_path')
[4.473s] INFO:colcon.colcon_core.shell:Creating environment hook '/home/robo/ros2_dy_ws/src/install/dynamixel_sdk_custom_interfaces/share/dynamixel_sdk_custom_interfaces/hook/cmake_prefix_path.ps1'
[4.474s] INFO:colcon.colcon_core.shell:Creating environment descriptor '/home/robo/ros2_dy_ws/src/install/dynamixel_sdk_custom_interfaces/share/dynamixel_sdk_custom_interfaces/hook/cmake_prefix_path.dsv'
[4.474s] INFO:colcon.colcon_core.shell:Creating environment hook '/home/robo/ros2_dy_ws/src/install/dynamixel_sdk_custom_interfaces/share/dynamixel_sdk_custom_interfaces/hook/cmake_prefix_path.sh'
[4.474s] Level 1:colcon.colcon_core.environment:checking '/home/robo/ros2_dy_ws/src/install/dynamixel_sdk_custom_interfaces/lib'
[4.474s] Level 1:colcon.colcon_core.shell:create_environment_hook('dynamixel_sdk_custom_interfaces', 'ld_library_path_lib')
[4.475s] INFO:colcon.colcon_core.shell:Creating environment hook '/home/robo/ros2_dy_ws/src/install/dynamixel_sdk_custom_interfaces/share/dynamixel_sdk_custom_interfaces/hook/ld_library_path_lib.ps1'
[4.475s] INFO:colcon.colcon_core.shell:Creating environment descriptor '/home/robo/ros2_dy_ws/src/install/dynamixel_sdk_custom_interfaces/share/dynamixel_sdk_custom_interfaces/hook/ld_library_path_lib.dsv'
[4.475s] INFO:colcon.colcon_core.shell:Creating environment hook '/home/robo/ros2_dy_ws/src/install/dynamixel_sdk_custom_interfaces/share/dynamixel_sdk_custom_interfaces/hook/ld_library_path_lib.sh'
[4.475s] Level 1:colcon.colcon_core.environment:checking '/home/robo/ros2_dy_ws/src/install/dynamixel_sdk_custom_interfaces/bin'
[4.475s] Level 1:colcon.colcon_core.environment:checking '/home/robo/ros2_dy_ws/src/install/dynamixel_sdk_custom_interfaces/lib/pkgconfig/dynamixel_sdk_custom_interfaces.pc'
[4.475s] Level 1:colcon.colcon_core.environment:checking '/home/robo/ros2_dy_ws/src/install/dynamixel_sdk_custom_interfaces/lib/python3.10/site-packages'
[4.476s] Level 1:colcon.colcon_core.environment:checking '/home/robo/ros2_dy_ws/src/install/dynamixel_sdk_custom_interfaces/bin'
[4.476s] INFO:colcon.colcon_core.shell:Creating package script '/home/robo/ros2_dy_ws/src/install/dynamixel_sdk_custom_interfaces/share/dynamixel_sdk_custom_interfaces/package.ps1'
[4.477s] INFO:colcon.colcon_core.shell:Creating package descriptor '/home/robo/ros2_dy_ws/src/install/dynamixel_sdk_custom_interfaces/share/dynamixel_sdk_custom_interfaces/package.dsv'
[4.477s] INFO:colcon.colcon_core.shell:Creating package script '/home/robo/ros2_dy_ws/src/install/dynamixel_sdk_custom_interfaces/share/dynamixel_sdk_custom_interfaces/package.sh'
[4.477s] INFO:colcon.colcon_core.shell:Creating package script '/home/robo/ros2_dy_ws/src/install/dynamixel_sdk_custom_interfaces/share/dynamixel_sdk_custom_interfaces/package.bash'
[4.477s] INFO:colcon.colcon_core.shell:Creating package script '/home/robo/ros2_dy_ws/src/install/dynamixel_sdk_custom_interfaces/share/dynamixel_sdk_custom_interfaces/package.zsh'
[4.477s] Level 1:colcon.colcon_core.environment:create_file_with_runtime_dependencies(/home/robo/ros2_dy_ws/src/install/dynamixel_sdk_custom_interfaces/share/colcon-core/packages/dynamixel_sdk_custom_interfaces)
[4.477s] INFO:colcon.colcon_ros.task.ament_cmake.build:Building ROS package in '/home/robo/ros2_dy_ws/src/DynamixelSDK/dynamixel_sdk_examples' with build type 'ament_cmake'
[4.478s] INFO:colcon.colcon_cmake.task.cmake.build:Building CMake package in '/home/robo/ros2_dy_ws/src/DynamixelSDK/dynamixel_sdk_examples'
[4.478s] INFO:colcon.colcon_core.shell:Skip shell extension 'powershell' for command environment: Not usable outside of PowerShell
[4.478s] DEBUG:colcon.colcon_core.shell:Skip shell extension 'dsv' for command environment
[4.485s] DEBUG:colcon.colcon_core.event_handler.log_command:Invoking command in '/home/robo/ros2_dy_ws/src/build/dynamixel_sdk_examples': AMENT_PREFIX_PATH=/home/robo/ros2_dy_ws/src/install/dynamixel_sdk_custom_interfaces:/home/robo/ros2_dy_ws/src/install/dynamixel_sdk:${AMENT_PREFIX_PATH} CMAKE_PREFIX_PATH=/home/robo/ros2_dy_ws/src/install/dynamixel_sdk_custom_interfaces:/home/robo/ros2_dy_ws/src/install/dynamixel_sdk:/opt/ros/humble LD_LIBRARY_PATH=/home/robo/ros2_dy_ws/src/install/dynamixel_sdk_custom_interfaces/lib:/home/robo/ros2_dy_ws/src/install/dynamixel_sdk/lib:${LD_LIBRARY_PATH} PYTHONPATH=/home/robo/ros2_dy_ws/src/install/dynamixel_sdk_custom_interfaces/local/lib/python3.10/dist-packages:${PYTHONPATH} /home/robo/.local/bin/cmake /home/robo/ros2_dy_ws/src/DynamixelSDK/dynamixel_sdk_examples -DAMENT_CMAKE_SYMLINK_INSTALL=1 -DCMAKE_INSTALL_PREFIX=/home/robo/ros2_dy_ws/src/install/dynamixel_sdk_examples
[5.481s] DEBUG:colcon.colcon_core.event_handler.log_command:Invoked command in '/home/robo/ros2_dy_ws/src/build/dynamixel_sdk_examples' returned '0': AMENT_PREFIX_PATH=/home/robo/ros2_dy_ws/src/install/dynamixel_sdk_custom_interfaces:/home/robo/ros2_dy_ws/src/install/dynamixel_sdk:${AMENT_PREFIX_PATH} CMAKE_PREFIX_PATH=/home/robo/ros2_dy_ws/src/install/dynamixel_sdk_custom_interfaces:/home/robo/ros2_dy_ws/src/install/dynamixel_sdk:/opt/ros/humble LD_LIBRARY_PATH=/home/robo/ros2_dy_ws/src/install/dynamixel_sdk_custom_interfaces/lib:/home/robo/ros2_dy_ws/src/install/dynamixel_sdk/lib:${LD_LIBRARY_PATH} PYTHONPATH=/home/robo/ros2_dy_ws/src/install/dynamixel_sdk_custom_interfaces/local/lib/python3.10/dist-packages:${PYTHONPATH} /home/robo/.local/bin/cmake /home/robo/ros2_dy_ws/src/DynamixelSDK/dynamixel_sdk_examples -DAMENT_CMAKE_SYMLINK_INSTALL=1 -DCMAKE_INSTALL_PREFIX=/home/robo/ros2_dy_ws/src/install/dynamixel_sdk_examples
[5.481s] DEBUG:colcon.colcon_core.event_handler.log_command:Invoking command in '/home/robo/ros2_dy_ws/src/build/dynamixel_sdk_examples': AMENT_PREFIX_PATH=/home/robo/ros2_dy_ws/src/install/dynamixel_sdk_custom_interfaces:/home/robo/ros2_dy_ws/src/install/dynamixel_sdk:${AMENT_PREFIX_PATH} CMAKE_PREFIX_PATH=/home/robo/ros2_dy_ws/src/install/dynamixel_sdk_custom_interfaces:/home/robo/ros2_dy_ws/src/install/dynamixel_sdk:/opt/ros/humble LD_LIBRARY_PATH=/home/robo/ros2_dy_ws/src/install/dynamixel_sdk_custom_interfaces/lib:/home/robo/ros2_dy_ws/src/install/dynamixel_sdk/lib:${LD_LIBRARY_PATH} PYTHONPATH=/home/robo/ros2_dy_ws/src/install/dynamixel_sdk_custom_interfaces/local/lib/python3.10/dist-packages:${PYTHONPATH} /home/robo/.local/bin/cmake --build /home/robo/ros2_dy_ws/src/build/dynamixel_sdk_examples -- -j12 -l12
[6.819s] DEBUG:colcon.colcon_core.event_handler.log_command:Invoked command in '/home/robo/ros2_dy_ws/src/build/cpp_pubsub' returned '0': CMAKE_PREFIX_PATH=/opt/ros/humble /home/robo/.local/bin/cmake --build /home/robo/ros2_dy_ws/src/build/cpp_pubsub -- -j12 -l12
[6.848s] DEBUG:colcon.colcon_core.event_handler.log_command:Invoking command in '/home/robo/ros2_dy_ws/src/build/cpp_pubsub': CMAKE_PREFIX_PATH=/opt/ros/humble /home/robo/.local/bin/cmake --install /home/robo/ros2_dy_ws/src/build/cpp_pubsub
[6.897s] Level 1:colcon.colcon_core.environment:create_environment_scripts_only(cpp_pubsub)
[6.899s] Level 1:colcon.colcon_core.environment:checking '/home/robo/ros2_dy_ws/src/install/cpp_pubsub' for CMake module files
[6.899s] DEBUG:colcon.colcon_core.event_handler.log_command:Invoked command in '/home/robo/ros2_dy_ws/src/build/cpp_pubsub' returned '0': CMAKE_PREFIX_PATH=/opt/ros/humble /home/robo/.local/bin/cmake --install /home/robo/ros2_dy_ws/src/build/cpp_pubsub
[6.899s] Level 1:colcon.colcon_core.environment:checking '/home/robo/ros2_dy_ws/src/install/cpp_pubsub' for CMake config files
[6.899s] Level 1:colcon.colcon_core.shell:create_environment_hook('cpp_pubsub', 'cmake_prefix_path')
[6.900s] INFO:colcon.colcon_core.shell:Creating environment hook '/home/robo/ros2_dy_ws/src/install/cpp_pubsub/share/cpp_pubsub/hook/cmake_prefix_path.ps1'
[6.900s] INFO:colcon.colcon_core.shell:Creating environment descriptor '/home/robo/ros2_dy_ws/src/install/cpp_pubsub/share/cpp_pubsub/hook/cmake_prefix_path.dsv'
[6.901s] INFO:colcon.colcon_core.shell:Creating environment hook '/home/robo/ros2_dy_ws/src/install/cpp_pubsub/share/cpp_pubsub/hook/cmake_prefix_path.sh'
[6.901s] Level 1:colcon.colcon_core.environment:checking '/home/robo/ros2_dy_ws/src/install/cpp_pubsub/lib'
[6.901s] Level 1:colcon.colcon_core.environment:checking '/home/robo/ros2_dy_ws/src/install/cpp_pubsub/bin'
[6.901s] Level 1:colcon.colcon_core.environment:checking '/home/robo/ros2_dy_ws/src/install/cpp_pubsub/lib/pkgconfig/cpp_pubsub.pc'
[6.901s] Level 1:colcon.colcon_core.environment:checking '/home/robo/ros2_dy_ws/src/install/cpp_pubsub/lib/python3.10/site-packages'
[6.901s] Level 1:colcon.colcon_core.environment:checking '/home/robo/ros2_dy_ws/src/install/cpp_pubsub/bin'
[6.902s] INFO:colcon.colcon_core.shell:Creating package script '/home/robo/ros2_dy_ws/src/install/cpp_pubsub/share/cpp_pubsub/package.ps1'
[6.902s] INFO:colcon.colcon_core.shell:Creating package descriptor '/home/robo/ros2_dy_ws/src/install/cpp_pubsub/share/cpp_pubsub/package.dsv'
[6.902s] INFO:colcon.colcon_core.shell:Creating package script '/home/robo/ros2_dy_ws/src/install/cpp_pubsub/share/cpp_pubsub/package.sh'
[6.903s] INFO:colcon.colcon_core.shell:Creating package script '/home/robo/ros2_dy_ws/src/install/cpp_pubsub/share/cpp_pubsub/package.bash'
[6.903s] INFO:colcon.colcon_core.shell:Creating package script '/home/robo/ros2_dy_ws/src/install/cpp_pubsub/share/cpp_pubsub/package.zsh'
[6.903s] Level 1:colcon.colcon_core.environment:create_file_with_runtime_dependencies(/home/robo/ros2_dy_ws/src/install/cpp_pubsub/share/colcon-core/packages/cpp_pubsub)
[6.932s] Level 1:colcon.colcon_core.environment:create_environment_scripts_only(cpp_pubsub)
[6.934s] Level 1:colcon.colcon_core.environment:checking '/home/robo/ros2_dy_ws/src/install/cpp_pubsub' for CMake module files
[6.935s] Level 1:colcon.colcon_core.environment:checking '/home/robo/ros2_dy_ws/src/install/cpp_pubsub' for CMake config files
[6.935s] Level 1:colcon.colcon_core.shell:create_environment_hook('cpp_pubsub', 'cmake_prefix_path')
[6.936s] INFO:colcon.colcon_core.shell:Creating environment hook '/home/robo/ros2_dy_ws/src/install/cpp_pubsub/share/cpp_pubsub/hook/cmake_prefix_path.ps1'
[6.936s] INFO:colcon.colcon_core.shell:Creating environment descriptor '/home/robo/ros2_dy_ws/src/install/cpp_pubsub/share/cpp_pubsub/hook/cmake_prefix_path.dsv'
[6.937s] INFO:colcon.colcon_core.shell:Creating environment hook '/home/robo/ros2_dy_ws/src/install/cpp_pubsub/share/cpp_pubsub/hook/cmake_prefix_path.sh'
[6.937s] Level 1:colcon.colcon_core.environment:checking '/home/robo/ros2_dy_ws/src/install/cpp_pubsub/lib'
[6.937s] Level 1:colcon.colcon_core.environment:checking '/home/robo/ros2_dy_ws/src/install/cpp_pubsub/bin'
[6.937s] Level 1:colcon.colcon_core.environment:checking '/home/robo/ros2_dy_ws/src/install/cpp_pubsub/lib/pkgconfig/cpp_pubsub.pc'
[6.938s] Level 1:colcon.colcon_core.environment:checking '/home/robo/ros2_dy_ws/src/install/cpp_pubsub/lib/python3.10/site-packages'
[6.938s] Level 1:colcon.colcon_core.environment:checking '/home/robo/ros2_dy_ws/src/install/cpp_pubsub/bin'
[6.939s] INFO:colcon.colcon_core.shell:Creating package script '/home/robo/ros2_dy_ws/src/install/cpp_pubsub/share/cpp_pubsub/package.ps1'
[6.940s] INFO:colcon.colcon_core.shell:Creating package descriptor '/home/robo/ros2_dy_ws/src/install/cpp_pubsub/share/cpp_pubsub/package.dsv'
[6.940s] INFO:colcon.colcon_core.shell:Creating package script '/home/robo/ros2_dy_ws/src/install/cpp_pubsub/share/cpp_pubsub/package.sh'
[6.940s] INFO:colcon.colcon_core.shell:Creating package script '/home/robo/ros2_dy_ws/src/install/cpp_pubsub/share/cpp_pubsub/package.bash'
[6.941s] INFO:colcon.colcon_core.shell:Creating package script '/home/robo/ros2_dy_ws/src/install/cpp_pubsub/share/cpp_pubsub/package.zsh'
[6.941s] Level 1:colcon.colcon_core.environment:create_file_with_runtime_dependencies(/home/robo/ros2_dy_ws/src/install/cpp_pubsub/share/colcon-core/packages/cpp_pubsub)
[10.516s] DEBUG:colcon.colcon_core.event_handler.log_command:Invoked command in '/home/robo/ros2_dy_ws/src/build/dynamixel_sdk_examples' returned '0': AMENT_PREFIX_PATH=/home/robo/ros2_dy_ws/src/install/dynamixel_sdk_custom_interfaces:/home/robo/ros2_dy_ws/src/install/dynamixel_sdk:${AMENT_PREFIX_PATH} CMAKE_PREFIX_PATH=/home/robo/ros2_dy_ws/src/install/dynamixel_sdk_custom_interfaces:/home/robo/ros2_dy_ws/src/install/dynamixel_sdk:/opt/ros/humble LD_LIBRARY_PATH=/home/robo/ros2_dy_ws/src/install/dynamixel_sdk_custom_interfaces/lib:/home/robo/ros2_dy_ws/src/install/dynamixel_sdk/lib:${LD_LIBRARY_PATH} PYTHONPATH=/home/robo/ros2_dy_ws/src/install/dynamixel_sdk_custom_interfaces/local/lib/python3.10/dist-packages:${PYTHONPATH} /home/robo/.local/bin/cmake --build /home/robo/ros2_dy_ws/src/build/dynamixel_sdk_examples -- -j12 -l12
[10.543s] DEBUG:colcon.colcon_core.event_handler.log_command:Invoking command in '/home/robo/ros2_dy_ws/src/build/dynamixel_sdk_examples': AMENT_PREFIX_PATH=/home/robo/ros2_dy_ws/src/install/dynamixel_sdk_custom_interfaces:/home/robo/ros2_dy_ws/src/install/dynamixel_sdk:${AMENT_PREFIX_PATH} CMAKE_PREFIX_PATH=/home/robo/ros2_dy_ws/src/install/dynamixel_sdk_custom_interfaces:/home/robo/ros2_dy_ws/src/install/dynamixel_sdk:/opt/ros/humble LD_LIBRARY_PATH=/home/robo/ros2_dy_ws/src/install/dynamixel_sdk_custom_interfaces/lib:/home/robo/ros2_dy_ws/src/install/dynamixel_sdk/lib:${LD_LIBRARY_PATH} PYTHONPATH=/home/robo/ros2_dy_ws/src/install/dynamixel_sdk_custom_interfaces/local/lib/python3.10/dist-packages:${PYTHONPATH} /home/robo/.local/bin/cmake --install /home/robo/ros2_dy_ws/src/build/dynamixel_sdk_examples
[10.587s] Level 1:colcon.colcon_core.environment:create_environment_scripts_only(dynamixel_sdk_examples)
[10.589s] Level 1:colcon.colcon_core.environment:checking '/home/robo/ros2_dy_ws/src/install/dynamixel_sdk_examples' for CMake module files
[10.590s] DEBUG:colcon.colcon_core.event_handler.log_command:Invoked command in '/home/robo/ros2_dy_ws/src/build/dynamixel_sdk_examples' returned '0': AMENT_PREFIX_PATH=/home/robo/ros2_dy_ws/src/install/dynamixel_sdk_custom_interfaces:/home/robo/ros2_dy_ws/src/install/dynamixel_sdk:${AMENT_PREFIX_PATH} CMAKE_PREFIX_PATH=/home/robo/ros2_dy_ws/src/install/dynamixel_sdk_custom_interfaces:/home/robo/ros2_dy_ws/src/install/dynamixel_sdk:/opt/ros/humble LD_LIBRARY_PATH=/home/robo/ros2_dy_ws/src/install/dynamixel_sdk_custom_interfaces/lib:/home/robo/ros2_dy_ws/src/install/dynamixel_sdk/lib:${LD_LIBRARY_PATH} PYTHONPATH=/home/robo/ros2_dy_ws/src/install/dynamixel_sdk_custom_interfaces/local/lib/python3.10/dist-packages:${PYTHONPATH} /home/robo/.local/bin/cmake --install /home/robo/ros2_dy_ws/src/build/dynamixel_sdk_examples
[10.590s] Level 1:colcon.colcon_core.environment:checking '/home/robo/ros2_dy_ws/src/install/dynamixel_sdk_examples' for CMake config files
[10.590s] Level 1:colcon.colcon_core.shell:create_environment_hook('dynamixel_sdk_examples', 'cmake_prefix_path')
[10.591s] INFO:colcon.colcon_core.shell:Creating environment hook '/home/robo/ros2_dy_ws/src/install/dynamixel_sdk_examples/share/dynamixel_sdk_examples/hook/cmake_prefix_path.ps1'
[10.591s] INFO:colcon.colcon_core.shell:Creating environment descriptor '/home/robo/ros2_dy_ws/src/install/dynamixel_sdk_examples/share/dynamixel_sdk_examples/hook/cmake_prefix_path.dsv'
[10.591s] INFO:colcon.colcon_core.shell:Creating environment hook '/home/robo/ros2_dy_ws/src/install/dynamixel_sdk_examples/share/dynamixel_sdk_examples/hook/cmake_prefix_path.sh'
[10.591s] Level 1:colcon.colcon_core.environment:checking '/home/robo/ros2_dy_ws/src/install/dynamixel_sdk_examples/lib'
[10.591s] Level 1:colcon.colcon_core.environment:checking '/home/robo/ros2_dy_ws/src/install/dynamixel_sdk_examples/bin'
[10.591s] Level 1:colcon.colcon_core.environment:checking '/home/robo/ros2_dy_ws/src/install/dynamixel_sdk_examples/lib/pkgconfig/dynamixel_sdk_examples.pc'
[10.591s] Level 1:colcon.colcon_core.environment:checking '/home/robo/ros2_dy_ws/src/install/dynamixel_sdk_examples/lib/python3.10/site-packages'
[10.592s] Level 1:colcon.colcon_core.environment:checking '/home/robo/ros2_dy_ws/src/install/dynamixel_sdk_examples/bin'
[10.592s] INFO:colcon.colcon_core.shell:Creating package script '/home/robo/ros2_dy_ws/src/install/dynamixel_sdk_examples/share/dynamixel_sdk_examples/package.ps1'
[10.592s] INFO:colcon.colcon_core.shell:Creating package descriptor '/home/robo/ros2_dy_ws/src/install/dynamixel_sdk_examples/share/dynamixel_sdk_examples/package.dsv'
[10.593s] INFO:colcon.colcon_core.shell:Creating package script '/home/robo/ros2_dy_ws/src/install/dynamixel_sdk_examples/share/dynamixel_sdk_examples/package.sh'
[10.593s] INFO:colcon.colcon_core.shell:Creating package script '/home/robo/ros2_dy_ws/src/install/dynamixel_sdk_examples/share/dynamixel_sdk_examples/package.bash'
[10.593s] INFO:colcon.colcon_core.shell:Creating package script '/home/robo/ros2_dy_ws/src/install/dynamixel_sdk_examples/share/dynamixel_sdk_examples/package.zsh'
[10.593s] Level 1:colcon.colcon_core.environment:create_file_with_runtime_dependencies(/home/robo/ros2_dy_ws/src/install/dynamixel_sdk_examples/share/colcon-core/packages/dynamixel_sdk_examples)
[10.619s] Level 1:colcon.colcon_core.environment:create_environment_scripts_only(dynamixel_sdk_examples)
[10.620s] Level 1:colcon.colcon_core.environment:checking '/home/robo/ros2_dy_ws/src/install/dynamixel_sdk_examples' for CMake module files
[10.620s] Level 1:colcon.colcon_core.environment:checking '/home/robo/ros2_dy_ws/src/install/dynamixel_sdk_examples' for CMake config files
[10.620s] Level 1:colcon.colcon_core.shell:create_environment_hook('dynamixel_sdk_examples', 'cmake_prefix_path')
[10.621s] INFO:colcon.colcon_core.shell:Creating environment hook '/home/robo/ros2_dy_ws/src/install/dynamixel_sdk_examples/share/dynamixel_sdk_examples/hook/cmake_prefix_path.ps1'
[10.621s] INFO:colcon.colcon_core.shell:Creating environment descriptor '/home/robo/ros2_dy_ws/src/install/dynamixel_sdk_examples/share/dynamixel_sdk_examples/hook/cmake_prefix_path.dsv'
[10.621s] INFO:colcon.colcon_core.shell:Creating environment hook '/home/robo/ros2_dy_ws/src/install/dynamixel_sdk_examples/share/dynamixel_sdk_examples/hook/cmake_prefix_path.sh'
[10.622s] Level 1:colcon.colcon_core.environment:checking '/home/robo/ros2_dy_ws/src/install/dynamixel_sdk_examples/lib'
[10.622s] Level 1:colcon.colcon_core.environment:checking '/home/robo/ros2_dy_ws/src/install/dynamixel_sdk_examples/bin'
[10.622s] Level 1:colcon.colcon_core.environment:checking '/home/robo/ros2_dy_ws/src/install/dynamixel_sdk_examples/lib/pkgconfig/dynamixel_sdk_examples.pc'
[10.622s] Level 1:colcon.colcon_core.environment:checking '/home/robo/ros2_dy_ws/src/install/dynamixel_sdk_examples/lib/python3.10/site-packages'
[10.622s] Level 1:colcon.colcon_core.environment:checking '/home/robo/ros2_dy_ws/src/install/dynamixel_sdk_examples/bin'
[10.623s] INFO:colcon.colcon_core.shell:Creating package script '/home/robo/ros2_dy_ws/src/install/dynamixel_sdk_examples/share/dynamixel_sdk_examples/package.ps1'
[10.623s] INFO:colcon.colcon_core.shell:Creating package descriptor '/home/robo/ros2_dy_ws/src/install/dynamixel_sdk_examples/share/dynamixel_sdk_examples/package.dsv'
[10.623s] INFO:colcon.colcon_core.shell:Creating package script '/home/robo/ros2_dy_ws/src/install/dynamixel_sdk_examples/share/dynamixel_sdk_examples/package.sh'
[10.623s] INFO:colcon.colcon_core.shell:Creating package script '/home/robo/ros2_dy_ws/src/install/dynamixel_sdk_examples/share/dynamixel_sdk_examples/package.bash'
[10.624s] INFO:colcon.colcon_core.shell:Creating package script '/home/robo/ros2_dy_ws/src/install/dynamixel_sdk_examples/share/dynamixel_sdk_examples/package.zsh'
[10.624s] Level 1:colcon.colcon_core.environment:create_file_with_runtime_dependencies(/home/robo/ros2_dy_ws/src/install/dynamixel_sdk_examples/share/colcon-core/packages/dynamixel_sdk_examples)
[10.624s] DEBUG:colcon.colcon_parallel_executor.executor.parallel:closing loop
[10.624s] DEBUG:colcon.colcon_parallel_executor.executor.parallel:loop closed
[10.624s] DEBUG:colcon.colcon_parallel_executor.executor.parallel:run_until_complete finished with '0'
[10.624s] DEBUG:colcon.colcon_core.event_reactor:joining thread
[10.630s] INFO:colcon.colcon_core.plugin_system:Skipping extension 'colcon_notification.desktop_notification.terminal_notifier': Not used on non-Darwin systems
[10.631s] INFO:colcon.colcon_core.plugin_system:Skipping extension 'colcon_notification.desktop_notification.win32': Not used on non-Windows systems
[10.631s] INFO:colcon.colcon_notification.desktop_notification:Sending desktop notification using 'notify2'
[10.647s] DEBUG:colcon.colcon_core.event_reactor:joined thread
[10.648s] INFO:colcon.colcon_core.shell:Creating prefix script '/home/robo/ros2_dy_ws/src/install/local_setup.ps1'
[10.648s] INFO:colcon.colcon_core.shell:Creating prefix util module '/home/robo/ros2_dy_ws/src/install/_local_setup_util_ps1.py'
[10.650s] INFO:colcon.colcon_core.shell:Creating prefix chain script '/home/robo/ros2_dy_ws/src/install/setup.ps1'
[10.652s] INFO:colcon.colcon_core.shell:Creating prefix script '/home/robo/ros2_dy_ws/src/install/local_setup.sh'
[10.653s] INFO:colcon.colcon_core.shell:Creating prefix util module '/home/robo/ros2_dy_ws/src/install/_local_setup_util_sh.py'
[10.653s] INFO:colcon.colcon_core.shell:Creating prefix chain script '/home/robo/ros2_dy_ws/src/install/setup.sh'
[10.654s] INFO:colcon.colcon_core.shell:Creating prefix script '/home/robo/ros2_dy_ws/src/install/local_setup.bash'
[10.655s] INFO:colcon.colcon_core.shell:Creating prefix chain script '/home/robo/ros2_dy_ws/src/install/setup.bash'
[10.656s] INFO:colcon.colcon_core.shell:Creating prefix script '/home/robo/ros2_dy_ws/src/install/local_setup.zsh'
[10.656s] INFO:colcon.colcon_core.shell:Creating prefix chain script '/home/robo/ros2_dy_ws/src/install/setup.zsh'
