[0.011s] Invoking command in '/home/robo/ros2_dy_ws/build/cpp_pubsub': CMAKE_PREFIX_PATH=${CMAKE_PREFIX_PATH}:/opt/ros/humble /home/robo/.local/bin/cmake --build /home/robo/ros2_dy_ws/build/cpp_pubsub -- -j12 -l12
[0.049s] [ 50%] Built target talker
[0.049s] [100%] Built target listener
[0.055s] Invoked command in '/home/robo/ros2_dy_ws/build/cpp_pubsub' returned '0': CMAKE_PREFIX_PATH=${CMAKE_PREFIX_PATH}:/opt/ros/humble /home/robo/.local/bin/cmake --build /home/robo/ros2_dy_ws/build/cpp_pubsub -- -j12 -l12
[0.110s] Invoking command in '/home/robo/ros2_dy_ws/build/cpp_pubsub': CMAKE_PREFIX_PATH=${CMAKE_PREFIX_PATH}:/opt/ros/humble /home/robo/.local/bin/cmake --install /home/robo/ros2_dy_ws/build/cpp_pubsub
[0.135s] -- Install configuration: ""
[0.136s] -- Execute custom install script
[0.136s] -- Up-to-date symlink: /home/robo/ros2_dy_ws/install/cpp_pubsub/lib/cpp_pubsub/talker
[0.136s] -- Up-to-date symlink: /home/robo/ros2_dy_ws/install/cpp_pubsub/lib/cpp_pubsub/listener
[0.136s] -- Up-to-date symlink: /home/robo/ros2_dy_ws/install/cpp_pubsub/share/ament_index/resource_index/package_run_dependencies/cpp_pubsub
[0.136s] -- Up-to-date symlink: /home/robo/ros2_dy_ws/install/cpp_pubsub/share/ament_index/resource_index/parent_prefix_path/cpp_pubsub
[0.136s] -- Up-to-date symlink: /home/robo/ros2_dy_ws/install/cpp_pubsub/share/cpp_pubsub/environment/ament_prefix_path.sh
[0.136s] -- Up-to-date symlink: /home/robo/ros2_dy_ws/install/cpp_pubsub/share/cpp_pubsub/environment/ament_prefix_path.dsv
[0.136s] -- Up-to-date symlink: /home/robo/ros2_dy_ws/install/cpp_pubsub/share/cpp_pubsub/environment/path.sh
[0.136s] -- Up-to-date symlink: /home/robo/ros2_dy_ws/install/cpp_pubsub/share/cpp_pubsub/environment/path.dsv
[0.136s] -- Up-to-date symlink: /home/robo/ros2_dy_ws/install/cpp_pubsub/share/cpp_pubsub/local_setup.bash
[0.136s] -- Up-to-date symlink: /home/robo/ros2_dy_ws/install/cpp_pubsub/share/cpp_pubsub/local_setup.sh
[0.136s] -- Up-to-date symlink: /home/robo/ros2_dy_ws/install/cpp_pubsub/share/cpp_pubsub/local_setup.zsh
[0.136s] -- Up-to-date symlink: /home/robo/ros2_dy_ws/install/cpp_pubsub/share/cpp_pubsub/local_setup.dsv
[0.137s] -- Symlinking: /home/robo/ros2_dy_ws/install/cpp_pubsub/share/cpp_pubsub/package.dsv
[0.137s] -- Up-to-date symlink: /home/robo/ros2_dy_ws/install/cpp_pubsub/share/ament_index/resource_index/packages/cpp_pubsub
[0.137s] -- Up-to-date symlink: /home/robo/ros2_dy_ws/install/cpp_pubsub/share/cpp_pubsub/cmake/cpp_pubsubConfig.cmake
[0.138s] -- Up-to-date symlink: /home/robo/ros2_dy_ws/install/cpp_pubsub/share/cpp_pubsub/cmake/cpp_pubsubConfig-version.cmake
[0.138s] -- Up-to-date symlink: /home/robo/ros2_dy_ws/install/cpp_pubsub/share/cpp_pubsub/package.xml
[0.154s] Invoked command in '/home/robo/ros2_dy_ws/build/cpp_pubsub' returned '0': CMAKE_PREFIX_PATH=${CMAKE_PREFIX_PATH}:/opt/ros/humble /home/robo/.local/bin/cmake --install /home/robo/ros2_dy_ws/build/cpp_pubsub
