[ 37%] Built target read_write_node
[ 37%] [32mBuilding CXX object CMakeFiles/set.dir/src/dynamixel_controller_pub.cpp.o[0m
[ 62%] Built target get
[ 87%] Built target controller
[100%] [32m[1mLinking CXX executable set[0m
[100%] Built target set
-- Install configuration: ""
-- Execute custom install script
-- Up-to-date symlink: /home/robo/ros2_dy_ws/install/dynamixel_sdk_examples/lib/dynamixel_sdk_examples/read_write_node
-- Symlinking: /home/robo/ros2_dy_ws/install/dynamixel_sdk_examples/lib/dynamixel_sdk_examples/set
-- Symlinking: /home/robo/ros2_dy_ws/install/dynamixel_sdk_examples/lib/dynamixel_sdk_examples/get
-- Symlinking: /home/robo/ros2_dy_ws/install/dynamixel_sdk_examples/lib/dynamixel_sdk_examples/controller
-- Up-to-date symlink: /home/robo/ros2_dy_ws/install/dynamixel_sdk_examples/share/ament_index/resource_index/package_run_dependencies/dynamixel_sdk_examples
-- Up-to-date symlink: /home/robo/ros2_dy_ws/install/dynamixel_sdk_examples/share/ament_index/resource_index/parent_prefix_path/dynamixel_sdk_examples
-- Up-to-date symlink: /home/robo/ros2_dy_ws/install/dynamixel_sdk_examples/share/dynamixel_sdk_examples/environment/ament_prefix_path.sh
-- Up-to-date symlink: /home/robo/ros2_dy_ws/install/dynamixel_sdk_examples/share/dynamixel_sdk_examples/environment/ament_prefix_path.dsv
-- Up-to-date symlink: /home/robo/ros2_dy_ws/install/dynamixel_sdk_examples/share/dynamixel_sdk_examples/environment/path.sh
-- Up-to-date symlink: /home/robo/ros2_dy_ws/install/dynamixel_sdk_examples/share/dynamixel_sdk_examples/environment/path.dsv
-- Up-to-date symlink: /home/robo/ros2_dy_ws/install/dynamixel_sdk_examples/share/dynamixel_sdk_examples/local_setup.bash
-- Up-to-date symlink: /home/robo/ros2_dy_ws/install/dynamixel_sdk_examples/share/dynamixel_sdk_examples/local_setup.sh
-- Up-to-date symlink: /home/robo/ros2_dy_ws/install/dynamixel_sdk_examples/share/dynamixel_sdk_examples/local_setup.zsh
-- Up-to-date symlink: /home/robo/ros2_dy_ws/install/dynamixel_sdk_examples/share/dynamixel_sdk_examples/local_setup.dsv
-- Symlinking: /home/robo/ros2_dy_ws/install/dynamixel_sdk_examples/share/dynamixel_sdk_examples/package.dsv
-- Up-to-date symlink: /home/robo/ros2_dy_ws/install/dynamixel_sdk_examples/share/ament_index/resource_index/packages/dynamixel_sdk_examples
-- Up-to-date symlink: /home/robo/ros2_dy_ws/install/dynamixel_sdk_examples/share/dynamixel_sdk_examples/cmake/dynamixel_sdk_examplesConfig.cmake
-- Up-to-date symlink: /home/robo/ros2_dy_ws/install/dynamixel_sdk_examples/share/dynamixel_sdk_examples/cmake/dynamixel_sdk_examplesConfig-version.cmake
-- Up-to-date symlink: /home/robo/ros2_dy_ws/install/dynamixel_sdk_examples/share/dynamixel_sdk_examples/package.xml
