[0.010s] Invoking command in '/home/robo/ros2_dy_ws/build/dynamixel_sdk_examples': CMAKE_PREFIX_PATH=/home/robo/ros2_dy_ws/install/dynamixel_sdk_custom_interfaces:/home/robo/ros2_dy_ws/install/dynamixel_sdk:/home/robo/ros2_dy_ws/src/DynamixelSDK/dynamixel_sdk_examples/install/dynamixel_sdk_examples:/home/robo/positionmotor_massi_pkg/install/positionmotor_massi_pkg:/home/robo/lixo/install/dynamixel_sdk_examples:/home/robo/lixo/install/dynamixel_sdk_custom_interfaces:/home/robo/lixo/install/dynamixel_sdk:/home/robo/ros2_dy_ws/install/dynamixel_sdk_examples:/home/robo/ros2_dy_ws/install/cpp_pubsub:/home/robo/ros2_ws/install/turtlesim:/home/robo/ros2_ws/install/positionmotor_massi_pkg:/opt/ros/humble LD_LIBRARY_PATH=/home/robo/ros2_dy_ws/install/dynamixel_sdk_custom_interfaces/lib:/home/robo/ros2_dy_ws/install/dynamixel_sdk/lib:/home/robo/lixo/install/dynamixel_sdk_custom_interfaces/lib:/home/robo/lixo/install/dynamixel_sdk/lib:/home/robo/ros2_ws/install/turtlesim/lib:/opt/ros/humble/opt/rviz_ogre_vendor/lib:/opt/ros/humble/lib/x86_64-linux-gnu:/opt/ros/humble/lib /home/robo/.local/bin/cmake --build /home/robo/ros2_dy_ws/build/dynamixel_sdk_examples -- -j12 -l12
[0.044s] [ 37%] Built target read_write_node
[0.044s] [ 37%] [32mBuilding CXX object CMakeFiles/set.dir/src/dynamixel_controller_pub.cpp.o[0m
[0.045s] [ 62%] Built target get
[0.045s] [ 87%] Built target controller
[2.379s] [100%] [32m[1mLinking CXX executable set[0m
[2.473s] [100%] Built target set
[2.481s] Invoked command in '/home/robo/ros2_dy_ws/build/dynamixel_sdk_examples' returned '0': CMAKE_PREFIX_PATH=/home/robo/ros2_dy_ws/install/dynamixel_sdk_custom_interfaces:/home/robo/ros2_dy_ws/install/dynamixel_sdk:/home/robo/ros2_dy_ws/src/DynamixelSDK/dynamixel_sdk_examples/install/dynamixel_sdk_examples:/home/robo/positionmotor_massi_pkg/install/positionmotor_massi_pkg:/home/robo/lixo/install/dynamixel_sdk_examples:/home/robo/lixo/install/dynamixel_sdk_custom_interfaces:/home/robo/lixo/install/dynamixel_sdk:/home/robo/ros2_dy_ws/install/dynamixel_sdk_examples:/home/robo/ros2_dy_ws/install/cpp_pubsub:/home/robo/ros2_ws/install/turtlesim:/home/robo/ros2_ws/install/positionmotor_massi_pkg:/opt/ros/humble LD_LIBRARY_PATH=/home/robo/ros2_dy_ws/install/dynamixel_sdk_custom_interfaces/lib:/home/robo/ros2_dy_ws/install/dynamixel_sdk/lib:/home/robo/lixo/install/dynamixel_sdk_custom_interfaces/lib:/home/robo/lixo/install/dynamixel_sdk/lib:/home/robo/ros2_ws/install/turtlesim/lib:/opt/ros/humble/opt/rviz_ogre_vendor/lib:/opt/ros/humble/lib/x86_64-linux-gnu:/opt/ros/humble/lib /home/robo/.local/bin/cmake --build /home/robo/ros2_dy_ws/build/dynamixel_sdk_examples -- -j12 -l12
[2.512s] Invoking command in '/home/robo/ros2_dy_ws/build/dynamixel_sdk_examples': CMAKE_PREFIX_PATH=/home/robo/ros2_dy_ws/install/dynamixel_sdk_custom_interfaces:/home/robo/ros2_dy_ws/install/dynamixel_sdk:/home/robo/ros2_dy_ws/src/DynamixelSDK/dynamixel_sdk_examples/install/dynamixel_sdk_examples:/home/robo/positionmotor_massi_pkg/install/positionmotor_massi_pkg:/home/robo/lixo/install/dynamixel_sdk_examples:/home/robo/lixo/install/dynamixel_sdk_custom_interfaces:/home/robo/lixo/install/dynamixel_sdk:/home/robo/ros2_dy_ws/install/dynamixel_sdk_examples:/home/robo/ros2_dy_ws/install/cpp_pubsub:/home/robo/ros2_ws/install/turtlesim:/home/robo/ros2_ws/install/positionmotor_massi_pkg:/opt/ros/humble LD_LIBRARY_PATH=/home/robo/ros2_dy_ws/install/dynamixel_sdk_custom_interfaces/lib:/home/robo/ros2_dy_ws/install/dynamixel_sdk/lib:/home/robo/lixo/install/dynamixel_sdk_custom_interfaces/lib:/home/robo/lixo/install/dynamixel_sdk/lib:/home/robo/ros2_ws/install/turtlesim/lib:/opt/ros/humble/opt/rviz_ogre_vendor/lib:/opt/ros/humble/lib/x86_64-linux-gnu:/opt/ros/humble/lib /home/robo/.local/bin/cmake --install /home/robo/ros2_dy_ws/build/dynamixel_sdk_examples
[2.529s] -- Install configuration: ""
[2.529s] -- Execute custom install script
[2.529s] -- Up-to-date symlink: /home/robo/ros2_dy_ws/install/dynamixel_sdk_examples/lib/dynamixel_sdk_examples/read_write_node
[2.529s] -- Symlinking: /home/robo/ros2_dy_ws/install/dynamixel_sdk_examples/lib/dynamixel_sdk_examples/set
[2.531s] -- Symlinking: /home/robo/ros2_dy_ws/install/dynamixel_sdk_examples/lib/dynamixel_sdk_examples/get
[2.533s] -- Symlinking: /home/robo/ros2_dy_ws/install/dynamixel_sdk_examples/lib/dynamixel_sdk_examples/controller
[2.535s] -- Up-to-date symlink: /home/robo/ros2_dy_ws/install/dynamixel_sdk_examples/share/ament_index/resource_index/package_run_dependencies/dynamixel_sdk_examples
[2.535s] -- Up-to-date symlink: /home/robo/ros2_dy_ws/install/dynamixel_sdk_examples/share/ament_index/resource_index/parent_prefix_path/dynamixel_sdk_examples
[2.535s] -- Up-to-date symlink: /home/robo/ros2_dy_ws/install/dynamixel_sdk_examples/share/dynamixel_sdk_examples/environment/ament_prefix_path.sh
[2.535s] -- Up-to-date symlink: /home/robo/ros2_dy_ws/install/dynamixel_sdk_examples/share/dynamixel_sdk_examples/environment/ament_prefix_path.dsv
[2.535s] -- Up-to-date symlink: /home/robo/ros2_dy_ws/install/dynamixel_sdk_examples/share/dynamixel_sdk_examples/environment/path.sh
[2.535s] -- Up-to-date symlink: /home/robo/ros2_dy_ws/install/dynamixel_sdk_examples/share/dynamixel_sdk_examples/environment/path.dsv
[2.535s] -- Up-to-date symlink: /home/robo/ros2_dy_ws/install/dynamixel_sdk_examples/share/dynamixel_sdk_examples/local_setup.bash
[2.535s] -- Up-to-date symlink: /home/robo/ros2_dy_ws/install/dynamixel_sdk_examples/share/dynamixel_sdk_examples/local_setup.sh
[2.535s] -- Up-to-date symlink: /home/robo/ros2_dy_ws/install/dynamixel_sdk_examples/share/dynamixel_sdk_examples/local_setup.zsh
[2.536s] -- Up-to-date symlink: /home/robo/ros2_dy_ws/install/dynamixel_sdk_examples/share/dynamixel_sdk_examples/local_setup.dsv
[2.536s] -- Symlinking: /home/robo/ros2_dy_ws/install/dynamixel_sdk_examples/share/dynamixel_sdk_examples/package.dsv
[2.537s] -- Up-to-date symlink: /home/robo/ros2_dy_ws/install/dynamixel_sdk_examples/share/ament_index/resource_index/packages/dynamixel_sdk_examples
[2.537s] -- Up-to-date symlink: /home/robo/ros2_dy_ws/install/dynamixel_sdk_examples/share/dynamixel_sdk_examples/cmake/dynamixel_sdk_examplesConfig.cmake
[2.537s] -- Up-to-date symlink: /home/robo/ros2_dy_ws/install/dynamixel_sdk_examples/share/dynamixel_sdk_examples/cmake/dynamixel_sdk_examplesConfig-version.cmake
[2.537s] -- Up-to-date symlink: /home/robo/ros2_dy_ws/install/dynamixel_sdk_examples/share/dynamixel_sdk_examples/package.xml
[2.542s] Invoked command in '/home/robo/ros2_dy_ws/build/dynamixel_sdk_examples' returned '0': CMAKE_PREFIX_PATH=/home/robo/ros2_dy_ws/install/dynamixel_sdk_custom_interfaces:/home/robo/ros2_dy_ws/install/dynamixel_sdk:/home/robo/ros2_dy_ws/src/DynamixelSDK/dynamixel_sdk_examples/install/dynamixel_sdk_examples:/home/robo/positionmotor_massi_pkg/install/positionmotor_massi_pkg:/home/robo/lixo/install/dynamixel_sdk_examples:/home/robo/lixo/install/dynamixel_sdk_custom_interfaces:/home/robo/lixo/install/dynamixel_sdk:/home/robo/ros2_dy_ws/install/dynamixel_sdk_examples:/home/robo/ros2_dy_ws/install/cpp_pubsub:/home/robo/ros2_ws/install/turtlesim:/home/robo/ros2_ws/install/positionmotor_massi_pkg:/opt/ros/humble LD_LIBRARY_PATH=/home/robo/ros2_dy_ws/install/dynamixel_sdk_custom_interfaces/lib:/home/robo/ros2_dy_ws/install/dynamixel_sdk/lib:/home/robo/lixo/install/dynamixel_sdk_custom_interfaces/lib:/home/robo/lixo/install/dynamixel_sdk/lib:/home/robo/ros2_ws/install/turtlesim/lib:/opt/ros/humble/opt/rviz_ogre_vendor/lib:/opt/ros/humble/lib/x86_64-linux-gnu:/opt/ros/humble/lib /home/robo/.local/bin/cmake --install /home/robo/ros2_dy_ws/build/dynamixel_sdk_examples
